LOGGER (Server): Mon Jun 19 16:50:43 CEST 2017 - Server starting ...
LOGGER (Server): Mon Jun 19 16:50:43 CEST 2017 - Notification Service running at 20000 port...
LOGGER (Server): Mon Jun 19 16:51:14 CEST 2017 - Server starting ...
LOGGER (Server): Mon Jun 19 16:51:15 CEST 2017 - Notification Service running at 20000 port...
LOGGER (Server): Mon Jun 19 18:22:42 CEST 2017 - Server starting ...
LOGGER (Server): Mon Jun 19 18:27:53 CEST 2017 - Server starting ...
LOGGER (Client1): Mon Jun 19 18:30:30 CEST 2017 - Client starting ...
LOGGER (Client1): Mon Jun 19 18:31:52 CEST 2017 - Client starting ...
LOGGER (Client1): Mon Jun 19 18:31:53 CEST 2017 - Invoked invitation with username=CIROO
LOGGER (Client1): Mon Jun 19 18:31:54 CEST 2017 - Invoked invitation with username=CIROO
LOGGER (Client1): Mon Jun 19 18:31:56 CEST 2017 - Invoked invitation with username=CIROO
LOGGER (Client1): Mon Jun 19 18:31:57 CEST 2017 - Invoked invitation with username=CIROO
LOGGER (Client1): Mon Jun 19 18:31:59 CEST 2017 - Invoked invitation with username=CIROO
LOGGER (Client1): Mon Jun 19 18:32:00 CEST 2017 - Invoked invitation with username=CIROO
LOGGER (Client1): Mon Jun 19 18:32:02 CEST 2017 - Invoked invitation with username=CIROO
LOGGER (Client1): Mon Jun 19 18:32:03 CEST 2017 - Invoked invitation with username=CIROO
LOGGER (Client1): Mon Jun 19 18:32:05 CEST 2017 - Invoked invitation with username=CIROO
LOGGER (Client1): Mon Jun 19 18:32:06 CEST 2017 - Invoked invitation with username=CIROO
LOGGER (Client1): Mon Jun 19 18:32:08 CEST 2017 - Invoked invitation with username=CIROO
LOGGER (Client1): Mon Jun 19 18:32:09 CEST 2017 - Invoked invitation with username=CIROO
LOGGER (Client1): Mon Jun 19 18:32:11 CEST 2017 - Invoked invitation with username=CIROO
LOGGER (Client1): Mon Jun 19 18:32:12 CEST 2017 - Invoked invitation with username=CIROO
LOGGER (Client1): Mon Jun 19 18:32:14 CEST 2017 - Invoked invitation with username=CIROO
LOGGER (Client1): Mon Jun 19 18:32:15 CEST 2017 - Invoked invitation with username=CIROO
LOGGER (Client1): Mon Jun 19 18:32:17 CEST 2017 - Invoked invitation with username=CIROO
LOGGER (Client1): Mon Jun 19 18:32:18 CEST 2017 - Invoked invitation with username=CIROO
LOGGER (Client1): Mon Jun 19 18:32:20 CEST 2017 - Invoked invitation with username=CIROO
LOGGER (Client1): Mon Jun 19 18:32:21 CEST 2017 - Invoked invitation with username=CIROO
LOGGER (Client1): Mon Jun 19 18:32:23 CEST 2017 - Invoked invitation with username=CIROO
LOGGER (Client1): Mon Jun 19 18:32:25 CEST 2017 - Invoked invitation with username=CIROO
LOGGER (Client1): Mon Jun 19 18:32:26 CEST 2017 - Invoked invitation with username=CIROO
LOGGER (Client1): Mon Jun 19 18:32:28 CEST 2017 - Invoked invitation with username=CIROO
LOGGER (Client1): Mon Jun 19 18:32:29 CEST 2017 - Invoked invitation with username=CIROO
LOGGER (Client1): Mon Jun 19 18:32:31 CEST 2017 - Invoked invitation with username=CIROO
LOGGER (Client1): Mon Jun 19 18:32:32 CEST 2017 - Invoked invitation with username=CIROO
LOGGER (Client1): Mon Jun 19 18:32:34 CEST 2017 - Invoked invitation with username=CIROO
LOGGER (Client1): Mon Jun 19 18:32:35 CEST 2017 - Invoked invitation with username=CIROO
LOGGER (Client1): Mon Jun 19 18:32:37 CEST 2017 - Invoked invitation with username=CIROO
LOGGER (Client1): Mon Jun 19 18:32:38 CEST 2017 - Invoked invitation with username=CIROO
LOGGER (Client1): Mon Jun 19 18:32:40 CEST 2017 - Invoked invitation with username=CIROO
LOGGER (Client1): Mon Jun 19 18:32:41 CEST 2017 - Invoked invitation with username=CIROO
LOGGER (Client1): Mon Jun 19 18:32:43 CEST 2017 - Invoked invitation with username=CIROO
LOGGER (Client1): Mon Jun 19 18:32:44 CEST 2017 - Invoked invitation with username=CIROO
LOGGER (Client1): Mon Jun 19 18:32:46 CEST 2017 - Invoked invitation with username=CIROO
LOGGER (Client1): Mon Jun 19 18:32:47 CEST 2017 - Invoked invitation with username=CIROO
LOGGER (Client1): Mon Jun 19 18:32:49 CEST 2017 - Invoked invitation with username=CIROO
LOGGER (Client1): Mon Jun 19 18:32:50 CEST 2017 - Invoked invitation with username=CIROO
LOGGER (Client1): Mon Jun 19 18:32:52 CEST 2017 - Invoked invitation with username=CIROO
LOGGER (Client1): Mon Jun 19 18:32:53 CEST 2017 - Invoked invitation with username=CIROO
LOGGER (Client1): Mon Jun 19 18:32:55 CEST 2017 - Invoked invitation with username=CIROO
LOGGER (Client1): Mon Jun 19 18:32:56 CEST 2017 - Invoked invitation with username=CIROO
LOGGER (Client1): Mon Jun 19 18:32:58 CEST 2017 - Invoked invitation with username=CIROO
LOGGER (Client1): Mon Jun 19 18:32:59 CEST 2017 - Invoked invitation with username=CIROO
LOGGER (Client1): Mon Jun 19 18:33:01 CEST 2017 - Invoked invitation with username=CIROO
LOGGER (Client1): Mon Jun 19 18:33:02 CEST 2017 - Invoked invitation with username=CIROO
LOGGER (Client1): Mon Jun 19 18:33:04 CEST 2017 - Invoked invitation with username=CIROO
LOGGER (Client1): Mon Jun 19 18:33:05 CEST 2017 - Invoked invitation with username=CIROO
LOGGER (Client1): Mon Jun 19 18:33:07 CEST 2017 - Invoked invitation with username=CIROO
LOGGER (Client1): Mon Jun 19 18:33:08 CEST 2017 - Invoked invitation with username=CIROO
LOGGER (Client1): Mon Jun 19 18:33:10 CEST 2017 - Invoked invitation with username=CIROO
LOGGER (Client1): Mon Jun 19 18:33:11 CEST 2017 - Invoked invitation with username=CIROO
LOGGER (Client1): Mon Jun 19 18:33:13 CEST 2017 - Invoked invitation with username=CIROO
LOGGER (Client1): Mon Jun 19 18:33:14 CEST 2017 - Invoked invitation with username=CIROO
LOGGER (Client1): Mon Jun 19 18:33:16 CEST 2017 - Invoked invitation with username=CIROO
LOGGER (Client1): Mon Jun 19 18:33:17 CEST 2017 - Invoked invitation with username=CIROO
LOGGER (Client1): Mon Jun 19 18:33:19 CEST 2017 - Invoked invitation with username=CIROO
LOGGER (Client1): Mon Jun 19 18:33:20 CEST 2017 - Invoked invitation with username=CIROO
LOGGER (Client1): Mon Jun 19 18:33:22 CEST 2017 - Invoked invitation with username=CIROO
LOGGER (Client1): Mon Jun 19 18:33:23 CEST 2017 - Invoked invitation with username=CIROO
LOGGER (Client1): Mon Jun 19 18:33:25 CEST 2017 - Invoked invitation with username=CIROO
LOGGER (Client1): Mon Jun 19 18:33:26 CEST 2017 - Invoked invitation with username=CIROO
LOGGER (Client1): Mon Jun 19 18:33:28 CEST 2017 - Invoked invitation with username=CIROO
LOGGER (Client1): Mon Jun 19 18:33:29 CEST 2017 - Invoked invitation with username=CIROO
LOGGER (Client1): Mon Jun 19 18:33:31 CEST 2017 - Invoked invitation with username=CIROO
LOGGER (Client1): Mon Jun 19 18:33:32 CEST 2017 - Invoked invitation with username=CIROO
LOGGER (Client1): Mon Jun 19 18:33:34 CEST 2017 - Invoked invitation with username=CIROO
LOGGER (Client1): Mon Jun 19 18:33:35 CEST 2017 - Invoked invitation with username=CIROO
LOGGER (Client1): Mon Jun 19 18:33:37 CEST 2017 - Invoked invitation with username=CIROO
LOGGER (Client1): Mon Jun 19 18:33:38 CEST 2017 - Invoked invitation with username=CIROO
LOGGER (Client1): Mon Jun 19 18:33:40 CEST 2017 - Invoked invitation with username=CIROO
LOGGER (Client1): Mon Jun 19 18:33:41 CEST 2017 - Invoked invitation with username=CIROO
LOGGER (Client1): Mon Jun 19 18:33:43 CEST 2017 - Invoked invitation with username=CIROO
LOGGER (Client1): Mon Jun 19 18:33:44 CEST 2017 - Invoked invitation with username=CIROO
LOGGER (Client1): Mon Jun 19 18:33:46 CEST 2017 - Invoked invitation with username=CIROO
LOGGER (Client1): Mon Jun 19 18:33:47 CEST 2017 - Invoked invitation with username=CIROO
LOGGER (Client1): Mon Jun 19 18:33:49 CEST 2017 - Invoked invitation with username=CIROO
LOGGER (Client1): Mon Jun 19 18:33:50 CEST 2017 - Invoked invitation with username=CIROO
LOGGER (Client1): Mon Jun 19 18:33:52 CEST 2017 - Invoked invitation with username=CIROO
LOGGER (Client1): Mon Jun 19 18:33:53 CEST 2017 - Invoked invitation with username=CIROO
LOGGER (Client1): Mon Jun 19 18:33:55 CEST 2017 - Invoked invitation with username=CIROO
LOGGER (Client1): Mon Jun 19 18:33:56 CEST 2017 - Invoked invitation with username=CIROO
LOGGER (Client1): Mon Jun 19 18:33:58 CEST 2017 - Invoked invitation with username=CIROO
LOGGER (Client1): Mon Jun 19 18:33:59 CEST 2017 - Invoked invitation with username=CIROO
LOGGER (Client1): Mon Jun 19 18:34:01 CEST 2017 - Invoked invitation with username=CIROO
LOGGER (Client1): Mon Jun 19 18:34:02 CEST 2017 - Invoked invitation with username=CIROO
LOGGER (Client1): Mon Jun 19 18:34:04 CEST 2017 - Invoked invitation with username=CIROO
LOGGER (Client1): Mon Jun 19 18:34:05 CEST 2017 - Invoked invitation with username=CIROO
LOGGER (Client1): Mon Jun 19 18:34:07 CEST 2017 - Invoked invitation with username=CIROO
LOGGER (Client1): Mon Jun 19 18:34:08 CEST 2017 - Invoked invitation with username=CIROO
LOGGER (Client1): Mon Jun 19 18:34:10 CEST 2017 - Invoked invitation with username=CIROO
LOGGER (Client1): Mon Jun 19 18:34:11 CEST 2017 - Invoked invitation with username=CIROO
LOGGER (Client1): Mon Jun 19 18:34:13 CEST 2017 - Invoked invitation with username=CIROO
LOGGER (Client1): Mon Jun 19 18:34:14 CEST 2017 - Invoked invitation with username=CIROO
LOGGER (Client1): Mon Jun 19 18:34:16 CEST 2017 - Invoked invitation with username=CIROO
LOGGER (Client1): Mon Jun 19 18:34:17 CEST 2017 - Invoked invitation with username=CIROO
LOGGER (Client1): Mon Jun 19 18:34:19 CEST 2017 - Invoked invitation with username=CIROO
LOGGER (Client1): Mon Jun 19 18:34:20 CEST 2017 - Invoked invitation with username=CIROO
LOGGER (Client1): Mon Jun 19 18:34:22 CEST 2017 - Invoked invitation with username=CIROO
LOGGER (Client1): Mon Jun 19 18:34:23 CEST 2017 - Invoked invitation with username=CIROO
LOGGER (Client1): Mon Jun 19 18:34:25 CEST 2017 - Invoked invitation with username=CIROO
LOGGER (Client1): Mon Jun 19 18:34:26 CEST 2017 - Invoked invitation with username=CIROO
LOGGER (Client1): Mon Jun 19 18:34:28 CEST 2017 - Invoked invitation with username=CIROO
LOGGER (Client1): Mon Jun 19 18:34:29 CEST 2017 - Invoked invitation with username=CIROO
LOGGER (Client1): Mon Jun 19 18:34:31 CEST 2017 - Invoked invitation with username=CIROO
LOGGER (Client1): Mon Jun 19 18:34:32 CEST 2017 - Invoked invitation with username=CIROO
LOGGER (Client1): Mon Jun 19 18:34:34 CEST 2017 - Invoked invitation with username=CIROO
LOGGER (Client1): Mon Jun 19 18:34:35 CEST 2017 - Invoked invitation with username=CIROO
LOGGER (Client1): Mon Jun 19 18:34:37 CEST 2017 - Invoked invitation with username=CIROO
LOGGER (Client1): Mon Jun 19 18:34:38 CEST 2017 - Invoked invitation with username=CIROO
LOGGER (Client1): Mon Jun 19 18:34:40 CEST 2017 - Invoked invitation with username=CIROO
LOGGER (Client1): Mon Jun 19 18:34:41 CEST 2017 - Invoked invitation with username=CIROO
LOGGER (Client1): Mon Jun 19 18:34:43 CEST 2017 - Invoked invitation with username=CIROO
LOGGER (Client1): Mon Jun 19 18:34:44 CEST 2017 - Invoked invitation with username=CIROO
LOGGER (Client1): Mon Jun 19 18:34:46 CEST 2017 - Invoked invitation with username=CIROO
LOGGER (Client1): Mon Jun 19 18:34:47 CEST 2017 - Invoked invitation with username=CIROO
LOGGER (Client1): Mon Jun 19 18:34:49 CEST 2017 - Invoked invitation with username=CIROO
LOGGER (Client1): Mon Jun 19 18:34:50 CEST 2017 - Invoked invitation with username=CIROO
LOGGER (Client1): Mon Jun 19 18:34:52 CEST 2017 - Invoked invitation with username=CIROO
LOGGER (Client1): Mon Jun 19 18:34:53 CEST 2017 - Invoked invitation with username=CIROO
LOGGER (Client1): Mon Jun 19 18:34:55 CEST 2017 - Invoked invitation with username=CIROO
LOGGER (Client1): Mon Jun 19 18:34:56 CEST 2017 - Invoked invitation with username=CIROO
LOGGER (Client1): Mon Jun 19 18:34:58 CEST 2017 - Invoked invitation with username=CIROO
LOGGER (Client1): Mon Jun 19 18:34:59 CEST 2017 - Invoked invitation with username=CIROO
LOGGER (Client1): Mon Jun 19 18:35:01 CEST 2017 - Invoked invitation with username=CIROO
LOGGER (Client1): Mon Jun 19 18:35:03 CEST 2017 - Invoked invitation with username=CIROO
LOGGER (Client1): Mon Jun 19 18:35:04 CEST 2017 - Invoked invitation with username=CIROO
LOGGER (Client1): Mon Jun 19 18:35:06 CEST 2017 - Invoked invitation with username=CIROO
LOGGER (Client1): Mon Jun 19 18:35:07 CEST 2017 - Invoked invitation with username=CIROO
LOGGER (Client1): Mon Jun 19 18:35:09 CEST 2017 - Invoked invitation with username=CIROO
LOGGER (Client1): Mon Jun 19 18:35:10 CEST 2017 - Invoked invitation with username=CIROO
LOGGER (Client1): Mon Jun 19 18:35:12 CEST 2017 - Invoked invitation with username=CIROO
LOGGER (Client1): Mon Jun 19 18:35:13 CEST 2017 - Invoked invitation with username=CIROO
LOGGER (Client1): Mon Jun 19 18:35:15 CEST 2017 - Invoked invitation with username=CIROO
LOGGER (Client1): Mon Jun 19 18:35:16 CEST 2017 - Invoked invitation with username=CIROO
LOGGER (Client1): Mon Jun 19 18:35:18 CEST 2017 - Invoked invitation with username=CIROO
LOGGER (Client1): Mon Jun 19 18:35:19 CEST 2017 - Invoked invitation with username=CIROO
LOGGER (Client1): Mon Jun 19 18:35:21 CEST 2017 - Invoked invitation with username=CIROO
LOGGER (Client1): Mon Jun 19 18:35:22 CEST 2017 - Invoked invitation with username=CIROO
LOGGER (Client1): Mon Jun 19 18:35:24 CEST 2017 - Invoked invitation with username=CIROO
LOGGER (Client1): Mon Jun 19 18:35:25 CEST 2017 - Invoked invitation with username=CIROO
LOGGER (Client1): Mon Jun 19 18:35:27 CEST 2017 - Invoked invitation with username=CIROO
LOGGER (Client1): Mon Jun 19 18:35:28 CEST 2017 - Invoked invitation with username=CIROO
LOGGER (Client1): Mon Jun 19 18:35:30 CEST 2017 - Invoked invitation with username=CIROO
LOGGER (Client1): Mon Jun 19 18:35:31 CEST 2017 - Invoked invitation with username=CIROO
LOGGER (Client1): Mon Jun 19 18:35:33 CEST 2017 - Invoked invitation with username=CIROO
LOGGER (Client1): Mon Jun 19 18:35:34 CEST 2017 - Invoked invitation with username=CIROO
LOGGER (Client1): Mon Jun 19 18:35:36 CEST 2017 - Invoked invitation with username=CIROO
LOGGER (Client1): Mon Jun 19 18:35:37 CEST 2017 - Invoked invitation with username=CIROO
LOGGER (Client1): Mon Jun 19 18:35:39 CEST 2017 - Invoked invitation with username=CIROO
LOGGER (Client1): Mon Jun 19 18:35:40 CEST 2017 - Invoked invitation with username=CIROO
LOGGER (Client1): Mon Jun 19 18:35:42 CEST 2017 - Invoked invitation with username=CIROO
LOGGER (Client1): Mon Jun 19 18:35:43 CEST 2017 - Invoked invitation with username=CIROO
LOGGER (Client1): Mon Jun 19 18:35:45 CEST 2017 - Invoked invitation with username=CIROO
LOGGER (Client1): Mon Jun 19 18:35:46 CEST 2017 - Invoked invitation with username=CIROO
LOGGER (Client1): Mon Jun 19 18:35:48 CEST 2017 - Invoked invitation with username=CIROO
LOGGER (Client1): Mon Jun 19 18:35:49 CEST 2017 - Invoked invitation with username=CIROO
LOGGER (Client1): Mon Jun 19 18:35:51 CEST 2017 - Invoked invitation with username=CIROO
LOGGER (Client1): Mon Jun 19 18:35:52 CEST 2017 - Invoked invitation with username=CIROO
LOGGER (Client1): Mon Jun 19 18:35:54 CEST 2017 - Invoked invitation with username=CIROO
LOGGER (Client1): Mon Jun 19 18:35:55 CEST 2017 - Invoked invitation with username=CIROO
LOGGER (Client1): Mon Jun 19 18:35:57 CEST 2017 - Invoked invitation with username=CIROO
LOGGER (Client1): Mon Jun 19 18:35:58 CEST 2017 - Invoked invitation with username=CIROO
LOGGER (Client1): Mon Jun 19 18:36:00 CEST 2017 - Invoked invitation with username=CIROO
LOGGER (Client1): Mon Jun 19 18:36:01 CEST 2017 - Invoked invitation with username=CIROO
LOGGER (Client1): Mon Jun 19 18:36:03 CEST 2017 - Invoked invitation with username=CIROO
LOGGER (Client1): Mon Jun 19 18:36:04 CEST 2017 - Invoked invitation with username=CIROO
LOGGER (Client1): Mon Jun 19 18:36:06 CEST 2017 - Invoked invitation with username=CIROO
LOGGER (Client1): Mon Jun 19 18:36:07 CEST 2017 - Invoked invitation with username=CIROO
LOGGER (Client1): Mon Jun 19 18:36:09 CEST 2017 - Invoked invitation with username=CIROO
LOGGER (Client1): Mon Jun 19 18:36:11 CEST 2017 - Invoked invitation with username=CIROO
LOGGER (Client1): Mon Jun 19 18:36:12 CEST 2017 - Invoked invitation with username=CIROO
LOGGER (Client1): Mon Jun 19 18:36:14 CEST 2017 - Invoked invitation with username=CIROO
LOGGER (Client1): Mon Jun 19 18:36:15 CEST 2017 - Invoked invitation with username=CIROO
LOGGER (Client1): Mon Jun 19 18:36:17 CEST 2017 - Invoked invitation with username=CIROO
LOGGER (Client1): Mon Jun 19 18:36:18 CEST 2017 - Invoked invitation with username=CIROO
LOGGER (Client1): Mon Jun 19 18:36:20 CEST 2017 - Invoked invitation with username=CIROO
LOGGER (Client1): Mon Jun 19 18:36:21 CEST 2017 - Invoked invitation with username=CIROO
LOGGER (Client1): Mon Jun 19 18:36:23 CEST 2017 - Invoked invitation with username=CIROO
LOGGER (Client1): Mon Jun 19 18:36:24 CEST 2017 - Invoked invitation with username=CIROO
LOGGER (Client1): Mon Jun 19 18:36:26 CEST 2017 - Invoked invitation with username=CIROO
LOGGER (Client1): Mon Jun 19 18:36:27 CEST 2017 - Invoked invitation with username=CIROO
LOGGER (Client1): Mon Jun 19 18:36:29 CEST 2017 - Invoked invitation with username=CIROO
LOGGER (Client1): Mon Jun 19 18:36:30 CEST 2017 - Invoked invitation with username=CIROO
LOGGER (Client1): Mon Jun 19 18:36:32 CEST 2017 - Invoked invitation with username=CIROO
LOGGER (Client1): Mon Jun 19 18:36:33 CEST 2017 - Invoked invitation with username=CIROO
LOGGER (Client1): Mon Jun 19 18:36:35 CEST 2017 - Invoked invitation with username=CIROO
LOGGER (Client1): Mon Jun 19 18:36:36 CEST 2017 - Invoked invitation with username=CIROO
LOGGER (Client1): Mon Jun 19 18:36:38 CEST 2017 - Invoked invitation with username=CIROO
LOGGER (Client1): Mon Jun 19 18:36:39 CEST 2017 - Invoked invitation with username=CIROO
LOGGER (Client1): Mon Jun 19 18:36:41 CEST 2017 - Invoked invitation with username=CIROO
LOGGER (Client1): Mon Jun 19 18:36:42 CEST 2017 - Invoked invitation with username=CIROO
LOGGER (Client1): Mon Jun 19 18:36:44 CEST 2017 - Invoked invitation with username=CIROO
LOGGER (Client1): Mon Jun 19 18:36:45 CEST 2017 - Invoked invitation with username=CIROO
LOGGER (Client1): Mon Jun 19 18:36:47 CEST 2017 - Invoked invitation with username=CIROO
LOGGER (Client1): Mon Jun 19 18:36:48 CEST 2017 - Invoked invitation with username=CIROO
LOGGER (Client1): Mon Jun 19 18:36:50 CEST 2017 - Invoked invitation with username=CIROO
LOGGER (Client1): Mon Jun 19 18:36:51 CEST 2017 - Invoked invitation with username=CIROO
LOGGER (Client1): Mon Jun 19 18:36:53 CEST 2017 - Invoked invitation with username=CIROO
LOGGER (Client1): Mon Jun 19 18:36:54 CEST 2017 - Invoked invitation with username=CIROO
LOGGER (Client1): Mon Jun 19 18:36:56 CEST 2017 - Invoked invitation with username=CIROO
LOGGER (Client1): Mon Jun 19 18:36:58 CEST 2017 - Invoked invitation with username=CIROO
LOGGER (Client1): Mon Jun 19 18:36:59 CEST 2017 - Invoked invitation with username=CIROO
LOGGER (Client1): Mon Jun 19 18:37:01 CEST 2017 - Invoked invitation with username=CIROO
LOGGER (Client1): Mon Jun 19 18:37:02 CEST 2017 - Invoked invitation with username=CIROO
LOGGER (Client1): Mon Jun 19 18:37:04 CEST 2017 - Invoked invitation with username=CIROO
LOGGER (Client1): Mon Jun 19 18:37:05 CEST 2017 - Invoked invitation with username=CIROO
LOGGER (Client1): Mon Jun 19 18:37:07 CEST 2017 - Invoked invitation with username=CIROO
LOGGER (Client1): Mon Jun 19 18:37:08 CEST 2017 - Invoked invitation with username=CIROO
LOGGER (Client1): Mon Jun 19 18:37:10 CEST 2017 - Invoked invitation with username=CIROO
LOGGER (Client1): Mon Jun 19 18:37:11 CEST 2017 - Invoked invitation with username=CIROO
LOGGER (Client1): Mon Jun 19 18:37:13 CEST 2017 - Invoked invitation with username=CIROO
LOGGER (Client1): Mon Jun 19 18:37:14 CEST 2017 - Invoked invitation with username=CIROO
LOGGER (Client1): Mon Jun 19 18:37:16 CEST 2017 - Invoked invitation with username=CIROO
LOGGER (Client1): Mon Jun 19 18:37:17 CEST 2017 - Invoked invitation with username=CIROO
LOGGER (Client1): Mon Jun 19 18:37:19 CEST 2017 - Invoked invitation with username=CIROO
LOGGER (Client1): Mon Jun 19 18:37:20 CEST 2017 - Invoked invitation with username=CIROO
LOGGER (Client1): Mon Jun 19 18:37:22 CEST 2017 - Invoked invitation with username=CIROO
LOGGER (Client1): Mon Jun 19 18:37:23 CEST 2017 - Invoked invitation with username=CIROO
LOGGER (Client1): Mon Jun 19 18:37:25 CEST 2017 - Invoked invitation with username=CIROO
LOGGER (Client1): Mon Jun 19 18:37:26 CEST 2017 - Invoked invitation with username=CIROO
LOGGER (Client1): Mon Jun 19 18:37:28 CEST 2017 - Invoked invitation with username=CIROO
LOGGER (Client1): Mon Jun 19 18:37:29 CEST 2017 - Invoked invitation with username=CIROO
LOGGER (Client1): Mon Jun 19 18:37:31 CEST 2017 - Invoked invitation with username=CIROO
LOGGER (Client1): Mon Jun 19 18:37:32 CEST 2017 - Invoked invitation with username=CIROO
LOGGER (Client1): Mon Jun 19 18:37:34 CEST 2017 - Invoked invitation with username=CIROO
LOGGER (Client1): Mon Jun 19 18:37:35 CEST 2017 - Invoked invitation with username=CIROO
LOGGER (Client1): Mon Jun 19 18:37:37 CEST 2017 - Invoked invitation with username=CIROO
LOGGER (Client1): Mon Jun 19 18:37:38 CEST 2017 - Invoked invitation with username=CIROO
LOGGER (Client1): Mon Jun 19 18:37:40 CEST 2017 - Invoked invitation with username=CIROO
LOGGER (Client1): Mon Jun 19 18:37:41 CEST 2017 - Invoked invitation with username=CIROO
LOGGER (Client1): Mon Jun 19 18:37:43 CEST 2017 - Invoked invitation with username=CIROO
LOGGER (Client1): Mon Jun 19 18:37:44 CEST 2017 - Invoked invitation with username=CIROO
LOGGER (Client1): Mon Jun 19 18:37:46 CEST 2017 - Invoked invitation with username=CIROO
LOGGER (Client1): Mon Jun 19 18:37:48 CEST 2017 - Invoked invitation with username=CIROO
LOGGER (Client1): Mon Jun 19 18:37:49 CEST 2017 - Invoked invitation with username=CIROO
LOGGER (Client1): Mon Jun 19 18:37:51 CEST 2017 - Invoked invitation with username=CIROO
LOGGER (Client1): Mon Jun 19 18:37:52 CEST 2017 - Invoked invitation with username=CIROO
LOGGER (Client1): Mon Jun 19 18:37:54 CEST 2017 - Invoked invitation with username=CIROO
LOGGER (Client1): Mon Jun 19 18:37:55 CEST 2017 - Invoked invitation with username=CIROO
LOGGER (Client1): Mon Jun 19 18:37:57 CEST 2017 - Invoked invitation with username=CIROO
LOGGER (Client1): Mon Jun 19 18:37:58 CEST 2017 - Invoked invitation with username=CIROO
LOGGER (Client1): Mon Jun 19 18:38:00 CEST 2017 - Invoked invitation with username=CIROO
LOGGER (Client1): Mon Jun 19 18:38:01 CEST 2017 - Invoked invitation with username=CIROO
LOGGER (Client1): Mon Jun 19 18:38:03 CEST 2017 - Invoked invitation with username=CIROO
LOGGER (Client1): Mon Jun 19 18:38:04 CEST 2017 - Invoked invitation with username=CIROO
LOGGER (Client1): Mon Jun 19 18:38:06 CEST 2017 - Invoked invitation with username=CIROO
LOGGER (Client1): Mon Jun 19 18:38:07 CEST 2017 - Invoked invitation with username=CIROO
LOGGER (Client1): Mon Jun 19 18:38:09 CEST 2017 - Invoked invitation with username=CIROO
LOGGER (Client1): Mon Jun 19 18:38:10 CEST 2017 - Invoked invitation with username=CIROO
LOGGER (Client1): Mon Jun 19 18:38:12 CEST 2017 - Invoked invitation with username=CIROO
LOGGER (Client1): Mon Jun 19 18:38:13 CEST 2017 - Invoked invitation with username=CIROO
LOGGER (Client1): Mon Jun 19 18:38:15 CEST 2017 - Invoked invitation with username=CIROO
LOGGER (Client1): Mon Jun 19 18:38:16 CEST 2017 - Invoked invitation with username=CIROO
LOGGER (Client1): Mon Jun 19 18:38:18 CEST 2017 - Invoked invitation with username=CIROO
LOGGER (Client1): Mon Jun 19 18:38:19 CEST 2017 - Invoked invitation with username=CIROO
LOGGER (Client1): Mon Jun 19 18:38:21 CEST 2017 - Invoked invitation with username=CIROO
LOGGER (Client1): Mon Jun 19 18:38:22 CEST 2017 - Invoked invitation with username=CIROO
LOGGER (Client1): Mon Jun 19 18:38:24 CEST 2017 - Invoked invitation with username=CIROO
LOGGER (Client1): Mon Jun 19 18:38:25 CEST 2017 - Invoked invitation with username=CIROO
LOGGER (Client1): Mon Jun 19 18:38:27 CEST 2017 - Invoked invitation with username=CIROO
LOGGER (Client1): Mon Jun 19 18:38:29 CEST 2017 - Invoked invitation with username=CIROO
LOGGER (Client1): Mon Jun 19 18:38:30 CEST 2017 - Invoked invitation with username=CIROO
LOGGER (Client1): Mon Jun 19 18:38:32 CEST 2017 - Invoked invitation with username=CIROO
LOGGER (Client1): Mon Jun 19 18:38:33 CEST 2017 - Invoked invitation with username=CIROO
LOGGER (Client1): Mon Jun 19 18:38:35 CEST 2017 - Invoked invitation with username=CIROO
LOGGER (Client1): Mon Jun 19 18:38:36 CEST 2017 - Invoked invitation with username=CIROO
LOGGER (Client1): Mon Jun 19 18:38:38 CEST 2017 - Invoked invitation with username=CIROO
LOGGER (Client1): Mon Jun 19 18:38:39 CEST 2017 - Invoked invitation with username=CIROO
LOGGER (Client1): Mon Jun 19 18:38:41 CEST 2017 - Invoked invitation with username=CIROO
LOGGER (Client1): Mon Jun 19 18:38:42 CEST 2017 - Invoked invitation with username=CIROO
LOGGER (Client1): Mon Jun 19 18:38:44 CEST 2017 - Invoked invitation with username=CIROO
LOGGER (Client1): Mon Jun 19 18:38:45 CEST 2017 - Invoked invitation with username=CIROO
LOGGER (Client1): Mon Jun 19 18:38:47 CEST 2017 - Invoked invitation with username=CIROO
LOGGER (Client1): Mon Jun 19 18:38:48 CEST 2017 - Invoked invitation with username=CIROO
LOGGER (Client1): Mon Jun 19 18:38:50 CEST 2017 - Invoked invitation with username=CIROO
LOGGER (Client1): Mon Jun 19 18:38:51 CEST 2017 - Invoked invitation with username=CIROO
LOGGER (Client1): Mon Jun 19 18:38:53 CEST 2017 - Invoked invitation with username=CIROO
LOGGER (Client1): Mon Jun 19 18:38:54 CEST 2017 - Invoked invitation with username=CIROO
LOGGER (Client1): Mon Jun 19 18:38:56 CEST 2017 - Invoked invitation with username=CIROO
LOGGER (Client1): Mon Jun 19 18:38:57 CEST 2017 - Invoked invitation with username=CIROO
LOGGER (Client1): Mon Jun 19 18:38:59 CEST 2017 - Invoked invitation with username=CIROO
LOGGER (Client1): Mon Jun 19 18:39:00 CEST 2017 - Invoked invitation with username=CIROO
LOGGER (Client1): Mon Jun 19 18:39:02 CEST 2017 - Invoked invitation with username=CIROO
LOGGER (Client1): Mon Jun 19 18:39:03 CEST 2017 - Invoked invitation with username=CIROO
LOGGER (Client1): Mon Jun 19 18:39:05 CEST 2017 - Invoked invitation with username=CIROO
LOGGER (Client1): Mon Jun 19 18:39:06 CEST 2017 - Invoked invitation with username=CIROO
LOGGER (Client1): Mon Jun 19 18:39:08 CEST 2017 - Invoked invitation with username=CIROO
LOGGER (Client1): Mon Jun 19 18:39:09 CEST 2017 - Invoked invitation with username=CIROO
LOGGER (Client1): Mon Jun 19 18:39:11 CEST 2017 - Invoked invitation with username=CIROO
LOGGER (Client1): Mon Jun 19 18:39:12 CEST 2017 - Invoked invitation with username=CIROO
LOGGER (Client1): Mon Jun 19 18:39:14 CEST 2017 - Invoked invitation with username=CIROO
LOGGER (Client1): Mon Jun 19 18:39:16 CEST 2017 - Invoked invitation with username=CIROO
LOGGER (Client1): Mon Jun 19 18:39:17 CEST 2017 - Invoked invitation with username=CIROO
LOGGER (Client1): Mon Jun 19 18:39:19 CEST 2017 - Invoked invitation with username=CIROO
LOGGER (Client1): Mon Jun 19 18:39:20 CEST 2017 - Invoked invitation with username=CIROO
LOGGER (Client1): Mon Jun 19 18:39:22 CEST 2017 - Invoked invitation with username=CIROO
LOGGER (Client1): Mon Jun 19 18:39:23 CEST 2017 - Invoked invitation with username=CIROO
LOGGER (Client1): Mon Jun 19 18:39:25 CEST 2017 - Invoked invitation with username=CIROO
LOGGER (Client1): Mon Jun 19 18:39:26 CEST 2017 - Invoked invitation with username=CIROO
LOGGER (Client1): Mon Jun 19 18:39:28 CEST 2017 - Invoked invitation with username=CIROO
LOGGER (Client1): Mon Jun 19 18:39:29 CEST 2017 - Invoked invitation with username=CIROO
LOGGER (Client1): Mon Jun 19 18:39:31 CEST 2017 - Invoked invitation with username=CIROO
LOGGER (Client1): Mon Jun 19 18:39:32 CEST 2017 - Invoked invitation with username=CIROO
LOGGER (Client1): Mon Jun 19 18:39:34 CEST 2017 - Invoked invitation with username=CIROO
LOGGER (Client1): Mon Jun 19 18:39:35 CEST 2017 - Invoked invitation with username=CIROO
LOGGER (Client1): Mon Jun 19 18:39:37 CEST 2017 - Invoked invitation with username=CIROO
LOGGER (Client1): Mon Jun 19 18:39:38 CEST 2017 - Invoked invitation with username=CIROO
LOGGER (Client1): Mon Jun 19 18:39:40 CEST 2017 - Invoked invitation with username=CIROO
LOGGER (Client1): Mon Jun 19 18:39:41 CEST 2017 - Invoked invitation with username=CIROO
LOGGER (Client1): Mon Jun 19 18:39:43 CEST 2017 - Invoked invitation with username=CIROO
LOGGER (Client1): Mon Jun 19 18:39:44 CEST 2017 - Invoked invitation with username=CIROO
LOGGER (Client1): Mon Jun 19 18:39:46 CEST 2017 - Invoked invitation with username=CIROO
LOGGER (Client1): Mon Jun 19 18:39:47 CEST 2017 - Invoked invitation with username=CIROO
LOGGER (Client1): Mon Jun 19 18:39:49 CEST 2017 - Invoked invitation with username=CIROO
LOGGER (Client1): Mon Jun 19 18:39:50 CEST 2017 - Invoked invitation with username=CIROO
LOGGER (Client1): Mon Jun 19 18:39:52 CEST 2017 - Invoked invitation with username=CIROO
LOGGER (Client1): Mon Jun 19 18:39:53 CEST 2017 - Invoked invitation with username=CIROO
LOGGER (Client1): Mon Jun 19 18:39:55 CEST 2017 - Invoked invitation with username=CIROO
LOGGER (Client1): Mon Jun 19 18:39:56 CEST 2017 - Invoked invitation with username=CIROO
LOGGER (Client1): Mon Jun 19 18:39:58 CEST 2017 - Invoked invitation with username=CIROO
LOGGER (Client1): Mon Jun 19 18:39:59 CEST 2017 - Invoked invitation with username=CIROO
LOGGER (Client1): Mon Jun 19 18:40:01 CEST 2017 - Invoked invitation with username=CIROO
LOGGER (Client1): Mon Jun 19 18:40:02 CEST 2017 - Invoked invitation with username=CIROO
LOGGER (Client1): Mon Jun 19 18:40:04 CEST 2017 - Invoked invitation with username=CIROO
LOGGER (Client1): Mon Jun 19 18:40:05 CEST 2017 - Invoked invitation with username=CIROO
LOGGER (Client1): Mon Jun 19 18:40:07 CEST 2017 - Invoked invitation with username=CIROO
LOGGER (Client1): Mon Jun 19 18:40:08 CEST 2017 - Invoked invitation with username=CIROO
LOGGER (Client1): Mon Jun 19 18:40:10 CEST 2017 - Invoked invitation with username=CIROO
LOGGER (Client1): Mon Jun 19 18:40:11 CEST 2017 - Invoked invitation with username=CIROO
LOGGER (Client1): Mon Jun 19 18:40:13 CEST 2017 - Invoked invitation with username=CIROO
LOGGER (Client1): Mon Jun 19 18:40:15 CEST 2017 - Invoked invitation with username=CIROO
LOGGER (Client1): Mon Jun 19 18:40:16 CEST 2017 - Invoked invitation with username=CIROO
LOGGER (Client1): Mon Jun 19 18:40:18 CEST 2017 - Invoked invitation with username=CIROO
LOGGER (Client1): Mon Jun 19 18:40:19 CEST 2017 - Invoked invitation with username=CIROO
LOGGER (Client1): Mon Jun 19 18:40:21 CEST 2017 - Invoked invitation with username=CIROO
LOGGER (Client1): Mon Jun 19 18:40:22 CEST 2017 - Invoked invitation with username=CIROO
LOGGER (Client1): Mon Jun 19 18:40:24 CEST 2017 - Invoked invitation with username=CIROO
LOGGER (Client1): Mon Jun 19 18:40:25 CEST 2017 - Invoked invitation with username=CIROO
LOGGER (Client1): Mon Jun 19 18:40:27 CEST 2017 - Invoked invitation with username=CIROO
LOGGER (Client1): Mon Jun 19 18:40:28 CEST 2017 - Invoked invitation with username=CIROO
LOGGER (Client1): Mon Jun 19 18:40:30 CEST 2017 - Invoked invitation with username=CIROO
LOGGER (Client1): Mon Jun 19 18:40:31 CEST 2017 - Invoked invitation with username=CIROO
LOGGER (Client1): Mon Jun 19 18:40:33 CEST 2017 - Invoked invitation with username=CIROO
LOGGER (Client1): Mon Jun 19 18:40:34 CEST 2017 - Invoked invitation with username=CIROO
LOGGER (Client1): Mon Jun 19 18:40:36 CEST 2017 - Invoked invitation with username=CIROO
LOGGER (Client1): Mon Jun 19 18:40:37 CEST 2017 - Invoked invitation with username=CIROO
LOGGER (Client1): Mon Jun 19 18:40:39 CEST 2017 - Invoked invitation with username=CIROO
LOGGER (Client1): Mon Jun 19 18:40:40 CEST 2017 - Invoked invitation with username=CIROO
LOGGER (Client1): Mon Jun 19 18:40:42 CEST 2017 - Invoked invitation with username=CIROO
LOGGER (Client1): Mon Jun 19 18:40:43 CEST 2017 - Invoked invitation with username=CIROO
LOGGER (Client1): Mon Jun 19 18:40:45 CEST 2017 - Invoked invitation with username=CIROO
LOGGER (Client1): Mon Jun 19 18:40:46 CEST 2017 - Invoked invitation with username=CIROO
LOGGER (Client1): Mon Jun 19 18:40:48 CEST 2017 - Invoked invitation with username=CIROO
LOGGER (Client1): Mon Jun 19 18:40:49 CEST 2017 - Invoked invitation with username=CIROO
LOGGER (Client1): Mon Jun 19 18:40:51 CEST 2017 - Invoked invitation with username=CIROO
LOGGER (Client1): Mon Jun 19 18:40:52 CEST 2017 - Invoked invitation with username=CIROO
LOGGER (Client1): Mon Jun 19 18:40:54 CEST 2017 - Invoked invitation with username=CIROO
LOGGER (Client1): Mon Jun 19 18:40:55 CEST 2017 - Invoked invitation with username=CIROO
LOGGER (Client1): Mon Jun 19 18:40:57 CEST 2017 - Invoked invitation with username=CIROO
LOGGER (Client1): Mon Jun 19 18:40:59 CEST 2017 - Invoked invitation with username=CIROO
LOGGER (Client1): Mon Jun 19 18:41:00 CEST 2017 - Invoked invitation with username=CIROO
LOGGER (Client1): Mon Jun 19 18:41:02 CEST 2017 - Invoked invitation with username=CIROO
LOGGER (Client1): Mon Jun 19 18:41:03 CEST 2017 - Invoked invitation with username=CIROO
LOGGER (Client1): Mon Jun 19 18:41:05 CEST 2017 - Invoked invitation with username=CIROO
LOGGER (Client1): Mon Jun 19 18:41:06 CEST 2017 - Invoked invitation with username=CIROO
LOGGER (Client1): Mon Jun 19 18:41:08 CEST 2017 - Invoked invitation with username=CIROO
LOGGER (Client1): Mon Jun 19 18:41:09 CEST 2017 - Invoked invitation with username=CIROO
LOGGER (Client1): Mon Jun 19 18:41:11 CEST 2017 - Invoked invitation with username=CIROO
LOGGER (Client1): Mon Jun 19 18:41:12 CEST 2017 - Invoked invitation with username=CIROO
LOGGER (Client1): Mon Jun 19 18:41:14 CEST 2017 - Invoked invitation with username=CIROO
LOGGER (Client1): Mon Jun 19 18:41:15 CEST 2017 - Invoked invitation with username=CIROO
LOGGER (Client1): Mon Jun 19 18:41:17 CEST 2017 - Invoked invitation with username=CIROO
LOGGER (Client1): Mon Jun 19 18:41:18 CEST 2017 - Invoked invitation with username=CIROO
LOGGER (Client1): Mon Jun 19 18:41:20 CEST 2017 - Invoked invitation with username=CIROO
LOGGER (Client1): Mon Jun 19 18:41:21 CEST 2017 - Invoked invitation with username=CIROO
LOGGER (Client1): Mon Jun 19 18:41:23 CEST 2017 - Invoked invitation with username=CIROO
LOGGER (Client1): Mon Jun 19 18:41:24 CEST 2017 - Invoked invitation with username=CIROO
LOGGER (Client1): Mon Jun 19 18:41:26 CEST 2017 - Invoked invitation with username=CIROO
LOGGER (Client1): Mon Jun 19 18:41:27 CEST 2017 - Invoked invitation with username=CIROO
LOGGER (Client1): Mon Jun 19 18:41:29 CEST 2017 - Invoked invitation with username=CIROO
LOGGER (Client1): Mon Jun 19 18:41:30 CEST 2017 - Invoked invitation with username=CIROO
LOGGER (Client1): Mon Jun 19 18:41:32 CEST 2017 - Invoked invitation with username=CIROO
LOGGER (Client1): Mon Jun 19 18:41:33 CEST 2017 - Invoked invitation with username=CIROO
LOGGER (Client1): Mon Jun 19 18:41:35 CEST 2017 - Invoked invitation with username=CIROO
LOGGER (Client1): Mon Jun 19 18:41:36 CEST 2017 - Invoked invitation with username=CIROO
LOGGER (Client1): Mon Jun 19 18:41:38 CEST 2017 - Invoked invitation with username=CIROO
LOGGER (Client1): Mon Jun 19 18:41:40 CEST 2017 - Invoked invitation with username=CIROO
LOGGER (Client1): Mon Jun 19 18:41:41 CEST 2017 - Invoked invitation with username=CIROO
LOGGER (Client1): Mon Jun 19 18:41:43 CEST 2017 - Invoked invitation with username=CIROO
LOGGER (Client1): Mon Jun 19 18:41:44 CEST 2017 - Invoked invitation with username=CIROO
LOGGER (Client1): Mon Jun 19 18:41:46 CEST 2017 - Invoked invitation with username=CIROO
LOGGER (Client1): Mon Jun 19 18:41:47 CEST 2017 - Invoked invitation with username=CIROO
LOGGER (Client1): Mon Jun 19 18:41:49 CEST 2017 - Invoked invitation with username=CIROO
LOGGER (Client1): Mon Jun 19 18:41:50 CEST 2017 - Invoked invitation with username=CIROO
LOGGER (Client1): Mon Jun 19 18:41:52 CEST 2017 - Invoked invitation with username=CIROO
LOGGER (Client1): Mon Jun 19 18:41:53 CEST 2017 - Invoked invitation with username=CIROO
LOGGER (Client1): Mon Jun 19 18:41:55 CEST 2017 - Invoked invitation with username=CIROO
LOGGER (Client1): Mon Jun 19 18:41:56 CEST 2017 - Invoked invitation with username=CIROO
LOGGER (Client1): Mon Jun 19 18:41:58 CEST 2017 - Invoked invitation with username=CIROO
LOGGER (Client1): Mon Jun 19 18:41:59 CEST 2017 - Invoked invitation with username=CIROO
LOGGER (Client1): Mon Jun 19 18:42:01 CEST 2017 - Invoked invitation with username=CIROO
LOGGER (Client1): Mon Jun 19 18:42:02 CEST 2017 - Invoked invitation with username=CIROO
LOGGER (Client1): Mon Jun 19 18:42:04 CEST 2017 - Invoked invitation with username=CIROO
LOGGER (Client1): Mon Jun 19 18:42:05 CEST 2017 - Invoked invitation with username=CIROO
LOGGER (Client1): Mon Jun 19 18:42:07 CEST 2017 - Invoked invitation with username=CIROO
LOGGER (Client1): Mon Jun 19 18:42:08 CEST 2017 - Invoked invitation with username=CIROO
LOGGER (Client1): Mon Jun 19 18:42:10 CEST 2017 - Invoked invitation with username=CIROO
LOGGER (Client1): Mon Jun 19 18:42:11 CEST 2017 - Invoked invitation with username=CIROO
LOGGER (Client1): Mon Jun 19 18:42:13 CEST 2017 - Invoked invitation with username=CIROO
LOGGER (Client1): Mon Jun 19 18:42:14 CEST 2017 - Invoked invitation with username=CIROO
LOGGER (Client1): Mon Jun 19 18:42:16 CEST 2017 - Invoked invitation with username=CIROO
LOGGER (Client1): Mon Jun 19 18:42:18 CEST 2017 - Invoked invitation with username=CIROO
LOGGER (Client1): Mon Jun 19 18:42:19 CEST 2017 - Invoked invitation with username=CIROO
LOGGER (Client1): Mon Jun 19 18:42:21 CEST 2017 - Invoked invitation with username=CIROO
LOGGER (Client1): Mon Jun 19 18:42:22 CEST 2017 - Invoked invitation with username=CIROO
LOGGER (Client1): Mon Jun 19 18:42:24 CEST 2017 - Invoked invitation with username=CIROO
LOGGER (Client1): Mon Jun 19 18:42:25 CEST 2017 - Invoked invitation with username=CIROO
LOGGER (Client1): Mon Jun 19 18:42:27 CEST 2017 - Invoked invitation with username=CIROO
LOGGER (Client1): Mon Jun 19 18:42:28 CEST 2017 - Invoked invitation with username=CIROO
LOGGER (Client1): Mon Jun 19 18:42:30 CEST 2017 - Invoked invitation with username=CIROO
LOGGER (Client1): Mon Jun 19 18:42:31 CEST 2017 - Invoked invitation with username=CIROO
LOGGER (Client1): Mon Jun 19 18:42:33 CEST 2017 - Invoked invitation with username=CIROO
LOGGER (Client1): Mon Jun 19 18:42:34 CEST 2017 - Invoked invitation with username=CIROO
LOGGER (Client1): Mon Jun 19 18:42:36 CEST 2017 - Invoked invitation with username=CIROO
LOGGER (Client1): Mon Jun 19 18:42:37 CEST 2017 - Invoked invitation with username=CIROO
LOGGER (Client1): Mon Jun 19 18:42:39 CEST 2017 - Invoked invitation with username=CIROO
LOGGER (Client1): Mon Jun 19 18:42:40 CEST 2017 - Invoked invitation with username=CIROO
LOGGER (Client1): Mon Jun 19 18:42:42 CEST 2017 - Invoked invitation with username=CIROO
LOGGER (Client1): Mon Jun 19 18:42:43 CEST 2017 - Invoked invitation with username=CIROO
LOGGER (Client1): Mon Jun 19 18:42:45 CEST 2017 - Invoked invitation with username=CIROO
LOGGER (Client1): Mon Jun 19 18:42:46 CEST 2017 - Invoked invitation with username=CIROO
LOGGER (Client1): Mon Jun 19 18:42:48 CEST 2017 - Invoked invitation with username=CIROO
LOGGER (Client1): Mon Jun 19 18:42:49 CEST 2017 - Invoked invitation with username=CIROO
LOGGER (Client1): Mon Jun 19 18:42:51 CEST 2017 - Invoked invitation with username=CIROO
LOGGER (Client1): Mon Jun 19 18:42:52 CEST 2017 - Invoked invitation with username=CIROO
LOGGER (Client1): Mon Jun 19 18:42:54 CEST 2017 - Invoked invitation with username=CIROO
LOGGER (Client1): Mon Jun 19 18:42:55 CEST 2017 - Invoked invitation with username=CIROO
LOGGER (Client1): Mon Jun 19 18:42:57 CEST 2017 - Invoked invitation with username=CIROO
LOGGER (Client1): Mon Jun 19 18:42:59 CEST 2017 - Invoked invitation with username=CIROO
LOGGER (Client1): Mon Jun 19 18:43:00 CEST 2017 - Invoked invitation with username=CIROO
LOGGER (Client1): Mon Jun 19 18:43:02 CEST 2017 - Invoked invitation with username=CIROO
LOGGER (Client1): Mon Jun 19 18:43:03 CEST 2017 - Invoked invitation with username=CIROO
LOGGER (Client1): Mon Jun 19 18:43:05 CEST 2017 - Invoked invitation with username=CIROO
LOGGER (Client1): Mon Jun 19 18:43:06 CEST 2017 - Invoked invitation with username=CIROO
LOGGER (Client1): Mon Jun 19 18:43:08 CEST 2017 - Invoked invitation with username=CIROO
LOGGER (Client1): Mon Jun 19 18:43:09 CEST 2017 - Invoked invitation with username=CIROO
LOGGER (Client1): Mon Jun 19 18:43:11 CEST 2017 - Invoked invitation with username=CIROO
LOGGER (Client1): Mon Jun 19 18:43:12 CEST 2017 - Invoked invitation with username=CIROO
LOGGER (Client1): Mon Jun 19 18:43:14 CEST 2017 - Invoked invitation with username=CIROO
LOGGER (Client1): Mon Jun 19 18:43:15 CEST 2017 - Invoked invitation with username=CIROO
LOGGER (Client1): Mon Jun 19 18:43:17 CEST 2017 - Invoked invitation with username=CIROO
LOGGER (Client1): Mon Jun 19 18:43:18 CEST 2017 - Invoked invitation with username=CIROO
LOGGER (Client1): Mon Jun 19 18:43:20 CEST 2017 - Invoked invitation with username=CIROO
LOGGER (Client1): Mon Jun 19 18:43:21 CEST 2017 - Invoked invitation with username=CIROO
LOGGER (Client1): Mon Jun 19 18:43:23 CEST 2017 - Invoked invitation with username=CIROO
LOGGER (Client1): Mon Jun 19 18:43:24 CEST 2017 - Invoked invitation with username=CIROO
LOGGER (Client1): Mon Jun 19 18:43:26 CEST 2017 - Invoked invitation with username=CIROO
LOGGER (Client1): Mon Jun 19 18:43:27 CEST 2017 - Invoked invitation with username=CIROO
LOGGER (Client1): Mon Jun 19 18:43:29 CEST 2017 - Invoked invitation with username=CIROO
LOGGER (Client1): Mon Jun 19 18:43:30 CEST 2017 - Invoked invitation with username=CIROO
LOGGER (Client1): Mon Jun 19 18:43:32 CEST 2017 - Invoked invitation with username=CIROO
LOGGER (Client1): Mon Jun 19 18:43:33 CEST 2017 - Invoked invitation with username=CIROO
LOGGER (Client1): Mon Jun 19 18:43:35 CEST 2017 - Invoked invitation with username=CIROO
LOGGER (Client1): Mon Jun 19 18:43:37 CEST 2017 - Invoked invitation with username=CIROO
LOGGER (Client1): Mon Jun 19 18:43:38 CEST 2017 - Invoked invitation with username=CIROO
LOGGER (Client1): Mon Jun 19 18:43:40 CEST 2017 - Invoked invitation with username=CIROO
LOGGER (Client1): Mon Jun 19 18:43:41 CEST 2017 - Invoked invitation with username=CIROO
LOGGER (Client1): Mon Jun 19 18:43:43 CEST 2017 - Invoked invitation with username=CIROO
LOGGER (Client1): Mon Jun 19 18:43:44 CEST 2017 - Invoked invitation with username=CIROO
LOGGER (Client1): Mon Jun 19 18:43:46 CEST 2017 - Invoked invitation with username=CIROO
LOGGER (Client1): Mon Jun 19 18:43:47 CEST 2017 - Invoked invitation with username=CIROO
LOGGER (Client1): Mon Jun 19 18:43:49 CEST 2017 - Invoked invitation with username=CIROO
LOGGER (Client1): Mon Jun 19 18:43:50 CEST 2017 - Invoked invitation with username=CIROO
LOGGER (Client1): Mon Jun 19 18:43:52 CEST 2017 - Invoked invitation with username=CIROO
LOGGER (Client1): Mon Jun 19 18:43:53 CEST 2017 - Invoked invitation with username=CIROO
LOGGER (Client1): Mon Jun 19 18:43:55 CEST 2017 - Invoked invitation with username=CIROO
LOGGER (Client1): Mon Jun 19 18:43:56 CEST 2017 - Invoked invitation with username=CIROO
LOGGER (Client1): Mon Jun 19 18:43:58 CEST 2017 - Invoked invitation with username=CIROO
LOGGER (Client1): Mon Jun 19 18:43:59 CEST 2017 - Invoked invitation with username=CIROO
LOGGER (Client1): Mon Jun 19 18:44:01 CEST 2017 - Invoked invitation with username=CIROO
LOGGER (Client1): Mon Jun 19 18:44:02 CEST 2017 - Invoked invitation with username=CIROO
LOGGER (Client1): Mon Jun 19 18:44:04 CEST 2017 - Invoked invitation with username=CIROO
LOGGER (Client1): Mon Jun 19 18:44:05 CEST 2017 - Invoked invitation with username=CIROO
LOGGER (Client1): Mon Jun 19 18:44:07 CEST 2017 - Invoked invitation with username=CIROO
LOGGER (Client1): Mon Jun 19 18:44:08 CEST 2017 - Invoked invitation with username=CIROO
LOGGER (Client1): Mon Jun 19 18:44:10 CEST 2017 - Invoked invitation with username=CIROO
LOGGER (Client1): Mon Jun 19 18:44:11 CEST 2017 - Invoked invitation with username=CIROO
LOGGER (Client1): Mon Jun 19 18:44:13 CEST 2017 - Invoked invitation with username=CIROO
LOGGER (Client1): Mon Jun 19 18:44:15 CEST 2017 - Invoked invitation with username=CIROO
LOGGER (Client1): Mon Jun 19 18:44:16 CEST 2017 - Invoked invitation with username=CIROO
LOGGER (Client1): Mon Jun 19 18:44:18 CEST 2017 - Invoked invitation with username=CIROO
LOGGER (Client1): Mon Jun 19 18:44:19 CEST 2017 - Invoked invitation with username=CIROO
LOGGER (Client1): Mon Jun 19 18:44:21 CEST 2017 - Invoked invitation with username=CIROO
LOGGER (Client1): Mon Jun 19 18:44:22 CEST 2017 - Invoked invitation with username=CIROO
LOGGER (Client1): Mon Jun 19 18:44:24 CEST 2017 - Invoked invitation with username=CIROO
LOGGER (Client1): Mon Jun 19 18:44:25 CEST 2017 - Invoked invitation with username=CIROO
LOGGER (Client1): Mon Jun 19 18:44:27 CEST 2017 - Invoked invitation with username=CIROO
LOGGER (Client1): Mon Jun 19 18:44:28 CEST 2017 - Invoked invitation with username=CIROO
LOGGER (Client1): Mon Jun 19 18:44:30 CEST 2017 - Invoked invitation with username=CIROO
LOGGER (Client1): Mon Jun 19 18:44:31 CEST 2017 - Invoked invitation with username=CIROO
LOGGER (Client1): Mon Jun 19 18:44:33 CEST 2017 - Invoked invitation with username=CIROO
LOGGER (Client1): Mon Jun 19 18:44:34 CEST 2017 - Invoked invitation with username=CIROO
LOGGER (Client1): Mon Jun 19 18:44:36 CEST 2017 - Invoked invitation with username=CIROO
LOGGER (Client1): Mon Jun 19 18:44:37 CEST 2017 - Invoked invitation with username=CIROO
LOGGER (Client1): Mon Jun 19 18:44:39 CEST 2017 - Invoked invitation with username=CIROO
LOGGER (Client1): Mon Jun 19 18:44:40 CEST 2017 - Invoked invitation with username=CIROO
LOGGER (Client1): Mon Jun 19 18:44:42 CEST 2017 - Invoked invitation with username=CIROO
LOGGER (Client1): Mon Jun 19 18:44:43 CEST 2017 - Invoked invitation with username=CIROO
LOGGER (Client1): Mon Jun 19 18:44:45 CEST 2017 - Invoked invitation with username=CIROO
LOGGER (Client1): Mon Jun 19 18:44:46 CEST 2017 - Invoked invitation with username=CIROO
LOGGER (Client1): Mon Jun 19 18:44:48 CEST 2017 - Invoked invitation with username=CIROO
LOGGER (Client1): Mon Jun 19 18:44:49 CEST 2017 - Invoked invitation with username=CIROO
LOGGER (Client1): Mon Jun 19 18:44:51 CEST 2017 - Invoked invitation with username=CIROO
LOGGER (Client1): Mon Jun 19 18:44:52 CEST 2017 - Invoked invitation with username=CIROO
LOGGER (Client1): Mon Jun 19 18:44:54 CEST 2017 - Invoked invitation with username=CIROO
LOGGER (Client1): Mon Jun 19 18:44:56 CEST 2017 - Invoked invitation with username=CIROO
LOGGER (Client1): Mon Jun 19 18:44:57 CEST 2017 - Invoked invitation with username=CIROO
LOGGER (Client1): Mon Jun 19 18:44:59 CEST 2017 - Invoked invitation with username=CIROO
LOGGER (Client1): Mon Jun 19 18:45:00 CEST 2017 - Invoked invitation with username=CIROO
LOGGER (Client1): Mon Jun 19 18:45:02 CEST 2017 - Invoked invitation with username=CIROO
LOGGER (Client1): Mon Jun 19 18:45:03 CEST 2017 - Invoked invitation with username=CIROO
LOGGER (Client1): Mon Jun 19 18:45:05 CEST 2017 - Invoked invitation with username=CIROO
LOGGER (Client1): Mon Jun 19 18:45:06 CEST 2017 - Invoked invitation with username=CIROO
LOGGER (Client1): Mon Jun 19 18:45:08 CEST 2017 - Invoked invitation with username=CIROO
LOGGER (Client1): Mon Jun 19 18:45:09 CEST 2017 - Invoked invitation with username=CIROO
LOGGER (Client1): Mon Jun 19 18:45:11 CEST 2017 - Invoked invitation with username=CIROO
LOGGER (Client1): Mon Jun 19 18:45:12 CEST 2017 - Invoked invitation with username=CIROO
LOGGER (Client1): Mon Jun 19 18:45:14 CEST 2017 - Invoked invitation with username=CIROO
LOGGER (Client1): Mon Jun 19 18:45:15 CEST 2017 - Invoked invitation with username=CIROO
LOGGER (Client1): Mon Jun 19 18:45:17 CEST 2017 - Invoked invitation with username=CIROO
LOGGER (Client1): Mon Jun 19 18:45:18 CEST 2017 - Invoked invitation with username=CIROO
LOGGER (Client1): Mon Jun 19 18:45:20 CEST 2017 - Invoked invitation with username=CIROO
LOGGER (Client1): Mon Jun 19 18:45:21 CEST 2017 - Invoked invitation with username=CIROO
LOGGER (Client1): Mon Jun 19 18:45:23 CEST 2017 - Invoked invitation with username=CIROO
LOGGER (Client1): Mon Jun 19 18:45:24 CEST 2017 - Invoked invitation with username=CIROO
LOGGER (Client1): Mon Jun 19 18:45:26 CEST 2017 - Invoked invitation with username=CIROO
LOGGER (Client1): Mon Jun 19 18:45:27 CEST 2017 - Invoked invitation with username=CIROO
LOGGER (Client1): Mon Jun 19 18:45:29 CEST 2017 - Invoked invitation with username=CIROO
LOGGER (Client1): Mon Jun 19 18:45:30 CEST 2017 - Invoked invitation with username=CIROO
LOGGER (Client1): Mon Jun 19 18:45:32 CEST 2017 - Invoked invitation with username=CIROO
LOGGER (Client1): Mon Jun 19 18:45:33 CEST 2017 - Invoked invitation with username=CIROO
LOGGER (Client1): Mon Jun 19 18:45:35 CEST 2017 - Invoked invitation with username=CIROO
LOGGER (Client1): Mon Jun 19 18:45:36 CEST 2017 - Invoked invitation with username=CIROO
LOGGER (Client1): Mon Jun 19 18:45:38 CEST 2017 - Invoked invitation with username=CIROO
LOGGER (Client1): Mon Jun 19 18:45:39 CEST 2017 - Invoked invitation with username=CIROO
LOGGER (Client1): Mon Jun 19 18:45:41 CEST 2017 - Invoked invitation with username=CIROO
LOGGER (Client1): Mon Jun 19 18:45:42 CEST 2017 - Invoked invitation with username=CIROO
LOGGER (Client1): Mon Jun 19 18:45:44 CEST 2017 - Invoked invitation with username=CIROO
LOGGER (Client1): Mon Jun 19 18:45:45 CEST 2017 - Invoked invitation with username=CIROO
LOGGER (Client1): Mon Jun 19 18:45:47 CEST 2017 - Invoked invitation with username=CIROO
LOGGER (Client1): Mon Jun 19 18:45:48 CEST 2017 - Invoked invitation with username=CIROO
LOGGER (Client1): Mon Jun 19 18:45:50 CEST 2017 - Invoked invitation with username=CIROO
LOGGER (Client1): Mon Jun 19 18:45:51 CEST 2017 - Invoked invitation with username=CIROO
LOGGER (Client1): Mon Jun 19 18:45:53 CEST 2017 - Invoked invitation with username=CIROO
LOGGER (Client1): Mon Jun 19 18:45:54 CEST 2017 - Invoked invitation with username=CIROO
LOGGER (Client1): Mon Jun 19 18:45:56 CEST 2017 - Invoked invitation with username=CIROO
LOGGER (Client1): Mon Jun 19 18:45:57 CEST 2017 - Invoked invitation with username=CIROO
LOGGER (Client1): Mon Jun 19 18:45:59 CEST 2017 - Invoked invitation with username=CIROO
LOGGER (Client1): Mon Jun 19 18:46:00 CEST 2017 - Invoked invitation with username=CIROO
LOGGER (Client1): Mon Jun 19 18:46:02 CEST 2017 - Invoked invitation with username=CIROO
LOGGER (Client1): Mon Jun 19 18:46:03 CEST 2017 - Invoked invitation with username=CIROO
LOGGER (Client1): Mon Jun 19 18:46:05 CEST 2017 - Invoked invitation with username=CIROO
LOGGER (Client1): Mon Jun 19 18:46:06 CEST 2017 - Invoked invitation with username=CIROO
LOGGER (Client1): Mon Jun 19 18:46:08 CEST 2017 - Invoked invitation with username=CIROO
LOGGER (Client1): Mon Jun 19 18:46:09 CEST 2017 - Invoked invitation with username=CIROO
LOGGER (Client1): Mon Jun 19 18:46:11 CEST 2017 - Invoked invitation with username=CIROO
LOGGER (Client1): Mon Jun 19 18:46:12 CEST 2017 - Invoked invitation with username=CIROO
LOGGER (Client1): Mon Jun 19 18:46:14 CEST 2017 - Invoked invitation with username=CIROO
LOGGER (Client1): Mon Jun 19 18:46:15 CEST 2017 - Invoked invitation with username=CIROO
LOGGER (Client1): Mon Jun 19 18:46:17 CEST 2017 - Invoked invitation with username=CIROO
LOGGER (Client1): Mon Jun 19 18:46:18 CEST 2017 - Invoked invitation with username=CIROO
LOGGER (Client1): Mon Jun 19 18:46:20 CEST 2017 - Invoked invitation with username=CIROO
LOGGER (Client1): Mon Jun 19 18:46:21 CEST 2017 - Invoked invitation with username=CIROO
LOGGER (Client1): Mon Jun 19 18:46:23 CEST 2017 - Invoked invitation with username=CIROO
LOGGER (Client1): Mon Jun 19 18:46:24 CEST 2017 - Invoked invitation with username=CIROO
LOGGER (Client1): Mon Jun 19 18:46:26 CEST 2017 - Invoked invitation with username=CIROO
LOGGER (Client1): Mon Jun 19 18:46:27 CEST 2017 - Invoked invitation with username=CIROO
LOGGER (Client1): Mon Jun 19 18:46:29 CEST 2017 - Invoked invitation with username=CIROO
LOGGER (Client1): Mon Jun 19 18:46:30 CEST 2017 - Invoked invitation with username=CIROO
LOGGER (Client1): Mon Jun 19 18:46:32 CEST 2017 - Invoked invitation with username=CIROO
LOGGER (Client1): Mon Jun 19 18:46:33 CEST 2017 - Invoked invitation with username=CIROO
LOGGER (Client1): Mon Jun 19 18:46:35 CEST 2017 - Invoked invitation with username=CIROO
LOGGER (Client1): Mon Jun 19 18:46:36 CEST 2017 - Invoked invitation with username=CIROO
LOGGER (Client1): Mon Jun 19 18:46:38 CEST 2017 - Invoked invitation with username=CIROO
LOGGER (Client1): Mon Jun 19 18:46:39 CEST 2017 - Invoked invitation with username=CIROO
LOGGER (Client1): Mon Jun 19 18:46:41 CEST 2017 - Invoked invitation with username=CIROO
LOGGER (Client1): Mon Jun 19 18:46:43 CEST 2017 - Invoked invitation with username=CIROO
LOGGER (Client1): Mon Jun 19 18:46:44 CEST 2017 - Invoked invitation with username=CIROO
LOGGER (Client1): Mon Jun 19 18:46:46 CEST 2017 - Invoked invitation with username=CIROO
LOGGER (Client1): Mon Jun 19 18:46:47 CEST 2017 - Invoked invitation with username=CIROO
LOGGER (Client1): Mon Jun 19 18:46:49 CEST 2017 - Invoked invitation with username=CIROO
LOGGER (Client1): Mon Jun 19 18:46:50 CEST 2017 - Invoked invitation with username=CIROO
LOGGER (Client1): Mon Jun 19 18:46:52 CEST 2017 - Invoked invitation with username=CIROO
LOGGER (Client1): Mon Jun 19 18:46:53 CEST 2017 - Invoked invitation with username=CIROO
LOGGER (Client1): Mon Jun 19 18:46:55 CEST 2017 - Invoked invitation with username=CIROO
LOGGER (Client1): Mon Jun 19 18:46:56 CEST 2017 - Invoked invitation with username=CIROO
LOGGER (Client1): Mon Jun 19 18:46:58 CEST 2017 - Invoked invitation with username=CIROO
LOGGER (Client1): Mon Jun 19 18:46:59 CEST 2017 - Invoked invitation with username=CIROO
LOGGER (Client1): Mon Jun 19 18:47:01 CEST 2017 - Invoked invitation with username=CIROO
LOGGER (Client1): Mon Jun 19 18:47:02 CEST 2017 - Invoked invitation with username=CIROO
LOGGER (Client1): Mon Jun 19 18:47:04 CEST 2017 - Invoked invitation with username=CIROO
LOGGER (Client1): Mon Jun 19 18:47:05 CEST 2017 - Invoked invitation with username=CIROO
LOGGER (Client1): Mon Jun 19 18:47:07 CEST 2017 - Invoked invitation with username=CIROO
LOGGER (Client1): Mon Jun 19 18:47:08 CEST 2017 - Invoked invitation with username=CIROO
LOGGER (Client1): Mon Jun 19 18:47:10 CEST 2017 - Invoked invitation with username=CIROO
LOGGER (Client1): Mon Jun 19 18:47:11 CEST 2017 - Invoked invitation with username=CIROO
LOGGER (Client1): Mon Jun 19 18:47:13 CEST 2017 - Invoked invitation with username=CIROO
LOGGER (Client1): Mon Jun 19 18:47:14 CEST 2017 - Invoked invitation with username=CIROO
LOGGER (Client1): Mon Jun 19 18:47:16 CEST 2017 - Invoked invitation with username=CIROO
LOGGER (Client1): Mon Jun 19 18:47:17 CEST 2017 - Invoked invitation with username=CIROO
LOGGER (Client1): Mon Jun 19 18:47:19 CEST 2017 - Invoked invitation with username=CIROO
LOGGER (Client1): Mon Jun 19 18:47:20 CEST 2017 - Invoked invitation with username=CIROO
LOGGER (Client1): Mon Jun 19 18:47:22 CEST 2017 - Invoked invitation with username=CIROO
LOGGER (Client1): Mon Jun 19 18:47:23 CEST 2017 - Invoked invitation with username=CIROO
LOGGER (Client1): Mon Jun 19 18:47:25 CEST 2017 - Invoked invitation with username=CIROO
LOGGER (Client1): Mon Jun 19 18:47:27 CEST 2017 - Invoked invitation with username=CIROO
LOGGER (Client1): Mon Jun 19 18:47:28 CEST 2017 - Invoked invitation with username=CIROO
LOGGER (Client1): Mon Jun 19 18:47:30 CEST 2017 - Invoked invitation with username=CIROO
LOGGER (Client1): Mon Jun 19 18:47:31 CEST 2017 - Invoked invitation with username=CIROO
LOGGER (Client1): Mon Jun 19 18:47:33 CEST 2017 - Invoked invitation with username=CIROO
LOGGER (Client1): Mon Jun 19 18:47:34 CEST 2017 - Invoked invitation with username=CIROO
LOGGER (Client1): Mon Jun 19 18:47:36 CEST 2017 - Invoked invitation with username=CIROO
LOGGER (Client1): Mon Jun 19 18:47:37 CEST 2017 - Invoked invitation with username=CIROO
LOGGER (Client1): Mon Jun 19 18:47:39 CEST 2017 - Invoked invitation with username=CIROO
LOGGER (Client1): Mon Jun 19 18:47:40 CEST 2017 - Invoked invitation with username=CIROO
LOGGER (Client1): Mon Jun 19 18:47:42 CEST 2017 - Invoked invitation with username=CIROO
LOGGER (Client1): Mon Jun 19 18:47:43 CEST 2017 - Invoked invitation with username=CIROO
LOGGER (Client1): Mon Jun 19 18:47:45 CEST 2017 - Invoked invitation with username=CIROO
LOGGER (Client1): Mon Jun 19 18:47:46 CEST 2017 - Invoked invitation with username=CIROO
LOGGER (Client1): Mon Jun 19 18:47:48 CEST 2017 - Invoked invitation with username=CIROO
LOGGER (Client1): Mon Jun 19 18:47:49 CEST 2017 - Invoked invitation with username=CIROO
LOGGER (Client1): Mon Jun 19 18:47:51 CEST 2017 - Invoked invitation with username=CIROO
LOGGER (Client1): Mon Jun 19 18:47:52 CEST 2017 - Invoked invitation with username=CIROO
LOGGER (Client1): Mon Jun 19 18:47:54 CEST 2017 - Invoked invitation with username=CIROO
LOGGER (Client1): Mon Jun 19 18:47:55 CEST 2017 - Invoked invitation with username=CIROO
LOGGER (Client1): Mon Jun 19 18:47:57 CEST 2017 - Invoked invitation with username=CIROO
LOGGER (Client1): Mon Jun 19 18:47:58 CEST 2017 - Invoked invitation with username=CIROO
LOGGER (Client1): Mon Jun 19 18:48:00 CEST 2017 - Invoked invitation with username=CIROO
LOGGER (Client1): Mon Jun 19 18:48:02 CEST 2017 - Invoked invitation with username=CIROO
LOGGER (Client1): Mon Jun 19 18:48:03 CEST 2017 - Invoked invitation with username=CIROO
LOGGER (Client1): Mon Jun 19 18:48:05 CEST 2017 - Invoked invitation with username=CIROO
LOGGER (Client1): Mon Jun 19 18:48:06 CEST 2017 - Invoked invitation with username=CIROO
LOGGER (Client1): Mon Jun 19 18:48:08 CEST 2017 - Invoked invitation with username=CIROO
LOGGER (Client1): Mon Jun 19 18:48:09 CEST 2017 - Invoked invitation with username=CIROO
LOGGER (Client1): Mon Jun 19 18:48:11 CEST 2017 - Invoked invitation with username=CIROO
LOGGER (Client1): Mon Jun 19 18:48:12 CEST 2017 - Invoked invitation with username=CIROO
LOGGER (Client1): Mon Jun 19 18:48:14 CEST 2017 - Invoked invitation with username=CIROO
LOGGER (Client1): Mon Jun 19 18:48:15 CEST 2017 - Invoked invitation with username=CIROO
LOGGER (Client1): Mon Jun 19 18:48:17 CEST 2017 - Invoked invitation with username=CIROO
LOGGER (Client1): Mon Jun 19 18:48:18 CEST 2017 - Invoked invitation with username=CIROO
LOGGER (Client1): Mon Jun 19 18:48:20 CEST 2017 - Invoked invitation with username=CIROO
LOGGER (Client1): Mon Jun 19 18:48:21 CEST 2017 - Invoked invitation with username=CIROO
LOGGER (Client1): Mon Jun 19 18:48:23 CEST 2017 - Invoked invitation with username=CIROO
LOGGER (Client1): Mon Jun 19 18:48:24 CEST 2017 - Invoked invitation with username=CIROO
LOGGER (Client1): Mon Jun 19 18:48:26 CEST 2017 - Invoked invitation with username=CIROO
LOGGER (Client1): Mon Jun 19 18:48:27 CEST 2017 - Invoked invitation with username=CIROO
LOGGER (Client1): Mon Jun 19 18:48:29 CEST 2017 - Invoked invitation with username=CIROO
LOGGER (Client1): Mon Jun 19 18:48:30 CEST 2017 - Invoked invitation with username=CIROO
LOGGER (Client1): Mon Jun 19 18:48:32 CEST 2017 - Invoked invitation with username=CIROO
LOGGER (Client1): Mon Jun 19 18:48:33 CEST 2017 - Invoked invitation with username=CIROO
LOGGER (Client1): Mon Jun 19 18:48:35 CEST 2017 - Invoked invitation with username=CIROO
LOGGER (Client1): Mon Jun 19 18:48:36 CEST 2017 - Invoked invitation with username=CIROO
LOGGER (Client1): Mon Jun 19 18:48:38 CEST 2017 - Invoked invitation with username=CIROO
LOGGER (Client1): Mon Jun 19 18:48:39 CEST 2017 - Invoked invitation with username=CIROO
LOGGER (Client1): Mon Jun 19 18:48:41 CEST 2017 - Invoked invitation with username=CIROO
LOGGER (Client1): Mon Jun 19 18:48:42 CEST 2017 - Invoked invitation with username=CIROO
LOGGER (Client1): Mon Jun 19 18:48:44 CEST 2017 - Invoked invitation with username=CIROO
LOGGER (Client1): Mon Jun 19 18:48:45 CEST 2017 - Invoked invitation with username=CIROO
LOGGER (Client1): Mon Jun 19 18:48:47 CEST 2017 - Invoked invitation with username=CIROO
LOGGER (Client1): Mon Jun 19 18:48:48 CEST 2017 - Invoked invitation with username=CIROO
LOGGER (Client1): Mon Jun 19 18:48:50 CEST 2017 - Invoked invitation with username=CIROO
LOGGER (Client1): Mon Jun 19 18:48:51 CEST 2017 - Invoked invitation with username=CIROO
LOGGER (Client1): Mon Jun 19 18:48:53 CEST 2017 - Invoked invitation with username=CIROO
LOGGER (Client1): Mon Jun 19 18:48:54 CEST 2017 - Invoked invitation with username=CIROO
LOGGER (Client1): Mon Jun 19 18:48:56 CEST 2017 - Invoked invitation with username=CIROO
LOGGER (Client1): Mon Jun 19 18:48:57 CEST 2017 - Invoked invitation with username=CIROO
LOGGER (Client1): Mon Jun 19 18:48:59 CEST 2017 - Invoked invitation with username=CIROO
LOGGER (Client1): Mon Jun 19 18:49:00 CEST 2017 - Invoked invitation with username=CIROO
LOGGER (Client1): Mon Jun 19 18:49:02 CEST 2017 - Invoked invitation with username=CIROO
LOGGER (Client1): Mon Jun 19 18:49:03 CEST 2017 - Invoked invitation with username=CIROO
LOGGER (Client1): Mon Jun 19 18:49:05 CEST 2017 - Invoked invitation with username=CIROO
LOGGER (Client1): Mon Jun 19 18:49:06 CEST 2017 - Invoked invitation with username=CIROO
LOGGER (Client1): Mon Jun 19 18:49:08 CEST 2017 - Invoked invitation with username=CIROO
LOGGER (Client1): Mon Jun 19 18:49:09 CEST 2017 - Invoked invitation with username=CIROO
LOGGER (Client1): Mon Jun 19 18:49:11 CEST 2017 - Invoked invitation with username=CIROO
LOGGER (Client1): Mon Jun 19 18:49:12 CEST 2017 - Invoked invitation with username=CIROO
LOGGER (Client1): Mon Jun 19 18:49:14 CEST 2017 - Invoked invitation with username=CIROO
LOGGER (Client1): Mon Jun 19 18:49:15 CEST 2017 - Invoked invitation with username=CIROO
LOGGER (Client1): Mon Jun 19 18:49:17 CEST 2017 - Invoked invitation with username=CIROO
LOGGER (Client1): Mon Jun 19 18:49:18 CEST 2017 - Invoked invitation with username=CIROO
LOGGER (Client1): Mon Jun 19 18:49:20 CEST 2017 - Invoked invitation with username=CIROO
LOGGER (Client1): Mon Jun 19 18:49:21 CEST 2017 - Invoked invitation with username=CIROO
LOGGER (Client1): Mon Jun 19 18:49:23 CEST 2017 - Invoked invitation with username=CIROO
LOGGER (Client1): Mon Jun 19 18:49:24 CEST 2017 - Invoked invitation with username=CIROO
LOGGER (Client1): Mon Jun 19 18:49:26 CEST 2017 - Invoked invitation with username=CIROO
LOGGER (Client1): Mon Jun 19 18:49:28 CEST 2017 - Invoked invitation with username=CIROO
LOGGER (Client1): Mon Jun 19 18:49:29 CEST 2017 - Invoked invitation with username=CIROO
LOGGER (Client1): Mon Jun 19 18:49:31 CEST 2017 - Invoked invitation with username=CIROO
LOGGER (Client1): Mon Jun 19 18:49:32 CEST 2017 - Invoked invitation with username=CIROO
LOGGER (Client1): Mon Jun 19 18:49:34 CEST 2017 - Invoked invitation with username=CIROO
LOGGER (Client1): Mon Jun 19 18:49:35 CEST 2017 - Invoked invitation with username=CIROO
LOGGER (Client1): Mon Jun 19 18:49:37 CEST 2017 - Invoked invitation with username=CIROO
LOGGER (Client1): Mon Jun 19 18:49:38 CEST 2017 - Invoked invitation with username=CIROO
LOGGER (Client1): Mon Jun 19 18:49:40 CEST 2017 - Invoked invitation with username=CIROO
LOGGER (Client1): Mon Jun 19 18:49:41 CEST 2017 - Invoked invitation with username=CIROO
LOGGER (Client1): Mon Jun 19 18:49:43 CEST 2017 - Invoked invitation with username=CIROO
LOGGER (Client1): Mon Jun 19 18:49:44 CEST 2017 - Invoked invitation with username=CIROO
LOGGER (Client1): Mon Jun 19 18:49:46 CEST 2017 - Invoked invitation with username=CIROO
LOGGER (Client1): Mon Jun 19 18:49:47 CEST 2017 - Invoked invitation with username=CIROO
LOGGER (Client1): Mon Jun 19 18:49:49 CEST 2017 - Invoked invitation with username=CIROO
LOGGER (Client1): Mon Jun 19 18:49:50 CEST 2017 - Invoked invitation with username=CIROO
LOGGER (Client1): Mon Jun 19 18:49:52 CEST 2017 - Invoked invitation with username=CIROO
LOGGER (Client1): Mon Jun 19 18:49:53 CEST 2017 - Invoked invitation with username=CIROO
LOGGER (Client1): Mon Jun 19 18:49:55 CEST 2017 - Invoked invitation with username=CIROO
LOGGER (Client1): Mon Jun 19 18:49:56 CEST 2017 - Invoked invitation with username=CIROO
LOGGER (Client1): Mon Jun 19 18:49:58 CEST 2017 - Invoked invitation with username=CIROO
LOGGER (Client1): Mon Jun 19 18:49:59 CEST 2017 - Invoked invitation with username=CIROO
LOGGER (Client1): Mon Jun 19 18:50:01 CEST 2017 - Invoked invitation with username=CIROO
LOGGER (Client1): Mon Jun 19 18:50:02 CEST 2017 - Invoked invitation with username=CIROO
LOGGER (Client1): Mon Jun 19 18:50:04 CEST 2017 - Invoked invitation with username=CIROO
LOGGER (Client1): Mon Jun 19 18:50:05 CEST 2017 - Invoked invitation with username=CIROO
LOGGER (Client1): Mon Jun 19 18:50:07 CEST 2017 - Invoked invitation with username=CIROO
LOGGER (Client1): Mon Jun 19 18:50:08 CEST 2017 - Invoked invitation with username=CIROO
LOGGER (Client1): Mon Jun 19 18:50:10 CEST 2017 - Invoked invitation with username=CIROO
LOGGER (Client1): Mon Jun 19 18:50:11 CEST 2017 - Invoked invitation with username=CIROO
LOGGER (Client1): Mon Jun 19 18:50:13 CEST 2017 - Invoked invitation with username=CIROO
LOGGER (Client1): Mon Jun 19 18:50:14 CEST 2017 - Invoked invitation with username=CIROO
LOGGER (Client1): Mon Jun 19 18:50:16 CEST 2017 - Invoked invitation with username=CIROO
LOGGER (Client1): Mon Jun 19 18:50:17 CEST 2017 - Invoked invitation with username=CIROO
LOGGER (Client1): Mon Jun 19 18:50:19 CEST 2017 - Invoked invitation with username=CIROO
LOGGER (Client1): Mon Jun 19 18:50:20 CEST 2017 - Invoked invitation with username=CIROO
LOGGER (Client1): Mon Jun 19 18:50:22 CEST 2017 - Invoked invitation with username=CIROO
LOGGER (Client1): Mon Jun 19 18:50:23 CEST 2017 - Invoked invitation with username=CIROO
LOGGER (Client1): Mon Jun 19 18:50:25 CEST 2017 - Invoked invitation with username=CIROO
LOGGER (Client1): Mon Jun 19 18:50:26 CEST 2017 - Invoked invitation with username=CIROO
LOGGER (Client1): Mon Jun 19 18:50:28 CEST 2017 - Invoked invitation with username=CIROO
LOGGER (Client1): Mon Jun 19 18:50:29 CEST 2017 - Invoked invitation with username=CIROO
LOGGER (Client1): Mon Jun 19 18:50:31 CEST 2017 - Invoked invitation with username=CIROO
LOGGER (Client1): Mon Jun 19 18:50:32 CEST 2017 - Invoked invitation with username=CIROO
LOGGER (Client1): Mon Jun 19 18:50:34 CEST 2017 - Invoked invitation with username=CIROO
LOGGER (Client1): Mon Jun 19 18:50:35 CEST 2017 - Invoked invitation with username=CIROO
LOGGER (Client1): Mon Jun 19 18:50:37 CEST 2017 - Invoked invitation with username=CIROO
LOGGER (Client1): Mon Jun 19 18:50:38 CEST 2017 - Invoked invitation with username=CIROO
LOGGER (Client1): Mon Jun 19 18:50:40 CEST 2017 - Invoked invitation with username=CIROO
LOGGER (Client1): Mon Jun 19 18:50:41 CEST 2017 - Invoked invitation with username=CIROO
LOGGER (Client1): Mon Jun 19 18:50:43 CEST 2017 - Invoked invitation with username=CIROO
LOGGER (Client1): Mon Jun 19 18:50:45 CEST 2017 - Invoked invitation with username=CIROO
LOGGER (Client1): Mon Jun 19 18:50:46 CEST 2017 - Invoked invitation with username=CIROO
LOGGER (Client1): Mon Jun 19 18:50:48 CEST 2017 - Invoked invitation with username=CIROO
LOGGER (Client1): Mon Jun 19 18:50:49 CEST 2017 - Invoked invitation with username=CIROO
LOGGER (Client1): Mon Jun 19 18:50:51 CEST 2017 - Invoked invitation with username=CIROO
LOGGER (Client1): Mon Jun 19 18:50:52 CEST 2017 - Invoked invitation with username=CIROO
LOGGER (Client1): Mon Jun 19 18:50:54 CEST 2017 - Invoked invitation with username=CIROO
LOGGER (Client1): Mon Jun 19 18:50:55 CEST 2017 - Invoked invitation with username=CIROO
LOGGER (Client1): Mon Jun 19 18:50:57 CEST 2017 - Invoked invitation with username=CIROO
LOGGER (Client1): Mon Jun 19 18:50:58 CEST 2017 - Invoked invitation with username=CIROO
LOGGER (Client1): Mon Jun 19 18:51:00 CEST 2017 - Invoked invitation with username=CIROO
LOGGER (Client1): Mon Jun 19 18:51:01 CEST 2017 - Invoked invitation with username=CIROO
LOGGER (Client1): Mon Jun 19 18:51:03 CEST 2017 - Invoked invitation with username=CIROO
LOGGER (Client1): Mon Jun 19 18:51:04 CEST 2017 - Invoked invitation with username=CIROO
LOGGER (Client1): Mon Jun 19 18:51:06 CEST 2017 - Invoked invitation with username=CIROO
LOGGER (Client1): Mon Jun 19 18:51:07 CEST 2017 - Invoked invitation with username=CIROO
LOGGER (Client1): Mon Jun 19 18:51:09 CEST 2017 - Invoked invitation with username=CIROO
LOGGER (Client1): Mon Jun 19 18:51:10 CEST 2017 - Invoked invitation with username=CIROO
LOGGER (Client1): Mon Jun 19 18:51:12 CEST 2017 - Invoked invitation with username=CIROO
LOGGER (Client1): Mon Jun 19 18:51:13 CEST 2017 - Invoked invitation with username=CIROO
LOGGER (Client1): Mon Jun 19 18:51:15 CEST 2017 - Invoked invitation with username=CIROO
LOGGER (Client1): Mon Jun 19 18:51:16 CEST 2017 - Invoked invitation with username=CIROO
LOGGER (Client1): Mon Jun 19 18:51:18 CEST 2017 - Invoked invitation with username=CIROO
LOGGER (Client1): Mon Jun 19 18:51:19 CEST 2017 - Invoked invitation with username=CIROO
LOGGER (Client1): Mon Jun 19 18:51:21 CEST 2017 - Invoked invitation with username=CIROO
LOGGER (Client1): Mon Jun 19 18:51:22 CEST 2017 - Invoked invitation with username=CIROO
LOGGER (Client1): Mon Jun 19 18:51:24 CEST 2017 - Invoked invitation with username=CIROO
LOGGER (Client1): Mon Jun 19 18:51:25 CEST 2017 - Invoked invitation with username=CIROO
LOGGER (Client1): Mon Jun 19 18:51:27 CEST 2017 - Invoked invitation with username=CIROO
LOGGER (Client1): Mon Jun 19 18:51:28 CEST 2017 - Invoked invitation with username=CIROO
LOGGER (Client1): Mon Jun 19 18:51:30 CEST 2017 - Invoked invitation with username=CIROO
LOGGER (Client1): Mon Jun 19 18:51:31 CEST 2017 - Invoked invitation with username=CIROO
LOGGER (Client1): Mon Jun 19 18:51:33 CEST 2017 - Invoked invitation with username=CIROO
LOGGER (Client1): Mon Jun 19 18:51:34 CEST 2017 - Invoked invitation with username=CIROO
LOGGER (Client1): Mon Jun 19 18:51:36 CEST 2017 - Invoked invitation with username=CIROO
LOGGER (Client1): Mon Jun 19 18:51:37 CEST 2017 - Invoked invitation with username=CIROO
LOGGER (Client1): Mon Jun 19 18:51:39 CEST 2017 - Invoked invitation with username=CIROO
LOGGER (Client1): Mon Jun 19 18:51:40 CEST 2017 - Invoked invitation with username=CIROO
LOGGER (Client1): Mon Jun 19 18:51:42 CEST 2017 - Invoked invitation with username=CIROO
LOGGER (Client1): Mon Jun 19 18:51:43 CEST 2017 - Invoked invitation with username=CIROO
LOGGER (Client1): Mon Jun 19 18:51:45 CEST 2017 - Invoked invitation with username=CIROO
LOGGER (Client1): Mon Jun 19 18:51:46 CEST 2017 - Invoked invitation with username=CIROO
LOGGER (Client1): Mon Jun 19 18:51:48 CEST 2017 - Invoked invitation with username=CIROO
LOGGER (Client1): Mon Jun 19 18:51:49 CEST 2017 - Invoked invitation with username=CIROO
LOGGER (Client1): Mon Jun 19 18:51:51 CEST 2017 - Invoked invitation with username=CIROO
LOGGER (Client1): Mon Jun 19 18:51:52 CEST 2017 - Invoked invitation with username=CIROO
LOGGER (Client1): Mon Jun 19 18:51:54 CEST 2017 - Invoked invitation with username=CIROO
LOGGER (Client1): Mon Jun 19 18:51:55 CEST 2017 - Invoked invitation with username=CIROO
LOGGER (Client1): Mon Jun 19 18:51:57 CEST 2017 - Invoked invitation with username=CIROO
LOGGER (Client1): Mon Jun 19 18:51:58 CEST 2017 - Invoked invitation with username=CIROO
LOGGER (Client1): Mon Jun 19 18:52:00 CEST 2017 - Invoked invitation with username=CIROO
LOGGER (Client1): Mon Jun 19 18:52:02 CEST 2017 - Invoked invitation with username=CIROO
LOGGER (Client1): Mon Jun 19 18:52:03 CEST 2017 - Invoked invitation with username=CIROO
LOGGER (Client1): Mon Jun 19 18:52:05 CEST 2017 - Invoked invitation with username=CIROO
LOGGER (Client1): Mon Jun 19 18:52:06 CEST 2017 - Invoked invitation with username=CIROO
LOGGER (Client1): Mon Jun 19 18:52:08 CEST 2017 - Invoked invitation with username=CIROO
LOGGER (Client1): Mon Jun 19 18:52:09 CEST 2017 - Invoked invitation with username=CIROO
LOGGER (Client1): Mon Jun 19 18:52:11 CEST 2017 - Invoked invitation with username=CIROO
LOGGER (Client1): Mon Jun 19 18:52:12 CEST 2017 - Invoked invitation with username=CIROO
LOGGER (Client1): Mon Jun 19 18:52:14 CEST 2017 - Invoked invitation with username=CIROO
LOGGER (Client1): Mon Jun 19 18:52:15 CEST 2017 - Invoked invitation with username=CIROO
LOGGER (Client1): Mon Jun 19 18:52:17 CEST 2017 - Invoked invitation with username=CIROO
LOGGER (Client1): Mon Jun 19 18:52:18 CEST 2017 - Invoked invitation with username=CIROO
LOGGER (Client1): Mon Jun 19 18:52:20 CEST 2017 - Invoked invitation with username=CIROO
LOGGER (Client1): Mon Jun 19 18:52:21 CEST 2017 - Invoked invitation with username=CIROO
LOGGER (Client1): Mon Jun 19 18:52:23 CEST 2017 - Invoked invitation with username=CIROO
LOGGER (Client1): Mon Jun 19 18:52:24 CEST 2017 - Invoked invitation with username=CIROO
LOGGER (Client1): Mon Jun 19 18:52:26 CEST 2017 - Invoked invitation with username=CIROO
LOGGER (Client1): Mon Jun 19 18:52:27 CEST 2017 - Invoked invitation with username=CIROO
LOGGER (Client1): Mon Jun 19 18:52:29 CEST 2017 - Invoked invitation with username=CIROO
LOGGER (Client1): Mon Jun 19 18:52:30 CEST 2017 - Invoked invitation with username=CIROO
LOGGER (Client1): Mon Jun 19 18:52:32 CEST 2017 - Invoked invitation with username=CIROO
LOGGER (Client1): Mon Jun 19 18:52:33 CEST 2017 - Invoked invitation with username=CIROO
LOGGER (Client1): Mon Jun 19 18:52:35 CEST 2017 - Invoked invitation with username=CIROO
LOGGER (Client1): Mon Jun 19 18:52:36 CEST 2017 - Invoked invitation with username=CIROO
LOGGER (Client1): Mon Jun 19 18:52:38 CEST 2017 - Invoked invitation with username=CIROO
LOGGER (Client1): Mon Jun 19 18:52:39 CEST 2017 - Invoked invitation with username=CIROO
LOGGER (Client1): Mon Jun 19 18:52:41 CEST 2017 - Invoked invitation with username=CIROO
LOGGER (Client1): Mon Jun 19 18:52:42 CEST 2017 - Invoked invitation with username=CIROO
LOGGER (Client1): Mon Jun 19 18:52:44 CEST 2017 - Invoked invitation with username=CIROO
LOGGER (Client1): Mon Jun 19 18:52:45 CEST 2017 - Invoked invitation with username=CIROO
LOGGER (Client1): Mon Jun 19 18:52:47 CEST 2017 - Invoked invitation with username=CIROO
LOGGER (Client1): Mon Jun 19 18:52:48 CEST 2017 - Invoked invitation with username=CIROO
LOGGER (Client1): Mon Jun 19 18:52:50 CEST 2017 - Invoked invitation with username=CIROO
LOGGER (Client1): Mon Jun 19 18:52:51 CEST 2017 - Invoked invitation with username=CIROO
LOGGER (Client1): Mon Jun 19 18:52:53 CEST 2017 - Invoked invitation with username=CIROO
LOGGER (Client1): Mon Jun 19 18:52:54 CEST 2017 - Invoked invitation with username=CIROO
LOGGER (Client1): Mon Jun 19 18:52:56 CEST 2017 - Invoked invitation with username=CIROO
LOGGER (Client1): Mon Jun 19 18:52:57 CEST 2017 - Invoked invitation with username=CIROO
LOGGER (Client1): Mon Jun 19 18:52:59 CEST 2017 - Invoked invitation with username=CIROO
LOGGER (Client1): Mon Jun 19 18:53:00 CEST 2017 - Invoked invitation with username=CIROO
LOGGER (Client1): Mon Jun 19 18:53:02 CEST 2017 - Invoked invitation with username=CIROO
LOGGER (Client1): Mon Jun 19 18:53:03 CEST 2017 - Invoked invitation with username=CIROO
LOGGER (Client1): Mon Jun 19 18:53:05 CEST 2017 - Invoked invitation with username=CIROO
LOGGER (Client1): Mon Jun 19 18:53:06 CEST 2017 - Invoked invitation with username=CIROO
LOGGER (Client1): Mon Jun 19 18:53:08 CEST 2017 - Invoked invitation with username=CIROO
LOGGER (Client1): Mon Jun 19 18:53:09 CEST 2017 - Invoked invitation with username=CIROO
LOGGER (Client1): Mon Jun 19 18:53:11 CEST 2017 - Invoked invitation with username=CIROO
LOGGER (Client1): Mon Jun 19 18:53:12 CEST 2017 - Invoked invitation with username=CIROO
LOGGER (Client1): Mon Jun 19 18:53:14 CEST 2017 - Invoked invitation with username=CIROO
LOGGER (Client1): Mon Jun 19 18:53:15 CEST 2017 - Invoked invitation with username=CIROO
LOGGER (Client1): Mon Jun 19 18:53:17 CEST 2017 - Invoked invitation with username=CIROO
LOGGER (Client1): Mon Jun 19 18:53:18 CEST 2017 - Invoked invitation with username=CIROO
LOGGER (Client1): Mon Jun 19 18:53:20 CEST 2017 - Invoked invitation with username=CIROO
LOGGER (Client1): Mon Jun 19 18:53:21 CEST 2017 - Invoked invitation with username=CIROO
LOGGER (Client1): Mon Jun 19 18:53:23 CEST 2017 - Invoked invitation with username=CIROO
LOGGER (Client1): Mon Jun 19 18:53:24 CEST 2017 - Invoked invitation with username=CIROO
LOGGER (Client1): Mon Jun 19 18:53:37 CEST 2017 - Client starting ...
LOGGER (Client1): Mon Jun 19 19:10:54 CEST 2017 - Client starting ...
LOGGER (Client1): Mon Jun 19 19:15:45 CEST 2017 - Client starting ...
LOGGER (Client1): Mon Jun 19 19:16:04 CEST 2017 - Client starting ...
LOGGER (Client1): Mon Jun 19 19:16:23 CEST 2017 - Invoked invitation with username=ME|[a]
LOGGER (Client1): Mon Jun 19 19:16:23 CEST 2017 - Invoked invitation with username=ME|[a]
LOGGER (Client1): Mon Jun 19 19:24:12 CEST 2017 - Client starting ...
LOGGER (Client1): Mon Jun 19 19:24:23 CEST 2017 - Client starting ...
LOGGER (Client1): Mon Jun 19 19:24:25 CEST 2017 - Client starting ...
LOGGER (Client1): Mon Jun 19 19:27:29 CEST 2017 - Client starting ...
LOGGER (Client1): Mon Jun 19 19:27:31 CEST 2017 - Client starting ...
LOGGER (Client1): Mon Jun 19 19:28:26 CEST 2017 - Client starting ...
LOGGER (Client1): Mon Jun 19 19:29:43 CEST 2017 - Client starting ...
LOGGER (Client1): Mon Jun 19 19:30:01 CEST 2017 - Client starting ...
LOGGER (Client1): Mon Jun 19 19:30:13 CEST 2017 - Invoked invitation with username=a|[b]
LOGGER (Client1): Mon Jun 19 19:30:13 CEST 2017 - Invoked invitation with username=a|[b]
LOGGER (Client1): Mon Jun 19 19:30:13 CEST 2017 - a ti ha sfidato!
LOGGER (Client1): Mon Jun 19 19:30:34 CEST 2017 - Client starting ...
LOGGER (Client1): Mon Jun 19 19:30:52 CEST 2017 - Invoked invitation with username=c|[b, a]
LOGGER (Client1): Mon Jun 19 19:30:52 CEST 2017 - c ti ha sfidato!
LOGGER (Client1): Mon Jun 19 19:30:52 CEST 2017 - Invoked invitation with username=c|[b, a]
LOGGER (Client1): Mon Jun 19 19:30:52 CEST 2017 - c ti ha sfidato!
LOGGER (Client1): Mon Jun 19 19:30:52 CEST 2017 - Invoked invitation with username=c|[b, a]
LOGGER (Client1): Wed Jun 21 18:47:56 CEST 2017 - Client starting ...
LOGGER (Client1): Wed Jun 21 18:48:29 CEST 2017 - Client starting ...
LOGGER (Client1): Wed Jun 21 18:48:41 CEST 2017 - Invoked invitation with username=a|[b]
LOGGER (Client1): Wed Jun 21 18:48:41 CEST 2017 - Invoked invitation with username=a|[b]
LOGGER (Client1): Wed Jun 21 18:48:41 CEST 2017 - a ti ha sfidato!
LOGGER (Client1): Wed Jun 21 19:09:00 CEST 2017 - Client starting ...
LOGGER (Client1): Wed Jun 21 19:09:32 CEST 2017 - Client starting ...
LOGGER (Client1): Wed Jun 21 19:09:56 CEST 2017 - Client starting ...
LOGGER (Client1): Wed Jun 21 19:10:02 CEST 2017 - Client starting ...
LOGGER (Client1): Wed Jun 21 19:10:18 CEST 2017 - Invoked invitation with username=b|[a]
LOGGER (Client1): Wed Jun 21 19:10:18 CEST 2017 - Invoked invitation with username=b|[a]
LOGGER (Client1): Wed Jun 21 19:10:18 CEST 2017 - b ti ha sfidato!
LOGGER (Client1): Wed Jun 21 19:10:18 CEST 2017 - Invoked confirm with username=null
LOGGER (Client1): Thu Jun 22 13:59:21 CEST 2017 - Client starting ...
LOGGER (Client1): Thu Jun 22 13:59:40 CEST 2017 - Client starting ...
LOGGER (Client1): Thu Jun 22 13:59:50 CEST 2017 - Invoked invitation with username=bb|[aa]
LOGGER (Client1): Thu Jun 22 13:59:50 CEST 2017 - bb ti ha sfidato!
LOGGER (Client1): Thu Jun 22 13:59:50 CEST 2017 - Invoked invitation with username=bb|[aa]
LOGGER (Client1): Thu Jun 22 13:59:50 CEST 2017 - Invoked confirm with username=bb
LOGGER (Client1): Thu Jun 22 13:59:50 CEST 2017 - Invoked confirm with username=bb
LOGGER (Client1): Thu Jun 22 13:59:50 CEST 2017 - bb inviti inviati correttamente!
LOGGER (Client1): Thu Jun 22 21:38:24 CEST 2017 - Client starting ...
LOGGER (Client1): Thu Jun 22 21:53:23 CEST 2017 - Client starting ...
LOGGER (Client1): Thu Jun 22 21:53:25 CEST 2017 - Client starting ...
LOGGER (Client1): Thu Jun 22 21:54:00 CEST 2017 - Invoked invitation with username=pippo|[ciro]
LOGGER (Client1): Thu Jun 22 21:54:00 CEST 2017 - pippo ti ha sfidato!
LOGGER (Client1): Thu Jun 22 21:54:00 CEST 2017 - Invoked invitation with username=pippo|[ciro]
LOGGER (Client1): Thu Jun 22 21:54:00 CEST 2017 - Invoked confirm with username=pippo
LOGGER (Client1): Thu Jun 22 21:54:00 CEST 2017 - Invoked confirm with username=pippo
LOGGER (Client1): Thu Jun 22 21:54:00 CEST 2017 - pippo inviti inviati correttamente!
LOGGER (Client1): Thu Jun 22 22:36:42 CEST 2017 - Client starting ...
LOGGER (Client1): Thu Jun 22 22:37:30 CEST 2017 - Client starting ...
LOGGER (Client1): Thu Jun 22 22:37:47 CEST 2017 - Client starting ...
LOGGER (Client1): Thu Jun 22 22:41:23 CEST 2017 - Client starting ...
LOGGER (Client1): Thu Jun 22 22:41:29 CEST 2017 - Client starting ...
LOGGER (Client1): Thu Jun 22 22:41:44 CEST 2017 - Invoked invitation with username=b|[a]
LOGGER (Client1): Thu Jun 22 22:41:44 CEST 2017 - b ti ha sfidato!
LOGGER (Client1): Thu Jun 22 22:41:44 CEST 2017 - Invoked invitation with username=b|[a]
LOGGER (Client1): Thu Jun 22 22:41:44 CEST 2017 - Invoked confirm with username=b
LOGGER (Client1): Thu Jun 22 22:41:44 CEST 2017 - Invoked confirm with username=b
LOGGER (Client1): Thu Jun 22 22:41:44 CEST 2017 - b inviti inviati correttamente!
LOGGER (Client1): Thu Jun 22 22:43:39 CEST 2017 - Client starting ...
LOGGER (Client1): Thu Jun 22 22:43:41 CEST 2017 - Client starting ...
LOGGER (Client1): Thu Jun 22 22:44:09 CEST 2017 - Invoked invitation with username=ciro|[gino]
LOGGER (Client1): Thu Jun 22 22:44:09 CEST 2017 - ciro ti ha sfidato!
LOGGER (Client1): Thu Jun 22 22:44:09 CEST 2017 - Invoked invitation with username=ciro|[gino]
LOGGER (Client1): Thu Jun 22 22:44:09 CEST 2017 - Invoked confirm with username=ciro
LOGGER (Client1): Thu Jun 22 22:44:09 CEST 2017 - Invoked confirm with username=ciro
LOGGER (Client1): Thu Jun 22 22:44:09 CEST 2017 - ciro inviti inviati correttamente!
LOGGER (Client1): Thu Jun 22 23:00:37 CEST 2017 - Client starting ...
LOGGER (Client1): Thu Jun 22 23:00:48 CEST 2017 - Client starting ...
LOGGER (Client1): Thu Jun 22 23:00:50 CEST 2017 - Client starting ...
LOGGER (Client1): Thu Jun 22 23:01:08 CEST 2017 - Invoked invitation with username=a|[b]
LOGGER (Client1): Thu Jun 22 23:01:08 CEST 2017 - Invoked invitation with username=a|[b]
LOGGER (Client1): Thu Jun 22 23:01:08 CEST 2017 - a ti ha sfidato!
LOGGER (Client1): Thu Jun 22 23:01:09 CEST 2017 - Invoked confirm with username=a
LOGGER (Client1): Thu Jun 22 23:01:09 CEST 2017 - a inviti inviati correttamente!
LOGGER (Client1): Thu Jun 22 23:01:09 CEST 2017 - Invoked confirm with username=a
LOGGER (Client1): Thu Jun 22 23:04:00 CEST 2017 - Client starting ...
LOGGER (Client1): Thu Jun 22 23:04:15 CEST 2017 - Client starting ...
LOGGER (Client1): Thu Jun 22 23:04:48 CEST 2017 - Client starting ...
LOGGER (Client1): Thu Jun 22 23:38:44 CEST 2017 - Client starting ...
LOGGER (Client1): Thu Jun 22 23:38:57 CEST 2017 - Client starting ...
LOGGER (Client1): Thu Jun 22 23:41:00 CEST 2017 - Client starting ...
LOGGER (Client1): Thu Jun 22 23:42:10 CEST 2017 - Client starting ...
LOGGER (Client1): Thu Jun 22 23:42:13 CEST 2017 - Client starting ...
LOGGER (Client1): Thu Jun 22 23:46:21 CEST 2017 - Client starting ...
LOGGER (Client1): Thu Jun 22 23:49:28 CEST 2017 - Client starting ...
LOGGER (Client1): Thu Jun 22 23:50:58 CEST 2017 - Client starting ...
LOGGER (Client1): Thu Jun 22 23:56:02 CEST 2017 - Client starting ...
LOGGER (Client1): Thu Jun 22 23:56:58 CEST 2017 - Client starting ...
LOGGER (Client1): Fri Jun 23 00:00:31 CEST 2017 - Client starting ...
LOGGER (Client1): Fri Jun 23 00:02:11 CEST 2017 - Client starting ...
LOGGER (Client1): Fri Jun 23 00:02:46 CEST 2017 - Client starting ...
LOGGER (Client1): Fri Jun 23 00:05:47 CEST 2017 - Client starting ...
LOGGER (Client1): Fri Jun 23 00:13:00 CEST 2017 - Client starting ...
LOGGER (Client1): Fri Jun 23 00:14:27 CEST 2017 - Client starting ...
LOGGER (Client1): Fri Jun 23 00:16:07 CEST 2017 - Client starting ...
LOGGER (Client1): Fri Jun 23 00:17:12 CEST 2017 - Client starting ...
LOGGER (Client1): Fri Jun 23 00:21:56 CEST 2017 - Client starting ...
LOGGER (Client1): Fri Jun 23 00:22:54 CEST 2017 - Client starting ...
LOGGER (Client1): Fri Jun 23 00:23:04 CEST 2017 - Client starting ...
LOGGER (Client1): Fri Jun 23 00:24:04 CEST 2017 - Client starting ...
LOGGER (Client1): Fri Jun 23 00:25:17 CEST 2017 - Client starting ...
LOGGER (Client1): Fri Jun 23 00:26:20 CEST 2017 - Client starting ...
LOGGER (Client1): Fri Jun 23 00:27:18 CEST 2017 - Client starting ...
LOGGER (Client1): Fri Jun 23 00:28:15 CEST 2017 - Client starting ...
LOGGER (Client1): Fri Jun 23 00:29:37 CEST 2017 - Client starting ...
LOGGER (Client1): Fri Jun 23 00:31:04 CEST 2017 - Client starting ...
LOGGER (Client1): Fri Jun 23 00:32:57 CEST 2017 - Client starting ...
LOGGER (Client1): Fri Jun 23 00:34:51 CEST 2017 - Client starting ...
LOGGER (Client1): Fri Jun 23 00:35:58 CEST 2017 - Client starting ...
LOGGER (Client1): Fri Jun 23 00:36:48 CEST 2017 - Client starting ...
LOGGER (Client1): Fri Jun 23 00:37:01 CEST 2017 - Client starting ...
LOGGER (Client1): Fri Jun 23 00:38:02 CEST 2017 - Client starting ...
LOGGER (Client1): Fri Jun 23 00:39:03 CEST 2017 - Client starting ...
LOGGER (Client1): Fri Jun 23 00:40:45 CEST 2017 - Client starting ...
LOGGER (Client1): Fri Jun 23 00:42:02 CEST 2017 - Client starting ...
LOGGER (Client1): Fri Jun 23 00:42:40 CEST 2017 - Client starting ...
LOGGER (Client1): Fri Jun 23 00:44:33 CEST 2017 - Client starting ...
LOGGER (Client1): Fri Jun 23 00:45:33 CEST 2017 - Client starting ...
LOGGER (Client1): Fri Jun 23 00:46:16 CEST 2017 - Client starting ...
LOGGER (Client1): Fri Jun 23 00:46:54 CEST 2017 - Client starting ...
LOGGER (Client1): Fri Jun 23 00:47:44 CEST 2017 - Client starting ...
LOGGER (Client1): Fri Jun 23 00:48:09 CEST 2017 - Client starting ...
LOGGER (Client1): Fri Jun 23 00:48:34 CEST 2017 - Client starting ...
LOGGER (Client1): Fri Jun 23 00:49:27 CEST 2017 - Client starting ...
LOGGER (Client1): Fri Jun 23 00:51:35 CEST 2017 - Client starting ...
LOGGER (Client1): Fri Jun 23 00:52:28 CEST 2017 - Client starting ...
LOGGER (Client1): Fri Jun 23 00:54:23 CEST 2017 - Client starting ...
LOGGER (Client1): Fri Jun 23 00:55:09 CEST 2017 - Client starting ...
LOGGER (Client1): Fri Jun 23 00:55:21 CEST 2017 - Client starting ...
LOGGER (Client1): Fri Jun 23 00:56:45 CEST 2017 - Client starting ...
LOGGER (Client1): Fri Jun 23 00:57:02 CEST 2017 - Client starting ...
LOGGER (Client1): Fri Jun 23 00:57:42 CEST 2017 - Client starting ...
LOGGER (Client1): Fri Jun 23 00:58:45 CEST 2017 - Client starting ...
LOGGER (Client1): Fri Jun 23 00:59:26 CEST 2017 - Client starting ...
LOGGER (Client1): Fri Jun 23 01:00:07 CEST 2017 - Client starting ...
LOGGER (Client1): Fri Jun 23 01:00:52 CEST 2017 - Client starting ...
LOGGER (Client1): Fri Jun 23 01:01:50 CEST 2017 - Client starting ...
LOGGER (Client1): Fri Jun 23 01:02:12 CEST 2017 - Client starting ...
LOGGER (Client1): Fri Jun 23 01:02:53 CEST 2017 - Client starting ...
LOGGER (Client1): Fri Jun 23 01:03:19 CEST 2017 - Client starting ...
LOGGER (Client1): Fri Jun 23 01:03:41 CEST 2017 - Client starting ...
LOGGER (Client1): Fri Jun 23 01:04:23 CEST 2017 - Client starting ...
LOGGER (Client1): Fri Jun 23 01:05:37 CEST 2017 - Client starting ...
LOGGER (Client1): Fri Jun 23 01:06:17 CEST 2017 - Client starting ...
LOGGER (Client1): Fri Jun 23 01:06:50 CEST 2017 - Client starting ...
LOGGER (Client1): Fri Jun 23 01:07:31 CEST 2017 - Client starting ...
LOGGER (Client1): Fri Jun 23 01:07:59 CEST 2017 - Client starting ...
LOGGER (Client1): Fri Jun 23 01:08:15 CEST 2017 - Client starting ...
LOGGER (Client1): Fri Jun 23 01:08:28 CEST 2017 - Client starting ...
LOGGER (Client1): Fri Jun 23 01:10:10 CEST 2017 - Client starting ...
LOGGER (Client1): Fri Jun 23 01:11:34 CEST 2017 - Client starting ...
LOGGER (Client1): Fri Jun 23 01:11:40 CEST 2017 - Client starting ...
LOGGER (Client1): Fri Jun 23 01:12:40 CEST 2017 - Client starting ...
LOGGER (Client1): Fri Jun 23 01:12:49 CEST 2017 - Client starting ...
LOGGER (Client1): Fri Jun 23 01:13:02 CEST 2017 - Invoked invitation with username=v|[a]
LOGGER (Client1): Fri Jun 23 01:13:02 CEST 2017 - v ti ha sfidato!
LOGGER (Client1): Fri Jun 23 01:13:02 CEST 2017 - Invoked invitation with username=v|[a]
LOGGER (Client1): Fri Jun 23 01:13:22 CEST 2017 - Invoked invitation with username=v|[a]
LOGGER (Client1): Fri Jun 23 01:13:22 CEST 2017 - v ti ha sfidato!
LOGGER (Client1): Fri Jun 23 01:13:22 CEST 2017 - Invoked invitation with username=v|[a]
LOGGER (Client1): Fri Jun 23 01:13:46 CEST 2017 - Invoked invitation with username=a|[v]
LOGGER (Client1): Fri Jun 23 01:13:46 CEST 2017 - Invoked invitation with username=a|[v]
LOGGER (Client1): Fri Jun 23 01:13:46 CEST 2017 - a ti ha sfidato!
LOGGER (Client1): Fri Jun 23 01:14:57 CEST 2017 - Client starting ...
LOGGER (Client1): Fri Jun 23 01:15:14 CEST 2017 - Invoked invitation with username=q|[v, a]
LOGGER (Client1): Fri Jun 23 01:15:14 CEST 2017 - q ti ha sfidato!
LOGGER (Client1): Fri Jun 23 01:15:14 CEST 2017 - Invoked invitation with username=q|[v, a]
LOGGER (Client1): Fri Jun 23 01:15:14 CEST 2017 - q ti ha sfidato!
LOGGER (Client1): Fri Jun 23 01:15:14 CEST 2017 - Invoked invitation with username=q|[v, a]
LOGGER (Client1): Fri Jun 23 01:16:11 CEST 2017 - Invoked invitation with username=v|[aaaaaaaaaaaaaaaaaaaa]
LOGGER (Client1): Fri Jun 23 01:16:11 CEST 2017 - Invoked invitation with username=v|[aaaaaaaaaaaaaaaaaaaa]
LOGGER (Client1): Fri Jun 23 01:16:11 CEST 2017 - Invoked invitation with username=v|[aaaaaaaaaaaaaaaaaaaa]
LOGGER (Client1): Fri Jun 23 01:16:11 CEST 2017 - v ti ha sfidato!
LOGGER (Client1): Fri Jun 23 01:34:35 CEST 2017 - Client starting ...
LOGGER (Client1): Fri Jun 23 01:34:36 CEST 2017 - Client starting ...
LOGGER (Client1): Fri Jun 23 01:34:59 CEST 2017 - Invoked invitation with username=a|[b]
LOGGER (Client1): Fri Jun 23 01:34:59 CEST 2017 - a ti ha sfidato!
LOGGER (Client1): Fri Jun 23 01:34:59 CEST 2017 - Invoked invitation with username=a|[b]
