LOGGER (Server): Tue Jul 11 15:38:01 CEST 2017 - Server starting ...
LOGGER (Server): Tue Jul 11 15:38:01 CEST 2017 - Auth Service running at 9999 port...
LOGGER (Server): Tue Jul 11 15:40:51 CEST 2017 - Server starting ...
LOGGER (Server): Tue Jul 11 15:40:51 CEST 2017 - Auth Service running at 9999 port...
LOGGER (Server): Tue Jul 11 15:40:51 CEST 2017 - Server started
LOGGER (Server): Tue Jul 11 15:40:51 CEST 2017 - Game Service is running at 10000 port...
LOGGER (Server): Tue Jul 11 15:41:32 CEST 2017 - Invoked login with username=a AND  password=a
LOGGER (Server): Tue Jul 11 15:41:32 CEST 2017 - Login successfull
LOGGER (Server): Tue Jul 11 15:41:39 CEST 2017 - Invoked login with username=b AND  password=b
LOGGER (Server): Tue Jul 11 15:41:39 CEST 2017 - Login successfull
LOGGER (Server): Tue Jul 11 15:42:01 CEST 2017 - Invoked logout with username=b AND  token=ubtnmg8f8bi50ies0da6krkdkt
LOGGER (Server): Tue Jul 11 15:42:01 CEST 2017 - Logout successfull
LOGGER (Server): Tue Jul 11 15:42:01 CEST 2017 - Logout successfull (but something gone wrong)
LOGGER (Server): Tue Jul 11 15:42:05 CEST 2017 - Invoked login with username=c AND  password=c
LOGGER (Server): Tue Jul 11 15:42:05 CEST 2017 - Login successfull
LOGGER (Server): Tue Jul 11 15:42:28 CEST 2017 - Invoked logout with username=c AND  token=pbgdsjma44g7rrjb76rpto023v
LOGGER (Server): Tue Jul 11 15:42:28 CEST 2017 - Logout successfull
LOGGER (Server): Tue Jul 11 15:42:28 CEST 2017 - Logout successfull (but something gone wrong)
LOGGER (Server): Tue Jul 11 15:52:17 CEST 2017 - Server starting ...
LOGGER (Server): Tue Jul 11 15:52:17 CEST 2017 - Auth Service running at 9999 port...
LOGGER (Server): Tue Jul 11 15:52:17 CEST 2017 - Server started
LOGGER (Server): Tue Jul 11 15:52:17 CEST 2017 - Game Service is running at 10000 port...
LOGGER (Server): Tue Jul 11 15:52:21 CEST 2017 - Invoked login with username=a AND  password=a
LOGGER (Server): Tue Jul 11 15:52:21 CEST 2017 - Login successfull
LOGGER (Server): Tue Jul 11 15:52:22 CEST 2017 - Invoked logout with username=a AND  token=gb2j7vfefpetime0abu0kflf5e
LOGGER (Server): Tue Jul 11 15:52:22 CEST 2017 - Logout successfull
LOGGER (Server): Tue Jul 11 15:52:22 CEST 2017 - Logout successfull (but something gone wrong)
LOGGER (Server): Tue Jul 11 15:52:23 CEST 2017 - Invoked login with username= AND  password=
LOGGER (Server): Tue Jul 11 15:52:23 CEST 2017 - Login unsuccessfull
LOGGER (Server): Tue Jul 11 15:52:26 CEST 2017 - Invoked register with username=asd AND  password=asd
LOGGER (Server): Tue Jul 11 15:52:26 CEST 2017 - Registration successfull
LOGGER (Server): Tue Jul 11 16:14:50 CEST 2017 - Invoked register with username=ddd AND  password=dd
LOGGER (Server): Tue Jul 11 16:14:50 CEST 2017 - Registration successfull
LOGGER (Server): Tue Jul 11 16:15:03 CEST 2017 - Server starting ...
LOGGER (Server): Tue Jul 11 16:15:03 CEST 2017 - Auth Service running at 9999 port...
LOGGER (Server): Tue Jul 11 16:15:03 CEST 2017 - Server started
LOGGER (Server): Tue Jul 11 16:15:03 CEST 2017 - Game Service is running at 10000 port...
LOGGER (Server): Tue Jul 11 16:15:13 CEST 2017 - Invoked register with username=as AND  password=as
LOGGER (Server): Tue Jul 11 16:15:13 CEST 2017 - Registration successfull
LOGGER (Server): Tue Jul 11 16:16:16 CEST 2017 - Server starting ...
LOGGER (Server): Tue Jul 11 16:16:16 CEST 2017 - Auth Service running at 9999 port...
LOGGER (Server): Tue Jul 11 16:16:16 CEST 2017 - Server started
LOGGER (Server): Tue Jul 11 16:16:16 CEST 2017 - Game Service is running at 10000 port...
LOGGER (Server): Tue Jul 11 16:16:22 CEST 2017 - Invoked register with username=ca AND  password=ca
LOGGER (Server): Tue Jul 11 16:16:22 CEST 2017 - Registration successfull
LOGGER (Server): Tue Jul 11 16:22:44 CEST 2017 - Server starting ...
LOGGER (Server): Tue Jul 11 16:22:45 CEST 2017 - Auth Service running at 9999 port...
LOGGER (Server): Tue Jul 11 16:22:45 CEST 2017 - Server started
LOGGER (Server): Tue Jul 11 16:22:45 CEST 2017 - Game Service is running at 10000 port...
LOGGER (Server): Tue Jul 11 16:22:52 CEST 2017 - Invoked register with username=v AND  password=v
LOGGER (Server): Tue Jul 11 16:22:52 CEST 2017 - Registration successfull
LOGGER (Server): Tue Jul 11 16:23:02 CEST 2017 - Invoked register with username=aa AND  password=aa
LOGGER (Server): Tue Jul 11 16:23:02 CEST 2017 - Registration successfull
LOGGER (Server): Tue Jul 11 16:26:10 CEST 2017 - Server starting ...
LOGGER (Server): Tue Jul 11 16:26:10 CEST 2017 - Auth Service running at 9999 port...
LOGGER (Server): Tue Jul 11 16:26:10 CEST 2017 - Server started
LOGGER (Server): Tue Jul 11 16:26:10 CEST 2017 - Game Service is running at 10000 port...
LOGGER (Server): Tue Jul 11 16:26:17 CEST 2017 - Invoked register with username=asd AND  password=asd
LOGGER (Server): Tue Jul 11 16:26:18 CEST 2017 - Registration successfull
LOGGER (Server): Tue Jul 11 16:26:25 CEST 2017 - Invoked register with username=ddd AND  password=ddd
LOGGER (Server): Tue Jul 11 16:26:25 CEST 2017 - Registration successfull
LOGGER (Server): Tue Jul 11 16:31:42 CEST 2017 - Server starting ...
LOGGER (Server): Tue Jul 11 16:31:43 CEST 2017 - Auth Service running at 9999 port...
LOGGER (Server): Tue Jul 11 16:31:43 CEST 2017 - Game Service is running at 10000 port...
LOGGER (Server): Tue Jul 11 16:31:43 CEST 2017 - Server started
LOGGER (Server): Tue Jul 11 16:31:54 CEST 2017 - Invoked register with username=fff AND  password=fff
LOGGER (Server): Tue Jul 11 16:32:42 CEST 2017 - Server starting ...
LOGGER (Server): Tue Jul 11 16:32:42 CEST 2017 - Auth Service running at 9999 port...
LOGGER (Server): Tue Jul 11 16:32:42 CEST 2017 - Server started
LOGGER (Server): Tue Jul 11 16:32:42 CEST 2017 - Game Service is running at 10000 port...
LOGGER (Server): Tue Jul 11 16:32:50 CEST 2017 - Invoked register with username=aaa AND  password=aaa
LOGGER (Server): Tue Jul 11 16:33:49 CEST 2017 - Server starting ...
LOGGER (Server): Tue Jul 11 16:33:49 CEST 2017 - Auth Service running at 9999 port...
LOGGER (Server): Tue Jul 11 16:33:49 CEST 2017 - Server started
LOGGER (Server): Tue Jul 11 16:33:49 CEST 2017 - Game Service is running at 10000 port...
LOGGER (Server): Tue Jul 11 16:34:00 CEST 2017 - Invoked register with username=aq AND  password=aq
LOGGER (Server): Tue Jul 11 16:34:00 CEST 2017 - Registration successfull
LOGGER (Server): Tue Jul 11 16:34:06 CEST 2017 - Invoked login with username=aq AND  password=aq
LOGGER (Server): Tue Jul 11 16:34:06 CEST 2017 - Login successfull
LOGGER (Server): Tue Jul 11 16:34:19 CEST 2017 - Server starting ...
LOGGER (Server): Tue Jul 11 16:34:19 CEST 2017 - Auth Service running at 9999 port...
LOGGER (Server): Tue Jul 11 16:34:19 CEST 2017 - Server started
LOGGER (Server): Tue Jul 11 16:34:19 CEST 2017 - Game Service is running at 10000 port...
LOGGER (Server): Tue Jul 11 16:34:25 CEST 2017 - Invoked login with username=aq AND  password=aq
LOGGER (Server): Tue Jul 11 16:34:25 CEST 2017 - Login successfull
LOGGER (Server): Tue Jul 11 16:48:13 CEST 2017 - Server starting ...
LOGGER (Server): Tue Jul 11 16:48:13 CEST 2017 - Auth Service running at 9999 port...
LOGGER (Server): Tue Jul 11 16:48:14 CEST 2017 - Server started
LOGGER (Server): Tue Jul 11 16:48:14 CEST 2017 - Game Service is running at 10000 port...
LOGGER (Server): Tue Jul 11 16:48:22 CEST 2017 - Invoked register with username=qqq AND  password=qqq
LOGGER (Server): Tue Jul 11 16:48:22 CEST 2017 - Registration successfull
LOGGER (Server): Tue Jul 11 16:48:24 CEST 2017 - Invoked login with username=qqq AND  password=qqq
LOGGER (Server): Tue Jul 11 16:48:24 CEST 2017 - Login successfull
LOGGER (Server): Tue Jul 11 16:48:36 CEST 2017 - Server starting ...
LOGGER (Server): Tue Jul 11 16:48:36 CEST 2017 - Auth Service running at 9999 port...
LOGGER (Server): Tue Jul 11 16:48:36 CEST 2017 - Server started
LOGGER (Server): Tue Jul 11 16:48:36 CEST 2017 - Game Service is running at 10000 port...
LOGGER (Server): Tue Jul 11 16:48:48 CEST 2017 - Invoked login with username=a AND  password=a
LOGGER (Server): Tue Jul 11 16:48:48 CEST 2017 - Login successfull
LOGGER (Server): Tue Jul 11 16:50:31 CEST 2017 - Server starting ...
LOGGER (Server): Tue Jul 11 16:50:31 CEST 2017 - Auth Service running at 9999 port...
LOGGER (Server): Tue Jul 11 16:50:31 CEST 2017 - Game Service is running at 10000 port...
LOGGER (Server): Tue Jul 11 16:50:31 CEST 2017 - Server started
LOGGER (Server): Tue Jul 11 16:50:43 CEST 2017 - Invoked login with username=a AND  password=a
LOGGER (Server): Tue Jul 11 16:50:43 CEST 2017 - Login successfull
LOGGER (Server): Tue Jul 11 17:51:38 CEST 2017 - Server starting ...
LOGGER (Server): Tue Jul 11 17:51:38 CEST 2017 - Auth Service running at 9999 port...
LOGGER (Server): Tue Jul 11 17:51:38 CEST 2017 - Game Service is running at 10000 port...
LOGGER (Server): Tue Jul 11 17:51:38 CEST 2017 - Server started
LOGGER (Server): Tue Jul 11 17:51:52 CEST 2017 - Invoked login with username=a AND  password=a
LOGGER (Server): Tue Jul 11 17:51:52 CEST 2017 - Login successfull
LOGGER (Server): Tue Jul 11 17:52:00 CEST 2017 - Invoked login with username=asd AND  password=asd
LOGGER (Server): Tue Jul 11 17:52:00 CEST 2017 - Login successfull
LOGGER (Server): Tue Jul 11 17:52:33 CEST 2017 - Server starting ...
LOGGER (Server): Tue Jul 11 17:52:33 CEST 2017 - Auth Service running at 9999 port...
LOGGER (Server): Tue Jul 11 17:52:33 CEST 2017 - Server started
LOGGER (Server): Tue Jul 11 17:52:33 CEST 2017 - Game Service is running at 10000 port...
LOGGER (Server): Tue Jul 11 17:52:37 CEST 2017 - Invoked login with username=a AND  password=a
LOGGER (Server): Tue Jul 11 17:52:37 CEST 2017 - Login successfull
LOGGER (Server): Tue Jul 11 17:53:04 CEST 2017 - Server starting ...
LOGGER (Server): Tue Jul 11 17:53:04 CEST 2017 - Auth Service running at 9999 port...
LOGGER (Server): Tue Jul 11 17:53:04 CEST 2017 - Server started
LOGGER (Server): Tue Jul 11 17:53:04 CEST 2017 - Game Service is running at 10000 port...
LOGGER (Server): Tue Jul 11 17:53:09 CEST 2017 - Invoked login with username=a AND  password=a
LOGGER (Server): Tue Jul 11 17:53:09 CEST 2017 - Login successfull
LOGGER (Server): Tue Jul 11 17:54:39 CEST 2017 - Server starting ...
LOGGER (Server): Tue Jul 11 17:54:39 CEST 2017 - Auth Service running at 9999 port...
LOGGER (Server): Tue Jul 11 17:54:39 CEST 2017 - Server started
LOGGER (Server): Tue Jul 11 17:54:39 CEST 2017 - Game Service is running at 10000 port...
LOGGER (Server): Tue Jul 11 17:54:50 CEST 2017 - Invoked login with username=asd AND  password=asd
LOGGER (Server): Tue Jul 11 17:54:50 CEST 2017 - Login unsuccessfull
LOGGER (Server): Tue Jul 11 17:54:56 CEST 2017 - Invoked login with username=a AND  password=a
LOGGER (Server): Tue Jul 11 17:54:56 CEST 2017 - Login successfull
LOGGER (Server): Tue Jul 11 17:55:19 CEST 2017 - Server starting ...
LOGGER (Server): Tue Jul 11 17:55:19 CEST 2017 - Auth Service running at 9999 port...
LOGGER (Server): Tue Jul 11 17:55:19 CEST 2017 - Game Service is running at 10000 port...
LOGGER (Server): Tue Jul 11 17:55:19 CEST 2017 - Server started
LOGGER (Server): Tue Jul 11 17:55:28 CEST 2017 - Invoked register with username=asd AND  password=asd
LOGGER (Server): Tue Jul 11 17:55:28 CEST 2017 - Registration successfull
LOGGER (Server): Tue Jul 11 17:55:31 CEST 2017 - Invoked login with username=asd AND  password=asd
LOGGER (Server): Tue Jul 11 17:55:31 CEST 2017 - Login successfull
LOGGER (Server): Tue Jul 11 17:55:42 CEST 2017 - Server starting ...
LOGGER (Server): Tue Jul 11 17:55:43 CEST 2017 - Auth Service running at 9999 port...
LOGGER (Server): Tue Jul 11 17:55:43 CEST 2017 - Server started
LOGGER (Server): Tue Jul 11 17:55:43 CEST 2017 - Game Service is running at 10000 port...
LOGGER (Server): Tue Jul 11 17:55:48 CEST 2017 - Invoked login with username=asd AND  password=asd
LOGGER (Server): Tue Jul 11 17:55:48 CEST 2017 - Login unsuccessfull
LOGGER (Server): Tue Jul 11 17:55:51 CEST 2017 - Invoked login with username=a AND  password=a
LOGGER (Server): Tue Jul 11 17:55:51 CEST 2017 - Login successfull
LOGGER (Server): Tue Jul 11 17:59:36 CEST 2017 - Server starting ...
LOGGER (Server): Tue Jul 11 17:59:36 CEST 2017 - Auth Service running at 9999 port...
LOGGER (Server): Tue Jul 11 17:59:36 CEST 2017 - Server started
LOGGER (Server): Tue Jul 11 17:59:36 CEST 2017 - Game Service is running at 10000 port...
LOGGER (Server): Tue Jul 11 17:59:40 CEST 2017 - Invoked login with username=a AND  password=a
LOGGER (Server): Tue Jul 11 17:59:40 CEST 2017 - Login successfull
LOGGER (Server): Tue Jul 11 18:00:25 CEST 2017 - Server starting ...
LOGGER (Server): Tue Jul 11 18:00:25 CEST 2017 - Auth Service running at 9999 port...
LOGGER (Server): Tue Jul 11 18:00:25 CEST 2017 - Server started
LOGGER (Server): Tue Jul 11 18:00:25 CEST 2017 - Game Service is running at 10000 port...
LOGGER (Server): Tue Jul 11 18:00:29 CEST 2017 - Invoked login with username=a AND  password=a
LOGGER (Server): Tue Jul 11 18:00:29 CEST 2017 - Login successfull
LOGGER (Server): Tue Jul 11 18:01:32 CEST 2017 - Server starting ...
LOGGER (Server): Tue Jul 11 18:01:33 CEST 2017 - Auth Service running at 9999 port...
LOGGER (Server): Tue Jul 11 18:01:33 CEST 2017 - Server started
LOGGER (Server): Tue Jul 11 18:01:33 CEST 2017 - Game Service is running at 10000 port...
LOGGER (Server): Tue Jul 11 18:01:36 CEST 2017 - Invoked login with username=a AND  password=a
LOGGER (Server): Tue Jul 11 18:01:36 CEST 2017 - Login successfull
LOGGER (Server): Tue Jul 11 18:02:41 CEST 2017 - Server starting ...
LOGGER (Server): Tue Jul 11 18:02:42 CEST 2017 - Auth Service running at 9999 port...
LOGGER (Server): Tue Jul 11 18:02:42 CEST 2017 - Server started
LOGGER (Server): Tue Jul 11 18:02:42 CEST 2017 - Game Service is running at 10000 port...
LOGGER (Server): Tue Jul 11 18:02:47 CEST 2017 - Invoked login with username=a AND  password=a
LOGGER (Server): Tue Jul 11 18:03:32 CEST 2017 - Server starting ...
LOGGER (Server): Tue Jul 11 18:03:32 CEST 2017 - Auth Service running at 9999 port...
LOGGER (Server): Tue Jul 11 18:03:33 CEST 2017 - Server started
LOGGER (Server): Tue Jul 11 18:03:33 CEST 2017 - Game Service is running at 10000 port...
LOGGER (Server): Tue Jul 11 18:03:36 CEST 2017 - Invoked login with username=a AND  password=a
LOGGER (Server): Tue Jul 11 18:04:41 CEST 2017 - Server starting ...
LOGGER (Server): Tue Jul 11 18:04:41 CEST 2017 - Auth Service running at 9999 port...
LOGGER (Server): Tue Jul 11 18:04:41 CEST 2017 - Server started
LOGGER (Server): Tue Jul 11 18:04:41 CEST 2017 - Game Service is running at 10000 port...
LOGGER (Server): Tue Jul 11 18:04:44 CEST 2017 - Invoked login with username=a AND  password=a
LOGGER (Server): Tue Jul 11 18:05:08 CEST 2017 - Server starting ...
LOGGER (Server): Tue Jul 11 18:05:08 CEST 2017 - Auth Service running at 9999 port...
LOGGER (Server): Tue Jul 11 18:05:08 CEST 2017 - Server started
LOGGER (Server): Tue Jul 11 18:05:08 CEST 2017 - Game Service is running at 10000 port...
LOGGER (Server): Tue Jul 11 18:05:13 CEST 2017 - Invoked login with username=a AND  password=a
LOGGER (Server): Tue Jul 11 18:05:58 CEST 2017 - Server starting ...
LOGGER (Server): Tue Jul 11 18:05:58 CEST 2017 - Auth Service running at 9999 port...
LOGGER (Server): Tue Jul 11 18:05:58 CEST 2017 - Server started
LOGGER (Server): Tue Jul 11 18:05:58 CEST 2017 - Game Service is running at 10000 port...
LOGGER (Server): Tue Jul 11 18:06:02 CEST 2017 - Invoked login with username=a AND  password=a
LOGGER (Server): Tue Jul 11 18:06:54 CEST 2017 - Server starting ...
LOGGER (Server): Tue Jul 11 18:06:54 CEST 2017 - Auth Service running at 9999 port...
LOGGER (Server): Tue Jul 11 18:06:54 CEST 2017 - Game Service is running at 10000 port...
LOGGER (Server): Tue Jul 11 18:06:54 CEST 2017 - Server started
LOGGER (Server): Tue Jul 11 18:06:59 CEST 2017 - Invoked login with username=a AND  password=a
LOGGER (Server): Tue Jul 11 18:07:47 CEST 2017 - Server starting ...
LOGGER (Server): Tue Jul 11 18:07:47 CEST 2017 - Auth Service running at 9999 port...
LOGGER (Server): Tue Jul 11 18:07:48 CEST 2017 - Server started
LOGGER (Server): Tue Jul 11 18:07:48 CEST 2017 - Game Service is running at 10000 port...
LOGGER (Server): Tue Jul 11 18:07:52 CEST 2017 - Invoked login with username=a AND  password=a
LOGGER (Server): Tue Jul 11 18:07:52 CEST 2017 - Login successfull
LOGGER (Server): Tue Jul 11 18:07:59 CEST 2017 - Invoked logout with username=a AND  token=2li97sgbdbqiss2sp6691v2b2p
LOGGER (Server): Tue Jul 11 18:07:59 CEST 2017 - Logout successfull
LOGGER (Server): Tue Jul 11 18:07:59 CEST 2017 - Logout successfull (but something gone wrong)
LOGGER (Server): Tue Jul 11 18:08:02 CEST 2017 - Invoked register with username=aa AND  password=aa
LOGGER (Server): Tue Jul 11 18:08:02 CEST 2017 - Registration successfull
LOGGER (Server): Tue Jul 11 18:08:05 CEST 2017 - Invoked login with username=aa AND  password=aa
LOGGER (Server): Tue Jul 11 18:08:05 CEST 2017 - Login successfull
LOGGER (Server): Tue Jul 11 18:08:16 CEST 2017 - Server starting ...
LOGGER (Server): Tue Jul 11 18:08:16 CEST 2017 - Auth Service running at 9999 port...
LOGGER (Server): Tue Jul 11 18:08:16 CEST 2017 - Server started
LOGGER (Server): Tue Jul 11 18:08:16 CEST 2017 - Game Service is running at 10000 port...
LOGGER (Server): Tue Jul 11 18:08:20 CEST 2017 - Invoked login with username=aa AND  password=
LOGGER (Server): Tue Jul 11 18:08:20 CEST 2017 - Login unsuccessfull
LOGGER (Server): Tue Jul 11 18:08:22 CEST 2017 - Invoked login with username=aa AND  password=aa
LOGGER (Server): Tue Jul 11 18:08:22 CEST 2017 - Login successfull
LOGGER (Server): Tue Jul 11 18:08:31 CEST 2017 - Invoked login with username=b AND  password=b
LOGGER (Server): Tue Jul 11 18:08:31 CEST 2017 - Login successfull
LOGGER (Server): Tue Jul 11 18:09:05 CEST 2017 - Server starting ...
LOGGER (Server): Tue Jul 11 18:09:05 CEST 2017 - Auth Service running at 9999 port...
LOGGER (Server): Tue Jul 11 18:09:05 CEST 2017 - Server started
LOGGER (Server): Tue Jul 11 18:09:05 CEST 2017 - Game Service is running at 10000 port...
LOGGER (Server): Tue Jul 11 18:10:12 CEST 2017 - Invoked login with username=aa AND  password=aa
LOGGER (Server): Tue Jul 11 18:10:12 CEST 2017 - Login successfull
LOGGER (Server): Tue Jul 11 18:10:21 CEST 2017 - Invoked login with username=b AND  password=b
LOGGER (Server): Tue Jul 11 18:10:21 CEST 2017 - Login successfull
LOGGER (Server): Tue Jul 11 18:10:50 CEST 2017 - Server starting ...
LOGGER (Server): Tue Jul 11 18:10:51 CEST 2017 - Auth Service running at 9999 port...
LOGGER (Server): Tue Jul 11 18:10:51 CEST 2017 - Game Service is running at 10000 port...
LOGGER (Server): Tue Jul 11 18:10:51 CEST 2017 - Server started
LOGGER (Server): Tue Jul 11 18:10:55 CEST 2017 - Invoked login with username=a AND  password=a
LOGGER (Server): Tue Jul 11 18:10:55 CEST 2017 - Login successfull
LOGGER (Server): Tue Jul 11 18:11:00 CEST 2017 - Invoked logout with username=a AND  token=cfonm1701npspdjpdpvuh0837m
LOGGER (Server): Tue Jul 11 18:11:00 CEST 2017 - Logout successfull
LOGGER (Server): Tue Jul 11 18:11:00 CEST 2017 - Logout successfull (but something gone wrong)
LOGGER (Server): Tue Jul 11 18:11:04 CEST 2017 - Invoked register with username=gg AND  password=gg
LOGGER (Server): Tue Jul 11 18:11:04 CEST 2017 - Registration successfull
LOGGER (Server): Tue Jul 11 18:11:10 CEST 2017 - Invoked login with username=aa AND  password=aa
LOGGER (Server): Tue Jul 11 18:11:10 CEST 2017 - Login successfull
LOGGER (Server): Tue Jul 11 18:11:20 CEST 2017 - Invoked login with username=bb AND  password=bb
LOGGER (Server): Tue Jul 11 18:11:20 CEST 2017 - Login unsuccessfull
LOGGER (Server): Tue Jul 11 18:11:25 CEST 2017 - Invoked login with username=gg AND  password=gg
LOGGER (Server): Tue Jul 11 18:11:25 CEST 2017 - Login successfull
LOGGER (Server): Tue Jul 11 18:12:17 CEST 2017 - Server starting ...
LOGGER (Server): Tue Jul 11 18:12:17 CEST 2017 - Auth Service running at 9999 port...
LOGGER (Server): Tue Jul 11 18:12:17 CEST 2017 - Server started
LOGGER (Server): Tue Jul 11 18:12:17 CEST 2017 - Game Service is running at 10000 port...
LOGGER (Server): Tue Jul 11 18:12:22 CEST 2017 - Invoked login with username=gg AND  password=gg
LOGGER (Server): Tue Jul 11 18:12:22 CEST 2017 - Login unsuccessfull
LOGGER (Server): Tue Jul 11 18:12:27 CEST 2017 - Invoked login with username=aa AND  password=aa
LOGGER (Server): Tue Jul 11 18:12:27 CEST 2017 - Login unsuccessfull
LOGGER (Server): Tue Jul 11 18:12:30 CEST 2017 - Invoked login with username=a AND  password=a
LOGGER (Server): Tue Jul 11 18:12:30 CEST 2017 - Login successfull
LOGGER (Server): Tue Jul 11 18:16:44 CEST 2017 - Server starting ...
LOGGER (Server): Tue Jul 11 18:16:44 CEST 2017 - Auth Service running at 9999 port...
LOGGER (Server): Tue Jul 11 18:16:44 CEST 2017 - Server started
LOGGER (Server): Tue Jul 11 18:16:44 CEST 2017 - Game Service is running at 10000 port...
LOGGER (Server): Tue Jul 11 18:16:50 CEST 2017 - Invoked login with username=a AND  password=a
LOGGER (Server): Tue Jul 11 18:16:50 CEST 2017 - Login successfull
LOGGER (Server): Tue Jul 11 18:16:52 CEST 2017 - Invoked logout with username=a AND  token=hf92t4034gq0n65lb8tj6kidof
LOGGER (Server): Tue Jul 11 18:16:52 CEST 2017 - Logout successfull
LOGGER (Server): Tue Jul 11 18:16:52 CEST 2017 - Logout successfull (but something gone wrong)
LOGGER (Server): Tue Jul 11 18:16:56 CEST 2017 - Invoked register with username=aaa AND  password=aaa
LOGGER (Server): Tue Jul 11 18:16:56 CEST 2017 - Registration successfull
LOGGER (Server): Tue Jul 11 18:16:59 CEST 2017 - Invoked login with username=aaa AND  password=aaa
LOGGER (Server): Tue Jul 11 18:16:59 CEST 2017 - Login successfull
LOGGER (Server): Tue Jul 11 18:17:04 CEST 2017 - Server starting ...
LOGGER (Server): Tue Jul 11 18:17:04 CEST 2017 - Auth Service running at 9999 port...
LOGGER (Server): Tue Jul 11 18:17:04 CEST 2017 - Server started
LOGGER (Server): Tue Jul 11 18:17:04 CEST 2017 - Game Service is running at 10000 port...
LOGGER (Server): Tue Jul 11 18:17:10 CEST 2017 - Invoked login with username=aaa AND  password=
LOGGER (Server): Tue Jul 11 18:17:10 CEST 2017 - Login unsuccessfull
LOGGER (Server): Tue Jul 11 18:17:13 CEST 2017 - Invoked login with username=aaa AND  password=aaa
LOGGER (Server): Tue Jul 11 18:17:13 CEST 2017 - Login successfull
LOGGER (Server): Tue Jul 11 18:17:23 CEST 2017 - Invoked logout with username=aaa AND  token=nu0hqi7vpbojv8aqsehusmls7v
LOGGER (Server): Tue Jul 11 18:17:23 CEST 2017 - Logout successfull
LOGGER (Server): Tue Jul 11 18:17:23 CEST 2017 - Logout successfull (but something gone wrong)
LOGGER (Server): Tue Jul 11 18:17:28 CEST 2017 - Invoked register with username=vvv AND  password=vvv
LOGGER (Server): Tue Jul 11 18:17:28 CEST 2017 - Registration successfull
LOGGER (Server): Tue Jul 11 18:17:30 CEST 2017 - Invoked login with username=vvv AND  password=vvv
LOGGER (Server): Tue Jul 11 18:17:30 CEST 2017 - Login successfull
LOGGER (Server): Tue Jul 11 18:18:10 CEST 2017 - Invoked logout with username=vvv AND  token=du1su199tqds47mka3ug82bq8u
LOGGER (Server): Tue Jul 11 18:18:10 CEST 2017 - Logout successfull
LOGGER (Server): Tue Jul 11 18:18:10 CEST 2017 - Logout successfull (but something gone wrong)
LOGGER (Server): Tue Jul 11 18:18:13 CEST 2017 - Invoked login with username=vvv AND  password=vvv
LOGGER (Server): Tue Jul 11 18:18:13 CEST 2017 - Login successfull
LOGGER (Server): Tue Jul 11 18:18:23 CEST 2017 - Invoked logout with username=vvv AND  token=s862u9icp1u1s9jjc9psp0efta
LOGGER (Server): Tue Jul 11 18:18:23 CEST 2017 - Logout successfull
LOGGER (Server): Tue Jul 11 18:18:23 CEST 2017 - Logout successfull (but something gone wrong)
LOGGER (Server): Tue Jul 11 18:18:28 CEST 2017 - Invoked register with username=qq AND  password=qq
LOGGER (Server): Tue Jul 11 18:18:28 CEST 2017 - Registration successfull
LOGGER (Server): Tue Jul 11 18:18:35 CEST 2017 - Invoked login with username=qq AND  password=qq
LOGGER (Server): Tue Jul 11 18:18:35 CEST 2017 - Login successfull
LOGGER (Server): Tue Jul 11 18:18:54 CEST 2017 - Invoked login with username=qq AND  password=qq
LOGGER (Server): Tue Jul 11 18:18:54 CEST 2017 - Login successfull
LOGGER (Server): Tue Jul 11 18:19:13 CEST 2017 - Server starting ...
LOGGER (Server): Tue Jul 11 18:19:13 CEST 2017 - Auth Service running at 9999 port...
LOGGER (Server): Tue Jul 11 18:19:13 CEST 2017 - Server started
LOGGER (Server): Tue Jul 11 18:19:13 CEST 2017 - Game Service is running at 10000 port...
LOGGER (Server): Tue Jul 11 18:19:17 CEST 2017 - Invoked login with username=qq AND  password=qq
LOGGER (Server): Tue Jul 11 18:19:17 CEST 2017 - Login successfull
LOGGER (Server): Tue Jul 11 18:19:58 CEST 2017 - Server starting ...
LOGGER (Server): Tue Jul 11 18:19:58 CEST 2017 - Auth Service running at 9999 port...
LOGGER (Server): Tue Jul 11 18:19:58 CEST 2017 - Server started
LOGGER (Server): Tue Jul 11 18:19:58 CEST 2017 - Game Service is running at 10000 port...
LOGGER (Server): Tue Jul 11 18:20:05 CEST 2017 - Invoked login with username=aaa AND  password=aaa
LOGGER (Server): Tue Jul 11 18:20:21 CEST 2017 - Login successfull
LOGGER (Server): Tue Jul 11 18:20:28 CEST 2017 - Invoked login with username=vvv AND  password=vvv
LOGGER (Server): Tue Jul 11 18:20:28 CEST 2017 - Login successfull
LOGGER (Server): Tue Jul 11 18:21:28 CEST 2017 - Server starting ...
LOGGER (Server): Tue Jul 11 18:21:28 CEST 2017 - Auth Service running at 9999 port...
LOGGER (Server): Tue Jul 11 18:21:28 CEST 2017 - Server started
LOGGER (Server): Tue Jul 11 18:21:28 CEST 2017 - Game Service is running at 10000 port...
LOGGER (Server): Tue Jul 11 18:21:34 CEST 2017 - Invoked login with username=a AND  password=a
LOGGER (Server): Tue Jul 11 18:21:34 CEST 2017 - Login successfull
LOGGER (Server): Tue Jul 11 18:21:44 CEST 2017 - Server starting ...
LOGGER (Server): Tue Jul 11 18:21:44 CEST 2017 - Auth Service running at 9999 port...
LOGGER (Server): Tue Jul 11 18:21:44 CEST 2017 - Server started
LOGGER (Server): Tue Jul 11 18:21:44 CEST 2017 - Game Service is running at 10000 port...
LOGGER (Server): Tue Jul 11 18:21:51 CEST 2017 - Invoked register with username=aa AND  password=aa
LOGGER (Server): Tue Jul 11 18:21:51 CEST 2017 - Registration successfull
LOGGER (Server): Tue Jul 11 18:22:49 CEST 2017 - Server starting ...
LOGGER (Server): Tue Jul 11 18:22:49 CEST 2017 - Auth Service running at 9999 port...
LOGGER (Server): Tue Jul 11 18:22:49 CEST 2017 - Server started
LOGGER (Server): Tue Jul 11 18:22:49 CEST 2017 - Game Service is running at 10000 port...
LOGGER (Server): Tue Jul 11 18:22:54 CEST 2017 - Invoked login with username=a AND  password=a
LOGGER (Server): Tue Jul 11 18:22:54 CEST 2017 - Login successfull
LOGGER (Server): Tue Jul 11 18:22:55 CEST 2017 - Invoked logout with username=a AND  token=r63r7um5s30dfb5fr0qq87nnr9
LOGGER (Server): Tue Jul 11 18:22:55 CEST 2017 - Logout successfull
LOGGER (Server): Tue Jul 11 18:22:55 CEST 2017 - Logout successfull (but something gone wrong)
LOGGER (Server): Tue Jul 11 18:22:58 CEST 2017 - Invoked register with username=aa AND  password=aa
LOGGER (Server): Tue Jul 11 18:22:58 CEST 2017 - Registration successfull
LOGGER (Server): Tue Jul 11 18:23:00 CEST 2017 - Invoked login with username=aa AND  password=aa
LOGGER (Server): Tue Jul 11 18:23:00 CEST 2017 - Login successfull
LOGGER (Server): Tue Jul 11 18:23:07 CEST 2017 - Invoked register with username=ss AND  password=ss
LOGGER (Server): Tue Jul 11 18:23:07 CEST 2017 - Registration successfull
LOGGER (Server): Tue Jul 11 18:23:10 CEST 2017 - Invoked login with username=ss AND  password=ss
LOGGER (Server): Tue Jul 11 18:23:10 CEST 2017 - Login successfull
LOGGER (Server): Tue Jul 11 18:24:40 CEST 2017 - Server starting ...
LOGGER (Server): Tue Jul 11 18:24:40 CEST 2017 - Auth Service running at 9999 port...
LOGGER (Server): Tue Jul 11 18:24:40 CEST 2017 - Server started
LOGGER (Server): Tue Jul 11 18:24:40 CEST 2017 - Game Service is running at 10000 port...
LOGGER (Server): Tue Jul 11 18:24:45 CEST 2017 - Invoked login with username=aa AND  password=aa
LOGGER (Server): Tue Jul 11 18:24:45 CEST 2017 - Login unsuccessfull
LOGGER (Server): Tue Jul 11 18:24:47 CEST 2017 - Invoked login with username=a AND  password=a
LOGGER (Server): Tue Jul 11 18:24:47 CEST 2017 - Login successfull
LOGGER (Server): Tue Jul 11 18:27:28 CEST 2017 - Server starting ...
LOGGER (Server): Tue Jul 11 18:27:28 CEST 2017 - Auth Service running at 9999 port...
LOGGER (Server): Tue Jul 11 18:27:28 CEST 2017 - Server started
LOGGER (Server): Tue Jul 11 18:27:28 CEST 2017 - Game Service is running at 10000 port...
LOGGER (Server): Tue Jul 11 18:27:39 CEST 2017 - Invoked register with username=aa AND  password=aa
LOGGER (Server): Tue Jul 11 18:27:39 CEST 2017 - Registration successfull
LOGGER (Server): Tue Jul 11 18:27:42 CEST 2017 - Invoked login with username=aa AND  password=aa
LOGGER (Server): Tue Jul 11 18:27:42 CEST 2017 - Login successfull
LOGGER (Server): Tue Jul 11 18:27:46 CEST 2017 - Invoked register with username=dd AND  password=dd
LOGGER (Server): Tue Jul 11 18:27:46 CEST 2017 - Registration successfull
LOGGER (Server): Tue Jul 11 18:27:49 CEST 2017 - Invoked login with username=dd AND  password=dd
LOGGER (Server): Tue Jul 11 18:27:49 CEST 2017 - Login successfull
LOGGER (Server): Tue Jul 11 18:29:21 CEST 2017 - Server starting ...
LOGGER (Server): Tue Jul 11 18:29:21 CEST 2017 - Auth Service running at 9999 port...
LOGGER (Server): Tue Jul 11 18:29:21 CEST 2017 - Server started
LOGGER (Server): Tue Jul 11 18:29:21 CEST 2017 - Game Service is running at 10000 port...
LOGGER (Server): Tue Jul 11 18:29:26 CEST 2017 - Invoked login with username=a AND  password=a
LOGGER (Server): Tue Jul 11 18:29:26 CEST 2017 - Login successfull
LOGGER (Server): Tue Jul 11 18:29:28 CEST 2017 - Invoked logout with username=a AND  token=hnvo7cncj0toegi7p9nbh8d0am
LOGGER (Server): Tue Jul 11 18:29:28 CEST 2017 - Logout successfull
LOGGER (Server): Tue Jul 11 18:29:28 CEST 2017 - Logout successfull (but something gone wrong)
LOGGER (Server): Tue Jul 11 18:29:31 CEST 2017 - Invoked register with username=aa AND  password=aa
LOGGER (Server): Tue Jul 11 18:29:31 CEST 2017 - Registration successfull
LOGGER (Server): Tue Jul 11 18:29:34 CEST 2017 - Invoked login with username=aa AND  password=aa
LOGGER (Server): Tue Jul 11 18:29:34 CEST 2017 - Login successfull
LOGGER (Server): Tue Jul 11 18:29:40 CEST 2017 - Invoked register with username=bb AND  password=bb
LOGGER (Server): Tue Jul 11 18:29:40 CEST 2017 - Registration successfull
LOGGER (Server): Tue Jul 11 18:29:43 CEST 2017 - Invoked login with username=bb AND  password=bb
LOGGER (Server): Tue Jul 11 18:29:43 CEST 2017 - Login successfull
LOGGER (Server): Tue Jul 11 18:30:13 CEST 2017 - Server starting ...
LOGGER (Server): Tue Jul 11 18:30:13 CEST 2017 - Auth Service running at 9999 port...
LOGGER (Server): Tue Jul 11 18:30:13 CEST 2017 - Server started
LOGGER (Server): Tue Jul 11 18:30:13 CEST 2017 - Game Service is running at 10000 port...
LOGGER (Server): Tue Jul 11 18:30:19 CEST 2017 - Invoked login with username=a AND  password=a
LOGGER (Server): Tue Jul 11 18:30:19 CEST 2017 - Login successfull
LOGGER (Server): Tue Jul 11 18:31:02 CEST 2017 - Server starting ...
LOGGER (Server): Tue Jul 11 18:31:02 CEST 2017 - Auth Service running at 9999 port...
LOGGER (Server): Tue Jul 11 18:31:02 CEST 2017 - Server started
LOGGER (Server): Tue Jul 11 18:31:02 CEST 2017 - Game Service is running at 10000 port...
LOGGER (Server): Tue Jul 11 18:31:08 CEST 2017 - Invoked register with username=aa AND  password=aa
LOGGER (Server): Tue Jul 11 18:31:08 CEST 2017 - Registration successfull
LOGGER (Server): Tue Jul 11 18:31:13 CEST 2017 - Invoked login with username=aa AND  password=aa
LOGGER (Server): Tue Jul 11 18:31:13 CEST 2017 - Login successfull
LOGGER (Server): Tue Jul 11 18:31:18 CEST 2017 - Invoked login with username=b AND  password=b
LOGGER (Server): Tue Jul 11 18:31:18 CEST 2017 - Login successfull
LOGGER (Server): Tue Jul 11 18:32:13 CEST 2017 - Server starting ...
LOGGER (Server): Tue Jul 11 18:32:13 CEST 2017 - Auth Service running at 9999 port...
LOGGER (Server): Tue Jul 11 18:32:13 CEST 2017 - Server started
LOGGER (Server): Tue Jul 11 18:32:13 CEST 2017 - Game Service is running at 10000 port...
LOGGER (Server): Tue Jul 11 18:32:19 CEST 2017 - Invoked login with username=aa AND  password=aa
LOGGER (Server): Tue Jul 11 18:32:19 CEST 2017 - Login successfull
LOGGER (Server): Tue Jul 11 18:32:25 CEST 2017 - Invoked login with username=b AND  password=b
LOGGER (Server): Tue Jul 11 18:32:25 CEST 2017 - Login successfull
LOGGER (Server): Tue Jul 11 18:32:59 CEST 2017 - Server starting ...
LOGGER (Server): Tue Jul 11 18:33:00 CEST 2017 - Auth Service running at 9999 port...
LOGGER (Server): Tue Jul 11 18:33:00 CEST 2017 - Server started
LOGGER (Server): Tue Jul 11 18:33:00 CEST 2017 - Game Service is running at 10000 port...
LOGGER (Server): Tue Jul 11 18:33:04 CEST 2017 - Invoked login with username=a AND  password=a
LOGGER (Server): Tue Jul 11 18:33:04 CEST 2017 - Login successfull
LOGGER (Server): Tue Jul 11 18:33:56 CEST 2017 - Server starting ...
LOGGER (Server): Tue Jul 11 18:33:56 CEST 2017 - Auth Service running at 9999 port...
LOGGER (Server): Tue Jul 11 18:33:57 CEST 2017 - Server started
LOGGER (Server): Tue Jul 11 18:33:57 CEST 2017 - Game Service is running at 10000 port...
LOGGER (Server): Tue Jul 11 18:34:02 CEST 2017 - Invoked login with username=aa AND  password=aa
LOGGER (Server): Tue Jul 11 18:34:03 CEST 2017 - Login successfull
LOGGER (Server): Tue Jul 11 18:34:08 CEST 2017 - Invoked register with username=bb AND  password=bb
LOGGER (Server): Tue Jul 11 18:34:08 CEST 2017 - Registration successfull
LOGGER (Server): Tue Jul 11 18:34:10 CEST 2017 - Invoked login with username=bb AND  password=bb
LOGGER (Server): Tue Jul 11 18:34:10 CEST 2017 - Login successfull
LOGGER (Server): Tue Jul 11 18:35:05 CEST 2017 - Server starting ...
LOGGER (Server): Tue Jul 11 18:35:05 CEST 2017 - Auth Service running at 9999 port...
LOGGER (Server): Tue Jul 11 18:35:15 CEST 2017 - Server starting ...
LOGGER (Server): Tue Jul 11 18:35:15 CEST 2017 - Auth Service running at 9999 port...
LOGGER (Server): Tue Jul 11 18:35:15 CEST 2017 - Server started
LOGGER (Server): Tue Jul 11 18:35:15 CEST 2017 - Game Service is running at 10000 port...
LOGGER (Server): Tue Jul 11 18:35:22 CEST 2017 - Invoked login with username=a AND  password=a
LOGGER (Server): Tue Jul 11 18:35:22 CEST 2017 - Login successfull
LOGGER (Server): Tue Jul 11 18:37:09 CEST 2017 - Server starting ...
LOGGER (Server): Tue Jul 11 18:37:09 CEST 2017 - Auth Service running at 9999 port...
LOGGER (Server): Tue Jul 11 18:37:09 CEST 2017 - Server started
LOGGER (Server): Tue Jul 11 18:37:09 CEST 2017 - Game Service is running at 10000 port...
LOGGER (Server): Tue Jul 11 18:37:13 CEST 2017 - Invoked login with username=a AND  password=a
LOGGER (Server): Tue Jul 11 18:37:13 CEST 2017 - Login successfull
LOGGER (Server): Tue Jul 11 18:38:09 CEST 2017 - Server starting ...
LOGGER (Server): Tue Jul 11 18:38:09 CEST 2017 - Auth Service running at 9999 port...
LOGGER (Server): Tue Jul 11 18:38:09 CEST 2017 - Server started
LOGGER (Server): Tue Jul 11 18:38:09 CEST 2017 - Game Service is running at 10000 port...
LOGGER (Server): Tue Jul 11 18:38:22 CEST 2017 - Invoked login with username=a AND  password=a
LOGGER (Server): Tue Jul 11 18:38:22 CEST 2017 - Login successfull
LOGGER (Server): Tue Jul 11 18:38:53 CEST 2017 - Server starting ...
LOGGER (Server): Tue Jul 11 18:38:53 CEST 2017 - Auth Service running at 9999 port...
LOGGER (Server): Tue Jul 11 18:38:53 CEST 2017 - Game Service is running at 10000 port...
LOGGER (Server): Tue Jul 11 18:38:53 CEST 2017 - Server started
LOGGER (Server): Tue Jul 11 18:39:06 CEST 2017 - Invoked register with username=aa AND  password=aa
LOGGER (Server): Tue Jul 11 18:39:06 CEST 2017 - Registration successfull
LOGGER (Server): Tue Jul 11 18:39:21 CEST 2017 - Invoked register with username=qq AND  password=qq
LOGGER (Server): Tue Jul 11 18:39:21 CEST 2017 - Registration successfull
LOGGER (Server): Tue Jul 11 18:39:24 CEST 2017 - Invoked login with username=qq AND  password=qq
LOGGER (Server): Tue Jul 11 18:39:24 CEST 2017 - Login successfull
LOGGER (Server): Tue Jul 11 18:39:29 CEST 2017 - Invoked login with username=ss AND  password=ss
LOGGER (Server): Tue Jul 11 18:39:29 CEST 2017 - Login unsuccessfull
LOGGER (Server): Tue Jul 11 18:39:35 CEST 2017 - Invoked register with username=ss AND  password=ss
LOGGER (Server): Tue Jul 11 18:39:35 CEST 2017 - Registration successfull
LOGGER (Server): Tue Jul 11 18:39:37 CEST 2017 - Invoked login with username=ss AND  password=ss
LOGGER (Server): Tue Jul 11 18:39:37 CEST 2017 - Login successfull
LOGGER (Server): Tue Jul 11 18:39:55 CEST 2017 - Server starting ...
LOGGER (Server): Tue Jul 11 18:39:55 CEST 2017 - Auth Service running at 9999 port...
LOGGER (Server): Tue Jul 11 18:39:55 CEST 2017 - Server started
LOGGER (Server): Tue Jul 11 18:39:55 CEST 2017 - Game Service is running at 10000 port...
LOGGER (Server): Tue Jul 11 18:40:00 CEST 2017 - Invoked login with username=aa AND  password=aa
LOGGER (Server): Tue Jul 11 18:40:00 CEST 2017 - Login successfull
LOGGER (Server): Tue Jul 11 18:40:28 CEST 2017 - Invoked login with username=ss AND  password=ss
LOGGER (Server): Tue Jul 11 18:40:28 CEST 2017 - Login successfull
LOGGER (Server): Tue Jul 11 18:48:23 CEST 2017 - Server starting ...
LOGGER (Server): Tue Jul 11 18:48:23 CEST 2017 - Auth Service running at 9999 port...
LOGGER (Server): Tue Jul 11 18:48:23 CEST 2017 - Game Service is running at 10000 port...
LOGGER (Server): Tue Jul 11 18:48:23 CEST 2017 - Server started
LOGGER (Server): Tue Jul 11 18:48:28 CEST 2017 - Invoked login with username=a AND  password=a
LOGGER (Server): Tue Jul 11 18:48:28 CEST 2017 - Login successfull
LOGGER (Server): Tue Jul 11 18:50:22 CEST 2017 - Server starting ...
LOGGER (Server): Tue Jul 11 18:50:22 CEST 2017 - Auth Service running at 9999 port...
LOGGER (Server): Tue Jul 11 18:50:22 CEST 2017 - Server started
LOGGER (Server): Tue Jul 11 18:50:22 CEST 2017 - Game Service is running at 10000 port...
LOGGER (Server): Tue Jul 11 18:50:27 CEST 2017 - Invoked login with username=a AND  password=a
LOGGER (Server): Tue Jul 11 18:50:27 CEST 2017 - Login successfull
LOGGER (Server): Tue Jul 11 18:50:41 CEST 2017 - Server starting ...
LOGGER (Server): Tue Jul 11 18:50:41 CEST 2017 - Auth Service running at 9999 port...
LOGGER (Server): Tue Jul 11 18:50:41 CEST 2017 - Server started
LOGGER (Server): Tue Jul 11 18:50:41 CEST 2017 - Game Service is running at 10000 port...
LOGGER (Server): Tue Jul 11 18:50:45 CEST 2017 - Invoked login with username=a AND  password=a
LOGGER (Server): Tue Jul 11 18:50:45 CEST 2017 - Login successfull
LOGGER (Server): Tue Jul 11 18:50:48 CEST 2017 - Invoked logout with username=a AND  token=q278uvq6srbm00ufi8gk0ds93v
LOGGER (Server): Tue Jul 11 18:50:48 CEST 2017 - Logout successfull
LOGGER (Server): Tue Jul 11 18:50:48 CEST 2017 - Logout successfull (but something gone wrong)
LOGGER (Server): Tue Jul 11 18:50:50 CEST 2017 - Invoked register with username=aa AND  password=aa
LOGGER (Server): Tue Jul 11 18:50:50 CEST 2017 - Registration successfull
LOGGER (Server): Tue Jul 11 18:50:57 CEST 2017 - Invoked register with username=ss AND  password=ss
LOGGER (Server): Tue Jul 11 18:50:57 CEST 2017 - Registration successfull
LOGGER (Server): Tue Jul 11 18:51:00 CEST 2017 - Invoked login with username=ss AND  password=ss
LOGGER (Server): Tue Jul 11 18:51:00 CEST 2017 - Login successfull
LOGGER (Server): Tue Jul 11 18:51:05 CEST 2017 - Invoked login with username=aa AND  password=aa
LOGGER (Server): Tue Jul 11 18:51:05 CEST 2017 - Login successfull
LOGGER (Server): Tue Jul 11 18:52:52 CEST 2017 - Server starting ...
LOGGER (Server): Tue Jul 11 18:52:52 CEST 2017 - Auth Service running at 9999 port...
LOGGER (Server): Tue Jul 11 18:52:52 CEST 2017 - Game Service is running at 10000 port...
LOGGER (Server): Tue Jul 11 18:52:52 CEST 2017 - Server started
LOGGER (Server): Tue Jul 11 18:52:56 CEST 2017 - Invoked login with username=a AND  password=a
LOGGER (Server): Tue Jul 11 18:53:07 CEST 2017 - Server starting ...
LOGGER (Server): Tue Jul 11 18:53:07 CEST 2017 - Auth Service running at 9999 port...
LOGGER (Server): Tue Jul 11 18:53:07 CEST 2017 - Server started
LOGGER (Server): Tue Jul 11 18:53:07 CEST 2017 - Game Service is running at 10000 port...
LOGGER (Server): Tue Jul 11 18:53:10 CEST 2017 - Invoked login with username=a AND  password=a
LOGGER (Server): Tue Jul 11 18:53:10 CEST 2017 - Login successfull
LOGGER (Server): Tue Jul 11 18:53:14 CEST 2017 - Invoked logout with username=a AND  token=keooh5rlk5les4c1lsgn8qedjj
LOGGER (Server): Tue Jul 11 18:53:14 CEST 2017 - Logout successfull
LOGGER (Server): Tue Jul 11 18:53:14 CEST 2017 - Logout successfull (but something gone wrong)
LOGGER (Server): Tue Jul 11 18:53:17 CEST 2017 - Invoked register with username=aa AND  password=aa
LOGGER (Server): Tue Jul 11 18:53:17 CEST 2017 - Registration successfull
LOGGER (Server): Tue Jul 11 18:53:20 CEST 2017 - Invoked login with username=aa AND  password=aa
LOGGER (Server): Tue Jul 11 18:53:20 CEST 2017 - Login successfull
LOGGER (Server): Tue Jul 11 18:53:27 CEST 2017 - Invoked login with username=bb AND  password=bb
LOGGER (Server): Tue Jul 11 18:53:27 CEST 2017 - Login unsuccessfull
LOGGER (Server): Tue Jul 11 18:53:32 CEST 2017 - Invoked login with username=bb AND  password=bb
LOGGER (Server): Tue Jul 11 18:53:32 CEST 2017 - Login unsuccessfull
LOGGER (Server): Tue Jul 11 18:53:37 CEST 2017 - Invoked login with username=bb AND  password=bb
LOGGER (Server): Tue Jul 11 18:53:37 CEST 2017 - Login unsuccessfull
LOGGER (Server): Tue Jul 11 18:53:41 CEST 2017 - Invoked register with username=bb AND  password=bb
LOGGER (Server): Tue Jul 11 18:53:41 CEST 2017 - Registration successfull
LOGGER (Server): Tue Jul 11 18:53:45 CEST 2017 - Invoked login with username=bb AND  password=bb
LOGGER (Server): Tue Jul 11 18:53:45 CEST 2017 - Login successfull
LOGGER (Server): Tue Jul 11 18:54:57 CEST 2017 - Server starting ...
LOGGER (Server): Tue Jul 11 18:54:57 CEST 2017 - Auth Service running at 9999 port...
LOGGER (Server): Tue Jul 11 18:54:58 CEST 2017 - Game Service is running at 10000 port...
LOGGER (Server): Tue Jul 11 18:54:58 CEST 2017 - Server started
LOGGER (Server): Tue Jul 11 18:55:14 CEST 2017 - Invoked login with username=a AND  password=a
LOGGER (Server): Tue Jul 11 18:55:14 CEST 2017 - Login successfull
LOGGER (Server): Tue Jul 11 18:55:47 CEST 2017 - Invoked logout with username=a AND  token=li2qi15q6n92pqtmbj422qpgdg
LOGGER (Server): Tue Jul 11 18:55:47 CEST 2017 - Logout successfull
LOGGER (Server): Tue Jul 11 18:55:47 CEST 2017 - Logout successfull (but something gone wrong)
LOGGER (Server): Tue Jul 11 18:55:50 CEST 2017 - Invoked login with username=aa AND  password=aa
LOGGER (Server): Tue Jul 11 18:55:50 CEST 2017 - Login successfull
LOGGER (Server): Tue Jul 11 18:57:44 CEST 2017 - Server starting ...
LOGGER (Server): Tue Jul 11 18:57:44 CEST 2017 - Auth Service running at 9999 port...
LOGGER (Server): Tue Jul 11 18:57:44 CEST 2017 - Server started
LOGGER (Server): Tue Jul 11 18:57:44 CEST 2017 - Game Service is running at 10000 port...
LOGGER (Server): Tue Jul 11 18:57:48 CEST 2017 - Invoked login with username=a AND  password=a
LOGGER (Server): Tue Jul 11 18:57:48 CEST 2017 - Login successfull
LOGGER (Server): Tue Jul 11 18:57:49 CEST 2017 - Invoked logout with username=a AND  token=r5vr0tbtregjqtj5alnbl49hhi
LOGGER (Server): Tue Jul 11 18:57:49 CEST 2017 - Logout successfull
LOGGER (Server): Tue Jul 11 18:57:49 CEST 2017 - Logout successfull (but something gone wrong)
LOGGER (Server): Tue Jul 11 18:57:50 CEST 2017 - Invoked login with username= AND  password=
LOGGER (Server): Tue Jul 11 18:57:50 CEST 2017 - Login unsuccessfull
LOGGER (Server): Tue Jul 11 18:57:53 CEST 2017 - Invoked register with username=aa AND  password=aa
LOGGER (Server): Tue Jul 11 18:57:53 CEST 2017 - Registration successfull
LOGGER (Server): Tue Jul 11 18:57:56 CEST 2017 - Invoked login with username=aa AND  password=aa
LOGGER (Server): Tue Jul 11 18:57:56 CEST 2017 - Login successfull
LOGGER (Server): Tue Jul 11 18:58:03 CEST 2017 - Invoked register with username=bb AND  password=bb
LOGGER (Server): Tue Jul 11 18:58:03 CEST 2017 - Registration successfull
LOGGER (Server): Tue Jul 11 18:58:05 CEST 2017 - Invoked login with username=aa AND  password=
LOGGER (Server): Tue Jul 11 18:58:05 CEST 2017 - Login unsuccessfull
LOGGER (Server): Tue Jul 11 18:58:08 CEST 2017 - Invoked login with username=bb AND  password=bb
LOGGER (Server): Tue Jul 11 18:58:08 CEST 2017 - Login successfull
LOGGER (Server): Tue Jul 11 18:58:29 CEST 2017 - Server starting ...
LOGGER (Server): Tue Jul 11 18:58:29 CEST 2017 - Auth Service running at 9999 port...
LOGGER (Server): Tue Jul 11 18:58:29 CEST 2017 - Server started
LOGGER (Server): Tue Jul 11 18:58:30 CEST 2017 - Game Service is running at 10000 port...
LOGGER (Server): Tue Jul 11 18:58:38 CEST 2017 - Invoked login with username=aa AND  password=aa
LOGGER (Server): Tue Jul 11 18:58:38 CEST 2017 - Login successfull
LOGGER (Server): Tue Jul 11 18:58:41 CEST 2017 - Invoked login with username=bb AND  password=bb
LOGGER (Server): Tue Jul 11 18:58:41 CEST 2017 - Login successfull
LOGGER (Server): Tue Jul 11 19:04:22 CEST 2017 - Server starting ...
LOGGER (Server): Tue Jul 11 19:04:22 CEST 2017 - Auth Service running at 9999 port...
LOGGER (Server): Tue Jul 11 19:04:22 CEST 2017 - Server started
LOGGER (Server): Tue Jul 11 19:04:22 CEST 2017 - Game Service is running at 10000 port...
LOGGER (Server): Tue Jul 11 19:04:31 CEST 2017 - Invoked register with username=aa AND  password=aa
LOGGER (Server): Tue Jul 11 19:04:31 CEST 2017 - Registration unsuccessfull
LOGGER (Server): Tue Jul 11 19:04:37 CEST 2017 - Invoked login with username=aa AND  password=aa
LOGGER (Server): Tue Jul 11 19:04:37 CEST 2017 - Login successfull
LOGGER (Server): Tue Jul 11 19:04:45 CEST 2017 - Invoked login with username=bb AND  password=bb
LOGGER (Server): Tue Jul 11 19:04:45 CEST 2017 - Login successfull
LOGGER (Server): Tue Jul 11 19:05:17 CEST 2017 - Server starting ...
LOGGER (Server): Tue Jul 11 19:05:18 CEST 2017 - Auth Service running at 9999 port...
LOGGER (Server): Tue Jul 11 19:05:18 CEST 2017 - Server started
LOGGER (Server): Tue Jul 11 19:05:18 CEST 2017 - Game Service is running at 10000 port...
LOGGER (Server): Tue Jul 11 19:05:21 CEST 2017 - Invoked login with username=a AND  password=a
LOGGER (Server): Tue Jul 11 19:05:21 CEST 2017 - Login successfull
LOGGER (Server): Tue Jul 11 19:06:59 CEST 2017 - Server starting ...
LOGGER (Server): Tue Jul 11 19:06:59 CEST 2017 - Auth Service running at 9999 port...
LOGGER (Server): Tue Jul 11 19:06:59 CEST 2017 - Server started
LOGGER (Server): Tue Jul 11 19:06:59 CEST 2017 - Game Service is running at 10000 port...
LOGGER (Server): Tue Jul 11 19:07:02 CEST 2017 - Invoked login with username=a AND  password=a
LOGGER (Server): Tue Jul 11 19:07:02 CEST 2017 - Login successfull
LOGGER (Server): Tue Jul 11 19:07:03 CEST 2017 - Invoked logout with username=a AND  token=tm15akq45p12pt8klbok16v232
LOGGER (Server): Tue Jul 11 19:07:03 CEST 2017 - Logout successfull
LOGGER (Server): Tue Jul 11 19:07:03 CEST 2017 - Logout successfull (but something gone wrong)
LOGGER (Server): Tue Jul 11 19:07:07 CEST 2017 - Invoked register with username=aa AND  password=aa
LOGGER (Server): Tue Jul 11 19:07:07 CEST 2017 - Registration successfull
LOGGER (Server): Tue Jul 11 19:07:11 CEST 2017 - Invoked login with username=aa AND  password=aa
LOGGER (Server): Tue Jul 11 19:07:11 CEST 2017 - Login successfull
LOGGER (Server): Tue Jul 11 19:07:20 CEST 2017 - Invoked register with username=bb AND  password=bb
LOGGER (Server): Tue Jul 11 19:07:20 CEST 2017 - Registration successfull
LOGGER (Server): Tue Jul 11 19:07:23 CEST 2017 - Invoked login with username=bb AND  password=bb
LOGGER (Server): Tue Jul 11 19:07:23 CEST 2017 - Login successfull
LOGGER (Server): Tue Jul 11 19:08:15 CEST 2017 - Server starting ...
LOGGER (Server): Tue Jul 11 19:08:15 CEST 2017 - Auth Service running at 9999 port...
LOGGER (Server): Tue Jul 11 19:08:16 CEST 2017 - Game Service is running at 10000 port...
LOGGER (Server): Tue Jul 11 19:08:16 CEST 2017 - Server started
LOGGER (Server): Tue Jul 11 19:08:21 CEST 2017 - Invoked login with username=a AND  password=a
LOGGER (Server): Tue Jul 11 19:08:21 CEST 2017 - Login successfull
LOGGER (Server): Tue Jul 11 19:08:45 CEST 2017 - Invoked logout with username=a AND  token=9ro2q30subp03h613vlpt8me6s
LOGGER (Server): Tue Jul 11 19:08:45 CEST 2017 - Logout successfull
LOGGER (Server): Tue Jul 11 19:08:45 CEST 2017 - Logout successfull (but something gone wrong)
LOGGER (Server): Tue Jul 11 19:08:48 CEST 2017 - Invoked register with username=ss AND  password=ss
LOGGER (Server): Tue Jul 11 19:08:48 CEST 2017 - Registration successfull
LOGGER (Server): Tue Jul 11 19:08:50 CEST 2017 - Invoked login with username=ss AND  password=ss
LOGGER (Server): Tue Jul 11 19:08:50 CEST 2017 - Login successfull
LOGGER (Server): Tue Jul 11 19:09:01 CEST 2017 - Server starting ...
LOGGER (Server): Tue Jul 11 19:09:02 CEST 2017 - Auth Service running at 9999 port...
LOGGER (Server): Tue Jul 11 19:09:02 CEST 2017 - Server started
LOGGER (Server): Tue Jul 11 19:09:02 CEST 2017 - Game Service is running at 10000 port...
LOGGER (Server): Tue Jul 11 19:09:07 CEST 2017 - Invoked login with username=aa AND  password=aa
LOGGER (Server): Tue Jul 11 19:09:07 CEST 2017 - Login successfull
LOGGER (Server): Tue Jul 11 19:09:19 CEST 2017 - Invoked login with username=aa AND  password=aa
LOGGER (Server): Tue Jul 11 19:09:19 CEST 2017 - Login successfull
LOGGER (Server): Tue Jul 11 19:09:29 CEST 2017 - Invoked logout with username=aa AND  token=sk5kt2lsuea2dqepile4l8dsrd
LOGGER (Server): Tue Jul 11 19:09:29 CEST 2017 - Logout successfull
LOGGER (Server): Tue Jul 11 19:09:29 CEST 2017 - Logout successfull (but something gone wrong)
LOGGER (Server): Tue Jul 11 19:09:31 CEST 2017 - Invoked logout with username=aa AND  token=cf97m4hsdpgg3buh3nf7japbej
LOGGER (Server): Tue Jul 11 19:09:31 CEST 2017 - Logout successfull (but something gone wrong)
LOGGER (Server): Tue Jul 11 19:09:34 CEST 2017 - Invoked login with username=ss AND  password=ss
LOGGER (Server): Tue Jul 11 19:09:34 CEST 2017 - Login successfull
LOGGER (Server): Tue Jul 11 19:09:36 CEST 2017 - Invoked login with username=aa AND  password=aa
LOGGER (Server): Tue Jul 11 19:09:36 CEST 2017 - Login successfull
LOGGER (Server): Tue Jul 11 19:10:08 CEST 2017 - Server starting ...
LOGGER (Server): Tue Jul 11 19:10:08 CEST 2017 - Auth Service running at 9999 port...
LOGGER (Server): Tue Jul 11 19:10:08 CEST 2017 - Server started
LOGGER (Server): Tue Jul 11 19:10:08 CEST 2017 - Game Service is running at 10000 port...
LOGGER (Server): Tue Jul 11 19:10:14 CEST 2017 - Invoked login with username=a AND  password=a
LOGGER (Server): Tue Jul 11 19:10:14 CEST 2017 - Login successfull
LOGGER (Server): Tue Jul 11 19:17:27 CEST 2017 - Server starting ...
LOGGER (Server): Tue Jul 11 19:17:27 CEST 2017 - Auth Service running at 9999 port...
LOGGER (Server): Tue Jul 11 19:17:27 CEST 2017 - Game Service is running at 10000 port...
LOGGER (Server): Tue Jul 11 19:17:27 CEST 2017 - Server started
LOGGER (Server): Tue Jul 11 19:17:40 CEST 2017 - Invoked register with username=aa AND  password=aa
LOGGER (Server): Tue Jul 11 19:17:40 CEST 2017 - Registration successfull
LOGGER (Server): Tue Jul 11 19:17:43 CEST 2017 - Invoked login with username=aa AND  password=aa
LOGGER (Server): Tue Jul 11 19:17:43 CEST 2017 - Login successfull
LOGGER (Server): Tue Jul 11 19:17:49 CEST 2017 - Invoked register with username=bb AND  password=bb
LOGGER (Server): Tue Jul 11 19:17:49 CEST 2017 - Registration successfull
LOGGER (Server): Tue Jul 11 19:17:52 CEST 2017 - Invoked login with username=bb AND  password=bb
LOGGER (Server): Tue Jul 11 19:17:52 CEST 2017 - Login successfull
LOGGER (Server): Tue Jul 11 19:18:22 CEST 2017 - Server starting ...
LOGGER (Server): Tue Jul 11 19:18:22 CEST 2017 - Auth Service running at 9999 port...
LOGGER (Server): Tue Jul 11 19:18:22 CEST 2017 - Server started
LOGGER (Server): Tue Jul 11 19:18:22 CEST 2017 - Game Service is running at 10000 port...
LOGGER (Server): Tue Jul 11 19:18:28 CEST 2017 - Invoked login with username=a AND  password=a
LOGGER (Server): Tue Jul 11 19:18:28 CEST 2017 - Login successfull
LOGGER (Server): Tue Jul 11 19:18:40 CEST 2017 - Invoked login with username=bb AND  password=bb
LOGGER (Server): Tue Jul 11 19:18:40 CEST 2017 - Login successfull
LOGGER (Server): Tue Jul 11 19:19:17 CEST 2017 - Server starting ...
LOGGER (Server): Tue Jul 11 19:19:18 CEST 2017 - Auth Service running at 9999 port...
LOGGER (Server): Tue Jul 11 19:19:18 CEST 2017 - Server started
LOGGER (Server): Tue Jul 11 19:19:18 CEST 2017 - Game Service is running at 10000 port...
LOGGER (Server): Tue Jul 11 19:19:23 CEST 2017 - Invoked login with username=bb AND  password=bb
LOGGER (Server): Tue Jul 11 19:19:23 CEST 2017 - Login successfull
