LOGGER (Server): Sun Jun 18 09:40:13 CEST 2017 - Server started
LOGGER (Server): Sun Jun 18 09:40:13 CEST 2017 - Auth Service running at 9999 port...
LOGGER (Server): Sun Jun 18 09:40:15 CEST 2017 - Invoked login with username= AND  password=
LOGGER (Server): Sun Jun 18 09:40:34 CEST 2017 - Invoked login with username=admin AND  password=admin
LOGGER (Server): Sun Jun 18 09:40:34 CEST 2017 - Login successfull
LOGGER (Server): Sun Jun 18 09:40:38 CEST 2017 - Invoked logout with username= AND  token=
LOGGER (Server): Sun Jun 18 09:47:07 CEST 2017 - Server started
LOGGER (Server): Sun Jun 18 09:47:07 CEST 2017 - Auth Service running at 9999 port...
LOGGER (Server): Sun Jun 18 09:47:53 CEST 2017 - Server started
LOGGER (Server): Sun Jun 18 09:47:53 CEST 2017 - Auth Service running at 9999 port...
LOGGER (Server): Sun Jun 18 09:47:57 CEST 2017 - Invoked login with username=admin AND  password=admin
LOGGER (Server): Sun Jun 18 09:47:57 CEST 2017 - Login successfull
LOGGER (Server): Sun Jun 18 09:48:11 CEST 2017 - Invoked logout with username= AND  token=
LOGGER (Server): Sun Jun 18 09:48:11 CEST 2017 - Logout successfull
LOGGER (Server): Sun Jun 18 09:48:14 CEST 2017 - Invoked register with username= AND  password=
LOGGER (Server): Sun Jun 18 09:48:16 CEST 2017 - Invoked register with username=asd AND  password=dsa
LOGGER (Server): Sun Jun 18 09:48:16 CEST 2017 - Registration successfull
LOGGER (Server): Sun Jun 18 11:01:01 CEST 2017 - Server starting ...
LOGGER (Server): Sun Jun 18 11:01:01 CEST 2017 - Auth Service running at 9999 port...
LOGGER (Server): Sun Jun 18 11:01:01 CEST 2017 - Server started
LOGGER (Server): Sun Jun 18 11:01:05 CEST 2017 - Invoked login with username= AND  password=
LOGGER (Server): Sun Jun 18 11:01:05 CEST 2017 - Login unsuccessfull
LOGGER (Server): Sun Jun 18 11:01:21 CEST 2017 - Invoked register with username=asdasdasd AND  password=asdasd
LOGGER (Server): Sun Jun 18 11:01:21 CEST 2017 - Registration successfull
LOGGER (Server): Sun Jun 18 11:01:32 CEST 2017 - Invoked register with username=asd AND  password=asd
LOGGER (Server): Sun Jun 18 11:01:32 CEST 2017 - Registration successfull
LOGGER (Server): Sun Jun 18 11:01:39 CEST 2017 - Invoked register with username=asd AND  password=asd
LOGGER (Server): Sun Jun 18 11:01:39 CEST 2017 - Registration successfull
LOGGER (Server): Sun Jun 18 11:01:47 CEST 2017 - Invoked register with username=asd AND  password=asd
LOGGER (Server): Sun Jun 18 11:01:47 CEST 2017 - Registration successfull
LOGGER (Server): Sun Jun 18 11:01:54 CEST 2017 - Invoked login with username=asddd AND  password=ddd
LOGGER (Server): Sun Jun 18 11:01:54 CEST 2017 - Login unsuccessfull
LOGGER (Server): Sun Jun 18 11:01:56 CEST 2017 - Invoked login with username=asd AND  password=asd
LOGGER (Server): Sun Jun 18 11:01:56 CEST 2017 - Login unsuccessfull
LOGGER (Server): Sun Jun 18 11:02:41 CEST 2017 - Server starting ...
LOGGER (Server): Sun Jun 18 11:02:41 CEST 2017 - Auth Service running at 9999 port...
LOGGER (Server): Sun Jun 18 11:02:41 CEST 2017 - Server started
LOGGER (Server): Sun Jun 18 11:02:42 CEST 2017 - Invoked register with username=ddd AND  password=dsss
LOGGER (Server): Sun Jun 18 11:02:42 CEST 2017 - Registration successfull
LOGGER (Server): Sun Jun 18 11:02:49 CEST 2017 - Invoked register with username=aaaaaa AND  password=dddddd
LOGGER (Server): Sun Jun 18 11:02:49 CEST 2017 - Registration successfull
LOGGER (Server): Sun Jun 18 11:11:33 CEST 2017 - Server starting ...
LOGGER (Server): Sun Jun 18 11:11:34 CEST 2017 - Auth Service running at 9999 port...
LOGGER (Server): Sun Jun 18 11:11:34 CEST 2017 - Server started
LOGGER (Server): Sun Jun 18 11:11:34 CEST 2017 - Invoked login with username= AND  password=
LOGGER (Server): Sun Jun 18 11:11:34 CEST 2017 - Login unsuccessfull
LOGGER (Server): Sun Jun 18 11:11:39 CEST 2017 - Invoked login with username=admin AND  password=admin
LOGGER (Server): Sun Jun 18 11:11:39 CEST 2017 - Login successfull
LOGGER (Server): Sun Jun 18 11:12:02 CEST 2017 - Server starting ...
LOGGER (Server): Sun Jun 18 11:12:03 CEST 2017 - Auth Service running at 9999 port...
LOGGER (Server): Sun Jun 18 11:12:03 CEST 2017 - Server started
LOGGER (Server): Sun Jun 18 11:12:04 CEST 2017 - Invoked login with username=fds AND  password=sdf
LOGGER (Server): Sun Jun 18 11:12:04 CEST 2017 - Login successfull
LOGGER (Server): Sun Jun 18 11:12:07 CEST 2017 - Invoked logout with username= AND  token=
LOGGER (Server): Sun Jun 18 11:12:07 CEST 2017 - Logout successfull (but something gone wrong)
LOGGER (Server): Sun Jun 18 11:12:57 CEST 2017 - Server starting ...
LOGGER (Server): Sun Jun 18 11:12:58 CEST 2017 - Auth Service running at 9999 port...
LOGGER (Server): Sun Jun 18 11:12:58 CEST 2017 - Server started
LOGGER (Server): Sun Jun 18 11:13:01 CEST 2017 - Invoked login with username=sdf AND  password=fds
LOGGER (Server): Sun Jun 18 11:13:01 CEST 2017 - Login unsuccessfull
LOGGER (Server): Sun Jun 18 11:13:06 CEST 2017 - Invoked login with username=admin AND  password=admin
LOGGER (Server): Sun Jun 18 11:13:06 CEST 2017 - Login unsuccessfull
LOGGER (Server): Sun Jun 18 11:13:14 CEST 2017 - Invoked register with username=lollo AND  password=lollo
LOGGER (Server): Sun Jun 18 11:13:14 CEST 2017 - Registration successfull
LOGGER (Server): Sun Jun 18 11:13:17 CEST 2017 - Invoked login with username=ads AND  password=add
LOGGER (Server): Sun Jun 18 11:13:17 CEST 2017 - Login unsuccessfull
LOGGER (Server): Sun Jun 18 11:13:22 CEST 2017 - Invoked register with username=lollo AND  password=lsss
LOGGER (Server): Sun Jun 18 11:13:22 CEST 2017 - Registration unsuccessfull
LOGGER (Server): Sun Jun 18 11:13:25 CEST 2017 - Invoked register with username=lollo AND  password=asd
LOGGER (Server): Sun Jun 18 11:13:25 CEST 2017 - Registration unsuccessfull
LOGGER (Server): Sun Jun 18 11:13:30 CEST 2017 - Invoked register with username=lollo2 AND  password=asd
LOGGER (Server): Sun Jun 18 11:13:30 CEST 2017 - Registration successfull
LOGGER (Server): Sun Jun 18 11:13:34 CEST 2017 - Invoked login with username=lollo AND  password=lollo
LOGGER (Server): Sun Jun 18 11:13:34 CEST 2017 - Login successfull
LOGGER (Server): Sun Jun 18 11:13:36 CEST 2017 - Invoked logout with username= AND  token=
LOGGER (Server): Sun Jun 18 11:13:36 CEST 2017 - Logout successfull (but something gone wrong)
LOGGER (Server): Sun Jun 18 11:13:37 CEST 2017 - Invoked login with username= AND  password=
LOGGER (Server): Sun Jun 18 11:13:37 CEST 2017 - Login unsuccessfull
LOGGER (Server): Sun Jun 18 11:13:42 CEST 2017 - Invoked login with username=lollo AND  password=lollo
LOGGER (Server): Sun Jun 18 11:13:42 CEST 2017 - Login successfull
LOGGER (Server): Sun Jun 18 11:13:43 CEST 2017 - Invoked logout with username= AND  token=
LOGGER (Server): Sun Jun 18 11:13:43 CEST 2017 - Logout successfull (but something gone wrong)
LOGGER (Server): Sun Jun 18 11:13:48 CEST 2017 - Invoked login with username=lollo2 AND  password=asd
LOGGER (Server): Sun Jun 18 11:13:48 CEST 2017 - Login successfull
LOGGER (Server): Sun Jun 18 11:13:50 CEST 2017 - Invoked logout with username= AND  token=
LOGGER (Server): Sun Jun 18 11:13:50 CEST 2017 - Logout successfull (but something gone wrong)
LOGGER (Server): Sun Jun 18 11:15:34 CEST 2017 - Server starting ...
LOGGER (Server): Sun Jun 18 11:15:38 CEST 2017 - Invoked login with username=lollo AND  password=lollo
LOGGER (Server): Sun Jun 18 11:15:38 CEST 2017 - Login successfull
LOGGER (Server): Sun Jun 18 11:15:41 CEST 2017 - Invoked logout with username=lollo AND  token=lollo
LOGGER (Server): Sun Jun 18 11:15:41 CEST 2017 - Logout successfull
LOGGER (Server): Sun Jun 18 11:17:50 CEST 2017 - Server starting ...
LOGGER (Server): Sun Jun 18 11:17:50 CEST 2017 - Auth Service running at 9999 port...
LOGGER (Server): Sun Jun 18 11:17:50 CEST 2017 - Server started
LOGGER (Server): Sun Jun 18 11:17:51 CEST 2017 - Invoked login with username=asd AND  password=dsa
LOGGER (Server): Sun Jun 18 11:17:51 CEST 2017 - Login unsuccessfull
LOGGER (Server): Sun Jun 18 11:18:00 CEST 2017 - Invoked register with username=lollo AND  password=lollo
LOGGER (Server): Sun Jun 18 11:18:00 CEST 2017 - Registration successfull
LOGGER (Server): Sun Jun 18 11:18:04 CEST 2017 - Invoked login with username=lollo AND  password=lollo
LOGGER (Server): Sun Jun 18 11:18:04 CEST 2017 - Login successfull
LOGGER (Server): Sun Jun 18 11:18:26 CEST 2017 - Invoked login with username=lollo AND  password=lollo
LOGGER (Server): Sun Jun 18 11:18:26 CEST 2017 - Login successfull
LOGGER (Server): Sun Jun 18 11:19:35 CEST 2017 - Invoked login with username=lollo AND  password=lollo
LOGGER (Server): Sun Jun 18 11:19:35 CEST 2017 - Login successfull
LOGGER (Server): Sun Jun 18 11:19:56 CEST 2017 - Invoked logout with username=lollo AND  token=cmetbsnfjlo6jv2s4osigsehdj
LOGGER (Server): Sun Jun 18 11:19:56 CEST 2017 - Logout successfull
LOGGER (Server): Sun Jun 18 11:21:06 CEST 2017 - Invoked login with username=lollo AND  password=lollo
LOGGER (Server): Sun Jun 18 11:21:06 CEST 2017 - Login successfull
LOGGER (Server): Sun Jun 18 11:21:07 CEST 2017 - Invoked logout with username=lollo AND  token=inbdg90kuvkuo9v6kd2d35br4p
LOGGER (Server): Sun Jun 18 11:21:07 CEST 2017 - Logout successfull
LOGGER (Server): Sun Jun 18 11:21:43 CEST 2017 - Invoked login with username=lollo AND  password=lollo
LOGGER (Server): Sun Jun 18 11:21:43 CEST 2017 - Login successfull
LOGGER (Server): Sun Jun 18 11:22:59 CEST 2017 - Server starting ...
LOGGER (Server): Sun Jun 18 11:22:59 CEST 2017 - Auth Service running at 9999 port...
LOGGER (Server): Sun Jun 18 11:22:59 CEST 2017 - Server started
LOGGER (Server): Sun Jun 18 11:23:01 CEST 2017 - Invoked login with username=asd AND  password=dsa
LOGGER (Server): Sun Jun 18 11:23:01 CEST 2017 - Login unsuccessfull
LOGGER (Server): Sun Jun 18 11:23:04 CEST 2017 - Invoked register with username=asd AND  password=asd
LOGGER (Server): Sun Jun 18 11:23:04 CEST 2017 - Registration successfull
LOGGER (Server): Sun Jun 18 11:23:07 CEST 2017 - Invoked login with username=asd AND  password=asd
LOGGER (Server): Sun Jun 18 11:23:07 CEST 2017 - Login successfull
LOGGER (Server): Sun Jun 18 11:23:08 CEST 2017 - Invoked logout with username=asd AND  token=a58slt88ovnlqd5932v8qpjntk
LOGGER (Server): Sun Jun 18 11:23:08 CEST 2017 - Logout successfull
LOGGER (Server): Sun Jun 18 11:23:10 CEST 2017 - Invoked login with username=asd AND  password=asd
LOGGER (Server): Sun Jun 18 11:23:10 CEST 2017 - Login successfull
LOGGER (Server): Sun Jun 18 11:23:11 CEST 2017 - Invoked logout with username=asd AND  token=pdid600uld6aq5la66c8te65mv
LOGGER (Server): Sun Jun 18 11:23:11 CEST 2017 - Logout successfull
LOGGER (Server): Sun Jun 18 11:23:13 CEST 2017 - Invoked login with username=asd AND  password=asd
LOGGER (Server): Sun Jun 18 11:23:13 CEST 2017 - Login successfull
LOGGER (Server): Sun Jun 18 11:23:14 CEST 2017 - Invoked logout with username=asd AND  token=lh532oflqsbq3alcql1fen79ov
LOGGER (Server): Sun Jun 18 11:23:14 CEST 2017 - Logout successfull
LOGGER (Server): Sun Jun 18 11:27:37 CEST 2017 - Server starting ...
LOGGER (Server): Sun Jun 18 11:27:37 CEST 2017 - Auth Service running at 9999 port...
LOGGER (Server): Sun Jun 18 11:27:37 CEST 2017 - Server started
LOGGER (Server): Sun Jun 18 11:27:38 CEST 2017 - Invoked login with username= AND  password=
LOGGER (Server): Sun Jun 18 11:27:38 CEST 2017 - Login unsuccessfull
LOGGER (Server): Sun Jun 18 11:27:44 CEST 2017 - Invoked register with username=asd AND  password=asd
LOGGER (Server): Sun Jun 18 11:27:44 CEST 2017 - Registration successfull
LOGGER (Server): Sun Jun 18 11:27:47 CEST 2017 - Invoked register with username=asd AND  password=asd
LOGGER (Server): Sun Jun 18 11:27:47 CEST 2017 - Registration unsuccessfull
LOGGER (Server): Sun Jun 18 11:28:02 CEST 2017 - Invoked login with username=asd AND  password=asd
LOGGER (Server): Sun Jun 18 11:28:02 CEST 2017 - Login successfull
LOGGER (Server): Sun Jun 18 11:28:04 CEST 2017 - Invoked logout with username=asd AND  token=3m07kvhov4grk9nab3f5119554
LOGGER (Server): Sun Jun 18 11:28:04 CEST 2017 - Logout successfull
LOGGER (Server): Sun Jun 18 11:28:09 CEST 2017 - Invoked login with username=asd AND  password=asd
LOGGER (Server): Sun Jun 18 11:28:13 CEST 2017 - Invoked login with username=asd AND  password=asd
LOGGER (Server): Sun Jun 18 11:28:19 CEST 2017 - Invoked login with username=asd AND  password=asd
LOGGER (Server): Sun Jun 18 11:28:50 CEST 2017 - Invoked register with username=asd AND  password=asd
LOGGER (Server): Sun Jun 18 11:28:50 CEST 2017 - Registration unsuccessfull
LOGGER (Server): Sun Jun 18 11:28:53 CEST 2017 - Invoked login with username=asd AND  password=asd
LOGGER (Server): Sun Jun 18 11:28:55 CEST 2017 - Invoked login with username=asd AND  password=asdd
LOGGER (Server): Sun Jun 18 11:28:57 CEST 2017 - Invoked login with username=asdss AND  password=asdd
LOGGER (Server): Sun Jun 18 11:28:57 CEST 2017 - Login unsuccessfull
LOGGER (Server): Sun Jun 18 11:28:59 CEST 2017 - Invoked login with username=asd AND  password=
LOGGER (Server): Sun Jun 18 11:28:59 CEST 2017 - Login unsuccessfull
LOGGER (Server): Sun Jun 18 11:29:02 CEST 2017 - Invoked login with username=asd AND  password=asd
LOGGER (Server): Sun Jun 18 11:29:03 CEST 2017 - Invoked login with username=asd AND  password=asdd
LOGGER (Server): Sun Jun 18 11:29:05 CEST 2017 - Invoked login with username=asds AND  password=asdd
LOGGER (Server): Sun Jun 18 11:29:05 CEST 2017 - Login unsuccessfull
LOGGER (Server): Sun Jun 18 11:29:12 CEST 2017 - Invoked login with username=asd AND  password=asd
LOGGER (Server): Sun Jun 18 11:29:27 CEST 2017 - Server starting ...
LOGGER (Server): Sun Jun 18 11:29:28 CEST 2017 - Invoked login with username=asd AND  password=asd
LOGGER (Server): Sun Jun 18 11:29:35 CEST 2017 - Server starting ...
LOGGER (Server): Sun Jun 18 11:29:49 CEST 2017 - Server starting ...
LOGGER (Server): Sun Jun 18 11:29:49 CEST 2017 - Auth Service running at 9999 port...
LOGGER (Server): Sun Jun 18 11:29:49 CEST 2017 - Server started
LOGGER (Server): Sun Jun 18 11:29:55 CEST 2017 - Invoked login with username=asd AND  password=asd
LOGGER (Server): Sun Jun 18 11:29:55 CEST 2017 - Login unsuccessfull
LOGGER (Server): Sun Jun 18 11:29:58 CEST 2017 - Invoked register with username=asd AND  password=asd
LOGGER (Server): Sun Jun 18 11:29:58 CEST 2017 - Registration successfull
LOGGER (Server): Sun Jun 18 11:30:01 CEST 2017 - Invoked login with username=asd AND  password=asd
LOGGER (Server): Sun Jun 18 11:30:01 CEST 2017 - Login successfull
LOGGER (Server): Sun Jun 18 11:30:15 CEST 2017 - Invoked logout with username=asd AND  token=6l1f242jpnf8edfgminqnbaglh
LOGGER (Server): Sun Jun 18 11:30:15 CEST 2017 - Logout successfull
LOGGER (Server): Sun Jun 18 11:30:17 CEST 2017 - Invoked login with username=asd AND  password=asd
LOGGER (Server): Sun Jun 18 11:31:07 CEST 2017 - Server starting ...
LOGGER (Server): Sun Jun 18 11:31:07 CEST 2017 - Auth Service running at 9999 port...
LOGGER (Server): Sun Jun 18 11:31:07 CEST 2017 - Server started
LOGGER (Server): Sun Jun 18 11:31:08 CEST 2017 - Invoked login with username=sd AND  password=adsd
LOGGER (Server): Sun Jun 18 11:31:08 CEST 2017 - Login unsuccessfull
LOGGER (Server): Sun Jun 18 11:31:11 CEST 2017 - Invoked register with username=asd AND  password=asd
LOGGER (Server): Sun Jun 18 11:31:11 CEST 2017 - Registration successfull
LOGGER (Server): Sun Jun 18 11:31:13 CEST 2017 - Invoked login with username=asd AND  password=asd
LOGGER (Server): Sun Jun 18 11:31:13 CEST 2017 - Login successfull
LOGGER (Server): Sun Jun 18 11:31:14 CEST 2017 - Invoked logout with username=asd AND  token=rfgmt77mdn57sgcld0fh3920kl
LOGGER (Server): Sun Jun 18 11:31:14 CEST 2017 - Logout successfull
LOGGER (Server): Sun Jun 18 11:31:15 CEST 2017 - Invoked login with username=asd AND  password=asd
LOGGER (Server): Sun Jun 18 11:32:28 CEST 2017 - Invoked login with username=asd AND  password=asd
LOGGER (Server): Sun Jun 18 11:32:55 CEST 2017 - Invoked login with username=asd AND  password=asd
LOGGER (Server): Sun Jun 18 11:33:18 CEST 2017 - Server starting ...
LOGGER (Server): Sun Jun 18 11:33:18 CEST 2017 - Auth Service running at 9999 port...
LOGGER (Server): Sun Jun 18 11:33:18 CEST 2017 - Server started
LOGGER (Server): Sun Jun 18 11:33:30 CEST 2017 - Server starting ...
LOGGER (Server): Sun Jun 18 11:33:30 CEST 2017 - Auth Service running at 9999 port...
LOGGER (Server): Sun Jun 18 11:33:30 CEST 2017 - Server started
LOGGER (Server): Sun Jun 18 11:33:37 CEST 2017 - Invoked login with username=asd AND  password=asd
LOGGER (Server): Sun Jun 18 11:33:43 CEST 2017 - Login unsuccessfull
LOGGER (Server): Sun Jun 18 11:33:47 CEST 2017 - Invoked register with username=asd AND  password=asd
LOGGER (Server): Sun Jun 18 11:33:47 CEST 2017 - Registration successfull
LOGGER (Server): Sun Jun 18 11:33:50 CEST 2017 - Invoked login with username=asd AND  password=asd
LOGGER (Server): Sun Jun 18 11:33:57 CEST 2017 - Login successfull
LOGGER (Server): Sun Jun 18 11:33:59 CEST 2017 - Invoked logout with username=asd AND  token=cltb1gq5bs1v6dks0cpkt7gh02
LOGGER (Server): Sun Jun 18 11:33:59 CEST 2017 - Logout successfull
LOGGER (Server): Sun Jun 18 11:34:01 CEST 2017 - Invoked login with username=asd AND  password=asd
LOGGER (Server): Sun Jun 18 11:35:39 CEST 2017 - Server starting ...
LOGGER (Server): Sun Jun 18 11:35:39 CEST 2017 - Auth Service running at 9999 port...
LOGGER (Server): Sun Jun 18 11:35:39 CEST 2017 - Server started
LOGGER (Server): Sun Jun 18 11:35:41 CEST 2017 - Invoked register with username=asd AND  password=asd
LOGGER (Server): Sun Jun 18 11:35:41 CEST 2017 - Registration successfull
LOGGER (Server): Sun Jun 18 11:35:43 CEST 2017 - Invoked login with username=asd AND  password=asd
LOGGER (Server): Sun Jun 18 11:35:43 CEST 2017 - Login successfull
LOGGER (Server): Sun Jun 18 11:35:44 CEST 2017 - Invoked logout with username=asd AND  token=sc29m3c5kq3725mn6gbk81u3nl
LOGGER (Server): Sun Jun 18 11:35:44 CEST 2017 - Logout successfull
LOGGER (Server): Sun Jun 18 11:35:46 CEST 2017 - Invoked login with username=asd AND  password=asd
LOGGER (Server): Sun Jun 18 11:37:17 CEST 2017 - Server starting ...
LOGGER (Server): Sun Jun 18 11:37:17 CEST 2017 - Auth Service running at 9999 port...
LOGGER (Server): Sun Jun 18 11:37:17 CEST 2017 - Server started
LOGGER (Server): Sun Jun 18 11:37:19 CEST 2017 - Invoked register with username=asd AND  password=asd
LOGGER (Server): Sun Jun 18 11:37:19 CEST 2017 - Registration successfull
LOGGER (Server): Sun Jun 18 11:37:22 CEST 2017 - Invoked login with username=asd AND  password=asd
LOGGER (Server): Sun Jun 18 11:37:22 CEST 2017 - Login successfull
LOGGER (Server): Sun Jun 18 11:37:23 CEST 2017 - Invoked logout with username=asd AND  token=25nf9q56k60rpvfqb62fu0kenr
LOGGER (Server): Sun Jun 18 11:37:23 CEST 2017 - Logout successfull
LOGGER (Server): Sun Jun 18 11:37:25 CEST 2017 - Invoked login with username=asd AND  password=asd
LOGGER (Server): Sun Jun 18 11:37:25 CEST 2017 - Login successfull
LOGGER (Server): Sun Jun 18 11:37:26 CEST 2017 - Invoked logout with username=asd AND  token=1c44rfvgsefk2m65uu4ls9vp17
LOGGER (Server): Sun Jun 18 11:37:26 CEST 2017 - Logout successfull
LOGGER (Server): Sun Jun 18 11:37:28 CEST 2017 - Invoked login with username=asd AND  password=asd
LOGGER (Server): Sun Jun 18 11:37:28 CEST 2017 - Login successfull
LOGGER (Server): Sun Jun 18 11:37:29 CEST 2017 - Invoked logout with username=asd AND  token=528k6l559ina5u4hs0mn0poutl
LOGGER (Server): Sun Jun 18 11:37:29 CEST 2017 - Logout successfull
LOGGER (Server): Sun Jun 18 11:40:02 CEST 2017 - Server starting ...
LOGGER (Server): Sun Jun 18 11:40:02 CEST 2017 - Auth Service running at 9999 port...
LOGGER (Server): Sun Jun 18 11:40:02 CEST 2017 - Server started
LOGGER (Server): Sun Jun 18 11:40:03 CEST 2017 - Invoked login with username=asd AND  password=dsa
LOGGER (Server): Sun Jun 18 11:40:04 CEST 2017 - Login unsuccessfull
LOGGER (Server): Sun Jun 18 11:40:06 CEST 2017 - Invoked register with username=asd AND  password=asd
LOGGER (Server): Sun Jun 18 11:40:06 CEST 2017 - Registration successfull
LOGGER (Server): Sun Jun 18 11:40:09 CEST 2017 - Invoked login with username=asd AND  password=asd
LOGGER (Server): Sun Jun 18 11:40:09 CEST 2017 - Login successfull
LOGGER (Server): Sun Jun 18 11:40:10 CEST 2017 - Invoked logout with username=asd AND  token=433rdgdf5oc476aa64qn7l7gkv
LOGGER (Server): Sun Jun 18 11:40:10 CEST 2017 - Logout successfull
LOGGER (Server): Sun Jun 18 11:40:12 CEST 2017 - Invoked login with username=asd AND  password=asd
LOGGER (Server): Sun Jun 18 11:40:12 CEST 2017 - Login successfull
LOGGER (Server): Sun Jun 18 11:40:13 CEST 2017 - Invoked logout with username=asd AND  token=b323nip5smngil1qt8lrvllru6
LOGGER (Server): Sun Jun 18 11:40:13 CEST 2017 - Logout successfull
LOGGER (Server): Sun Jun 18 11:40:17 CEST 2017 - Invoked login with username=asd AND  password=asd
LOGGER (Server): Sun Jun 18 11:40:17 CEST 2017 - Login successfull
LOGGER (Server): Sun Jun 18 11:40:18 CEST 2017 - Invoked logout with username=asd AND  token=cmidj8qaeabpunqqeq3ol8svhc
LOGGER (Server): Sun Jun 18 11:40:18 CEST 2017 - Logout successfull
LOGGER (Server): Sun Jun 18 11:43:43 CEST 2017 - Server starting ...
LOGGER (Server): Sun Jun 18 11:43:43 CEST 2017 - Auth Service running at 9999 port...
LOGGER (Server): Sun Jun 18 11:43:43 CEST 2017 - Server started
LOGGER (Server): Sun Jun 18 11:43:45 CEST 2017 - Invoked register with username=asd AND  password=asd
LOGGER (Server): Sun Jun 18 11:43:45 CEST 2017 - Registration successfull
LOGGER (Server): Sun Jun 18 11:43:48 CEST 2017 - Invoked login with username=asd AND  password=asd
LOGGER (Server): Sun Jun 18 11:43:48 CEST 2017 - Login successfull
LOGGER (Server): Sun Jun 18 11:43:55 CEST 2017 - Invoked logout with username=asd AND  token=4jr10qunc4s42me97ib971qclr
LOGGER (Server): Sun Jun 18 11:43:55 CEST 2017 - Logout successfull
LOGGER (Server): Sun Jun 18 11:43:57 CEST 2017 - Invoked login with username=asd AND  password=asd
LOGGER (Server): Sun Jun 18 11:43:57 CEST 2017 - Login successfull
LOGGER (Server): Sun Jun 18 11:44:01 CEST 2017 - Invoked logout with username=asd AND  token=at32n7i7didd4j5ml0me6h2pbf
LOGGER (Server): Sun Jun 18 11:44:01 CEST 2017 - Logout successfull
LOGGER (Server): Sun Jun 18 11:44:04 CEST 2017 - Invoked login with username=asd AND  password=asd
LOGGER (Server): Sun Jun 18 11:44:04 CEST 2017 - Login successfull
LOGGER (Server): Sun Jun 18 11:44:15 CEST 2017 - Invoked login with username=asd AND  password=asd
LOGGER (Server): Sun Jun 18 11:44:15 CEST 2017 - Login successfull
LOGGER (Server): Sun Jun 18 11:44:18 CEST 2017 - Invoked logout with username=asd AND  token=qtfu33v75agsrebkas2q6sqgcj
LOGGER (Server): Sun Jun 18 11:44:18 CEST 2017 - Logout successfull
LOGGER (Server): Sun Jun 18 11:44:23 CEST 2017 - Invoked login with username=asd AND  password=asd
LOGGER (Server): Sun Jun 18 11:44:23 CEST 2017 - Login successfull
LOGGER (Server): Sun Jun 18 11:44:31 CEST 2017 - Invoked logout with username=asd AND  token=7po7cvq49t41tcru8d9totgb5t
LOGGER (Server): Sun Jun 18 11:44:31 CEST 2017 - Logout successfull
LOGGER (Server): Sun Jun 18 11:44:34 CEST 2017 - Invoked register with username=ddd AND  password=ddd
LOGGER (Server): Sun Jun 18 11:44:34 CEST 2017 - Registration successfull
LOGGER (Server): Sun Jun 18 11:44:47 CEST 2017 - Invoked login with username=asd AND  password=asd
LOGGER (Server): Sun Jun 18 11:44:47 CEST 2017 - Login successfull
LOGGER (Server): Sun Jun 18 11:44:49 CEST 2017 - Invoked logout with username=asd AND  token=vdl5ms1adc9n0l5oanfknulk6a
LOGGER (Server): Sun Jun 18 11:44:49 CEST 2017 - Logout successfull
LOGGER (Server): Sun Jun 18 11:44:55 CEST 2017 - Invoked login with username=asd AND  password=asd
LOGGER (Server): Sun Jun 18 11:44:55 CEST 2017 - Login successfull
LOGGER (Server): Sun Jun 18 11:45:03 CEST 2017 - Invoked login with username=ddd AND  password=ddd
LOGGER (Server): Sun Jun 18 11:45:03 CEST 2017 - Login successfull
LOGGER (Server): Sun Jun 18 11:45:09 CEST 2017 - Invoked logout with username=ddd AND  token=kfva2j9fj8kbg8mqjgcbjc0r5v
LOGGER (Server): Sun Jun 18 11:45:09 CEST 2017 - Logout successfull
LOGGER (Server): Sun Jun 18 11:45:14 CEST 2017 - Invoked login with username=asd AND  password=asd
LOGGER (Server): Sun Jun 18 11:45:14 CEST 2017 - Login successfull
LOGGER (Server): Sun Jun 18 11:45:20 CEST 2017 - Invoked logout with username=asd AND  token=6n7tmkh5bbgetfor2pb6qc6ls1
LOGGER (Server): Sun Jun 18 11:45:20 CEST 2017 - Logout successfull
LOGGER (Server): Sun Jun 18 11:45:22 CEST 2017 - Invoked logout with username=asd AND  token=4gli420jstudv6hc4df4ukck33
LOGGER (Server): Sun Jun 18 11:45:22 CEST 2017 - Logout successfull
LOGGER (Server): Sun Jun 18 11:45:25 CEST 2017 - Invoked login with username=asd AND  password=asd
LOGGER (Server): Sun Jun 18 11:45:25 CEST 2017 - Login successfull
LOGGER (Server): Sun Jun 18 11:45:30 CEST 2017 - Invoked login with username=ddd AND  password=ddd
LOGGER (Server): Sun Jun 18 11:45:30 CEST 2017 - Login successfull
LOGGER (Server): Sun Jun 18 11:45:31 CEST 2017 - Invoked logout with username=ddd AND  token=b6on5gcbqfmscp14uk7flsmf0s
LOGGER (Server): Sun Jun 18 11:45:31 CEST 2017 - Logout successfull
LOGGER (Server): Sun Jun 18 11:45:32 CEST 2017 - Invoked logout with username=asd AND  token=pia3t3u67bvogp5gh8b7m9dvut
LOGGER (Server): Sun Jun 18 11:45:32 CEST 2017 - Logout successfull
LOGGER (Server): Sun Jun 18 11:45:34 CEST 2017 - Invoked login with username=asd AND  password=asd
LOGGER (Server): Sun Jun 18 11:45:34 CEST 2017 - Login successfull
LOGGER (Server): Sun Jun 18 11:45:35 CEST 2017 - Invoked logout with username=asd AND  token=53pjnn7hhf0r2tgub87925agq1
LOGGER (Server): Sun Jun 18 11:45:35 CEST 2017 - Logout successfull
LOGGER (Server): Sun Jun 18 11:45:42 CEST 2017 - Invoked login with username=asd AND  password=asd
LOGGER (Server): Sun Jun 18 11:45:42 CEST 2017 - Login successfull
LOGGER (Server): Sun Jun 18 11:45:45 CEST 2017 - Invoked login with username=asd AND  password=asd
LOGGER (Server): Sun Jun 18 11:45:45 CEST 2017 - Login successfull
LOGGER (Server): Sun Jun 18 11:45:48 CEST 2017 - Invoked logout with username=asd AND  token=uvsbef83cm8kcp1e126g2u4p1c
LOGGER (Server): Sun Jun 18 11:45:48 CEST 2017 - Logout successfull
LOGGER (Server): Sun Jun 18 11:45:50 CEST 2017 - Invoked login with username=ddd AND  password=ddd
LOGGER (Server): Sun Jun 18 11:45:50 CEST 2017 - Login successfull
LOGGER (Server): Sun Jun 18 11:45:53 CEST 2017 - Invoked logout with username=ddd AND  token=1730omrijfi0gbbp3a2j1tjtps
LOGGER (Server): Sun Jun 18 11:45:53 CEST 2017 - Logout successfull
LOGGER (Server): Sun Jun 18 11:45:56 CEST 2017 - Invoked logout with username=asd AND  token=39qa9btrpdn0heah9ns6m404tn
LOGGER (Server): Sun Jun 18 11:45:56 CEST 2017 - Logout successfull
LOGGER (Server): Sun Jun 18 11:46:13 CEST 2017 - Invoked login with username=asd AND  password=asd
LOGGER (Server): Sun Jun 18 11:46:13 CEST 2017 - Login successfull
LOGGER (Server): Sun Jun 18 11:46:17 CEST 2017 - Invoked logout with username=asd AND  token=nvlieqjlqor3ncr4hv1b23cc67
LOGGER (Server): Sun Jun 18 11:46:17 CEST 2017 - Logout successfull
LOGGER (Server): Sun Jun 18 11:46:22 CEST 2017 - Invoked register with username=aa AND  password=aa
LOGGER (Server): Sun Jun 18 11:46:22 CEST 2017 - Registration successfull
LOGGER (Server): Sun Jun 18 11:46:25 CEST 2017 - Invoked login with username=aa AND  password=aa
LOGGER (Server): Sun Jun 18 11:46:25 CEST 2017 - Login successfull
LOGGER (Server): Sun Jun 18 11:46:26 CEST 2017 - Invoked logout with username=aa AND  token=gvhmncadjv5pbul8d3ustqikt3
LOGGER (Server): Sun Jun 18 11:46:27 CEST 2017 - Logout successfull
LOGGER (Server): Sun Jun 18 11:47:46 CEST 2017 - Server starting ...
LOGGER (Server): Sun Jun 18 11:47:46 CEST 2017 - Auth Service running at 9999 port...
LOGGER (Server): Sun Jun 18 11:47:46 CEST 2017 - Server started
LOGGER (Server): Sun Jun 18 11:47:48 CEST 2017 - Invoked register with username=asd AND  password=asd
LOGGER (Server): Sun Jun 18 11:47:48 CEST 2017 - Registration successfull
LOGGER (Server): Sun Jun 18 11:47:52 CEST 2017 - Invoked login with username=asd AND  password=asd
LOGGER (Server): Sun Jun 18 11:47:52 CEST 2017 - Login successfull
LOGGER (Server): Sun Jun 18 11:47:53 CEST 2017 - Invoked logout with username=asd AND  token=ed89le8dk8jgenc2ajls6a4rad
LOGGER (Server): Sun Jun 18 11:47:53 CEST 2017 - Logout successfull
LOGGER (Server): Sun Jun 18 11:47:57 CEST 2017 - Invoked register with username=ddd AND  password=ddd
LOGGER (Server): Sun Jun 18 11:47:57 CEST 2017 - Registration successfull
LOGGER (Server): Sun Jun 18 11:47:59 CEST 2017 - Invoked login with username=ddd AND  password=ddd
LOGGER (Server): Sun Jun 18 11:47:59 CEST 2017 - Login successfull
LOGGER (Server): Sun Jun 18 11:48:01 CEST 2017 - Invoked logout with username=ddd AND  token=ff6nf5e78q9b85iiioncldroi3
LOGGER (Server): Sun Jun 18 11:48:01 CEST 2017 - Logout successfull
LOGGER (Server): Sun Jun 18 11:48:37 CEST 2017 - Invoked login with username=asd AND  password=asd
LOGGER (Server): Sun Jun 18 11:48:37 CEST 2017 - Login successfull
LOGGER (Server): Sun Jun 18 11:48:40 CEST 2017 - Invoked logout with username=asd AND  token=t5t95hde3jlkk28839vlh52rlh
LOGGER (Server): Sun Jun 18 11:48:40 CEST 2017 - Logout successfull
LOGGER (Server): Sun Jun 18 11:48:44 CEST 2017 - Invoked login with username=asd AND  password=asd
LOGGER (Server): Sun Jun 18 11:48:44 CEST 2017 - Login successfull
LOGGER (Server): Sun Jun 18 11:48:51 CEST 2017 - Invoked login with username=asd AND  password=asd
LOGGER (Server): Sun Jun 18 11:48:51 CEST 2017 - Login successfull
LOGGER (Server): Sun Jun 18 11:48:56 CEST 2017 - Invoked logout with username=asd AND  token=bhhts1v2n0u17dmom6549g1rua
LOGGER (Server): Sun Jun 18 11:48:56 CEST 2017 - Logout successfull
LOGGER (Server): Sun Jun 18 11:48:58 CEST 2017 - Invoked logout with username=asd AND  token=detpr1rnna2rm6jua9kq597895
LOGGER (Server): Sun Jun 18 11:48:58 CEST 2017 - Logout successfull
LOGGER (Server): Sun Jun 18 11:49:01 CEST 2017 - Invoked login with username=ddd AND  password=ddd
LOGGER (Server): Sun Jun 18 11:49:01 CEST 2017 - Login successfull
LOGGER (Server): Sun Jun 18 11:49:56 CEST 2017 - Server starting ...
LOGGER (Server): Sun Jun 18 11:49:56 CEST 2017 - Auth Service running at 9999 port...
LOGGER (Server): Sun Jun 18 11:49:56 CEST 2017 - Server started
LOGGER (Server): Sun Jun 18 11:50:01 CEST 2017 - Server starting ...
LOGGER (Server): Sun Jun 18 11:50:02 CEST 2017 - Auth Service running at 9999 port...
LOGGER (Server): Sun Jun 18 11:50:02 CEST 2017 - Server started
LOGGER (Server): Sun Jun 18 11:50:10 CEST 2017 - Invoked register with username=asd AND  password=asd
LOGGER (Server): Sun Jun 18 11:50:10 CEST 2017 - Registration successfull
LOGGER (Server): Sun Jun 18 11:50:12 CEST 2017 - Invoked login with username=asd AND  password=asd
LOGGER (Server): Sun Jun 18 11:50:12 CEST 2017 - Login successfull
LOGGER (Server): Sun Jun 18 11:50:13 CEST 2017 - Invoked logout with username=asd AND  token=c6djja86ftjacviha6n52q1l7l
LOGGER (Server): Sun Jun 18 11:50:28 CEST 2017 - Logout successfull
LOGGER (Server): Sun Jun 18 11:52:49 CEST 2017 - Server starting ...
LOGGER (Server): Sun Jun 18 11:52:49 CEST 2017 - Auth Service running at 9999 port...
LOGGER (Server): Sun Jun 18 11:52:49 CEST 2017 - Server started
LOGGER (Server): Sun Jun 18 11:52:52 CEST 2017 - Invoked register with username=asd AND  password=asd
LOGGER (Server): Sun Jun 18 11:52:52 CEST 2017 - Registration successfull
LOGGER (Server): Sun Jun 18 11:52:54 CEST 2017 - Invoked login with username=asd AND  password=asd
LOGGER (Server): Sun Jun 18 11:52:54 CEST 2017 - Login successfull
LOGGER (Server): Sun Jun 18 11:52:55 CEST 2017 - Invoked logout with username=asd AND  token=g7qil57m5g8h8qf3ivntbbo47a
LOGGER (Server): Sun Jun 18 11:52:55 CEST 2017 - Logout successfull
LOGGER (Server): Sun Jun 18 11:53:24 CEST 2017 - Server starting ...
LOGGER (Server): Sun Jun 18 11:53:25 CEST 2017 - Auth Service running at 9999 port...
LOGGER (Server): Sun Jun 18 11:53:25 CEST 2017 - Server started
LOGGER (Server): Sun Jun 18 11:53:29 CEST 2017 - Invoked login with username=asd AND  password=asd
LOGGER (Server): Sun Jun 18 11:53:29 CEST 2017 - Login unsuccessfull
LOGGER (Server): Sun Jun 18 11:53:31 CEST 2017 - Invoked register with username=asd AND  password=asd
LOGGER (Server): Sun Jun 18 11:53:31 CEST 2017 - Registration successfull
LOGGER (Server): Sun Jun 18 11:53:33 CEST 2017 - Invoked login with username=asd AND  password=asd
LOGGER (Server): Sun Jun 18 11:53:33 CEST 2017 - Login successfull
LOGGER (Server): Sun Jun 18 11:53:34 CEST 2017 - Invoked logout with username=asd AND  token=o9dsoscoafiavtfloue5a3uo91
LOGGER (Server): Sun Jun 18 11:54:13 CEST 2017 - Logout successfull
LOGGER (Server): Sun Jun 18 11:56:55 CEST 2017 - Server starting ...
LOGGER (Server): Sun Jun 18 11:56:55 CEST 2017 - Auth Service running at 9999 port...
LOGGER (Server): Sun Jun 18 11:56:55 CEST 2017 - Server started
LOGGER (Server): Sun Jun 18 11:56:56 CEST 2017 - Invoked register with username=asd AND  password=asd
LOGGER (Server): Sun Jun 18 11:56:56 CEST 2017 - Registration successfull
LOGGER (Server): Sun Jun 18 11:56:57 CEST 2017 - Invoked login with username=asd AND  password=asd
LOGGER (Server): Sun Jun 18 11:56:57 CEST 2017 - Login successfull
LOGGER (Server): Sun Jun 18 11:57:00 CEST 2017 - Invoked logout with username=asd AND  token=clc3d3h45rn7h6loup8o90s4ag
LOGGER (Server): Sun Jun 18 11:57:04 CEST 2017 - Invoked logout with username=asd AND  token=clc3d3h45rn7h6loup8o90s4ag
LOGGER (Server): Sun Jun 18 11:58:31 CEST 2017 - Server starting ...
LOGGER (Server): Sun Jun 18 11:58:31 CEST 2017 - Auth Service running at 9999 port...
LOGGER (Server): Sun Jun 18 11:58:31 CEST 2017 - Server started
LOGGER (Server): Sun Jun 18 11:58:38 CEST 2017 - Server starting ...
LOGGER (Server): Sun Jun 18 11:58:39 CEST 2017 - Auth Service running at 9999 port...
LOGGER (Server): Sun Jun 18 11:58:39 CEST 2017 - Server started
LOGGER (Server): Sun Jun 18 11:58:43 CEST 2017 - Invoked register with username=asd AND  password=asd
LOGGER (Server): Sun Jun 18 11:58:43 CEST 2017 - Registration successfull
LOGGER (Server): Sun Jun 18 11:58:47 CEST 2017 - Invoked login with username=asd AND  password=asd
LOGGER (Server): Sun Jun 18 11:58:47 CEST 2017 - Login successfull
LOGGER (Server): Sun Jun 18 11:58:47 CEST 2017 - Invoked logout with username=asd AND  token=3mom1u3v592mc62d04l5ddl9hr
LOGGER (Server): Sun Jun 18 11:59:29 CEST 2017 - Invoked logout with username=asd AND  token=3mom1u3v592mc62d04l5ddl9hr
LOGGER (Server): Sun Jun 18 11:59:38 CEST 2017 - Invoked logout with username=asd AND  token=3mom1u3v592mc62d04l5ddl9hr
LOGGER (Server): Sun Jun 18 12:02:17 CEST 2017 - Server starting ...
LOGGER (Server): Sun Jun 18 12:02:17 CEST 2017 - Auth Service running at 9999 port...
LOGGER (Server): Sun Jun 18 12:02:17 CEST 2017 - Server started
LOGGER (Server): Sun Jun 18 12:02:18 CEST 2017 - Invoked login with username=asd AND  password=asd
LOGGER (Server): Sun Jun 18 12:02:18 CEST 2017 - Login unsuccessfull
LOGGER (Server): Sun Jun 18 12:02:21 CEST 2017 - Invoked register with username=asd AND  password=asd
LOGGER (Server): Sun Jun 18 12:02:21 CEST 2017 - Registration successfull
LOGGER (Server): Sun Jun 18 12:02:23 CEST 2017 - Invoked login with username=asd AND  password=asd
LOGGER (Server): Sun Jun 18 12:02:23 CEST 2017 - Login successfull
LOGGER (Server): Sun Jun 18 12:02:23 CEST 2017 - Invoked logout with username=asd AND  token=7rhngatr98gnb9j1vtd9i9k0th
LOGGER (Server): Sun Jun 18 12:03:11 CEST 2017 - Server starting ...
LOGGER (Server): Sun Jun 18 12:03:11 CEST 2017 - Auth Service running at 9999 port...
LOGGER (Server): Sun Jun 18 12:03:11 CEST 2017 - Server started
LOGGER (Server): Sun Jun 18 12:03:18 CEST 2017 - Invoked register with username=asd AND  password=asd
LOGGER (Server): Sun Jun 18 12:03:18 CEST 2017 - Registration successfull
LOGGER (Server): Sun Jun 18 12:03:20 CEST 2017 - Invoked login with username=asd AND  password=asd
LOGGER (Server): Sun Jun 18 12:03:33 CEST 2017 - Login successfull
LOGGER (Server): Sun Jun 18 12:03:34 CEST 2017 - Invoked logout with username=asd AND  token=lheu26p5l1uhmpbdsefh4pd8s4
LOGGER (Server): Sun Jun 18 12:07:38 CEST 2017 - Server starting ...
LOGGER (Server): Sun Jun 18 12:07:38 CEST 2017 - Auth Service running at 9999 port...
LOGGER (Server): Sun Jun 18 12:07:38 CEST 2017 - Server started
LOGGER (Server): Sun Jun 18 12:07:46 CEST 2017 - Invoked register with username=asd AND  password=asd
LOGGER (Server): Sun Jun 18 12:07:46 CEST 2017 - Registration successfull
LOGGER (Server): Sun Jun 18 12:07:48 CEST 2017 - Invoked login with username=asd AND  password=asd
LOGGER (Server): Sun Jun 18 12:07:48 CEST 2017 - Login successfull
LOGGER (Server): Sun Jun 18 12:07:49 CEST 2017 - Invoked logout with username=asd AND  token=ps763re4lpqdiapgcee96oc2cm
LOGGER (Server): Sun Jun 18 12:09:34 CEST 2017 - Server starting ...
LOGGER (Server): Sun Jun 18 12:09:35 CEST 2017 - Auth Service running at 9999 port...
LOGGER (Server): Sun Jun 18 12:09:35 CEST 2017 - Server started
LOGGER (Server): Sun Jun 18 12:09:36 CEST 2017 - Invoked register with username=asd AND  password=asd
LOGGER (Server): Sun Jun 18 12:09:36 CEST 2017 - Registration successfull
LOGGER (Server): Sun Jun 18 12:09:38 CEST 2017 - Invoked login with username=asd AND  password=asd
LOGGER (Server): Sun Jun 18 12:09:38 CEST 2017 - Login successfull
LOGGER (Server): Sun Jun 18 12:09:39 CEST 2017 - Invoked logout with username=asd AND  token=or8icvf4plj1oelbu887kfd7js
LOGGER (Server): Sun Jun 18 12:09:39 CEST 2017 - Logout successfull
LOGGER (Server): Sun Jun 18 12:09:42 CEST 2017 - Invoked login with username=asd AND  password=asd
LOGGER (Server): Sun Jun 18 12:09:42 CEST 2017 - Login successfull
LOGGER (Server): Sun Jun 18 12:09:48 CEST 2017 - Invoked login with username=asd AND  password=asd
LOGGER (Server): Sun Jun 18 12:09:48 CEST 2017 - Login successfull
LOGGER (Server): Sun Jun 18 12:09:51 CEST 2017 - Invoked logout with username=asd AND  token=so1fujb80b89ur3e3b3c959k03
LOGGER (Server): Sun Jun 18 12:09:51 CEST 2017 - Logout successfull
LOGGER (Server): Sun Jun 18 12:09:52 CEST 2017 - Invoked logout with username=asd AND  token=s6vmj8u68r51rupd4dfnt6pjr4
LOGGER (Server): Sun Jun 18 12:09:52 CEST 2017 - Logout successfull
LOGGER (Server): Sun Jun 18 12:10:00 CEST 2017 - Invoked login with username=asd AND  password=asd
LOGGER (Server): Sun Jun 18 12:10:00 CEST 2017 - Login successfull
LOGGER (Server): Sun Jun 18 12:10:03 CEST 2017 - Invoked login with username=asd AND  password=asd
LOGGER (Server): Sun Jun 18 12:10:03 CEST 2017 - Login successfull
LOGGER (Server): Sun Jun 18 12:10:05 CEST 2017 - Invoked logout with username=asd AND  token=q9amt41bbpdm91765l7qkgvr7d
LOGGER (Server): Sun Jun 18 12:10:05 CEST 2017 - Logout successfull
LOGGER (Server): Sun Jun 18 12:10:07 CEST 2017 - Invoked logout with username=asd AND  token=562p53t01g2l1bhpbaupvs1mrh
LOGGER (Server): Sun Jun 18 12:10:07 CEST 2017 - Logout successfull
LOGGER (Server): Sun Jun 18 12:10:12 CEST 2017 - Invoked login with username=asd AND  password=asd
LOGGER (Server): Sun Jun 18 12:10:12 CEST 2017 - Login successfull
LOGGER (Server): Sun Jun 18 12:10:15 CEST 2017 - Invoked register with username=dd AND  password=dd
LOGGER (Server): Sun Jun 18 12:10:15 CEST 2017 - Registration successfull
LOGGER (Server): Sun Jun 18 12:11:09 CEST 2017 - Invoked login with username=dd AND  password=dd
LOGGER (Server): Sun Jun 18 12:11:09 CEST 2017 - Login successfull
LOGGER (Server): Sun Jun 18 12:11:20 CEST 2017 - Invoked register with username=a AND  password=a
LOGGER (Server): Sun Jun 18 12:11:20 CEST 2017 - Registration successfull
LOGGER (Server): Sun Jun 18 12:11:23 CEST 2017 - Invoked login with username=a AND  password=a
LOGGER (Server): Sun Jun 18 12:11:23 CEST 2017 - Login successfull
LOGGER (Server): Sun Jun 18 12:11:26 CEST 2017 - Invoked logout with username=asd AND  token=8fm2j4hv1v4nojb4c3dikkffd2
LOGGER (Server): Sun Jun 18 12:11:26 CEST 2017 - Logout successfull
LOGGER (Server): Sun Jun 18 12:11:28 CEST 2017 - Invoked logout with username=a AND  token=2ijrb5puqjggkiiqonkf285li0
LOGGER (Server): Sun Jun 18 12:11:28 CEST 2017 - Logout successfull
LOGGER (Server): Sun Jun 18 12:11:37 CEST 2017 - Invoked login with username=a AND  password=a
LOGGER (Server): Sun Jun 18 12:11:37 CEST 2017 - Login successfull
LOGGER (Server): Sun Jun 18 12:11:43 CEST 2017 - Invoked login with username=dd AND  password=dd
LOGGER (Server): Sun Jun 18 12:11:43 CEST 2017 - Login successfull
LOGGER (Server): Sun Jun 18 12:11:45 CEST 2017 - Invoked logout with username=dd AND  token=qdnqodl73rsmlibc4vn5u7tq74
LOGGER (Server): Sun Jun 18 12:11:45 CEST 2017 - Logout successfull
LOGGER (Server): Sun Jun 18 12:11:46 CEST 2017 - Invoked logout with username=a AND  token=dn8n10fousj2ui1fvkn0306neq
LOGGER (Server): Sun Jun 18 12:11:46 CEST 2017 - Logout successfull
LOGGER (Server): Sun Jun 18 12:32:08 CEST 2017 - Server starting ...
LOGGER (Server): Sun Jun 18 12:32:08 CEST 2017 - Auth Service running at 9999 port...
LOGGER (Server): Sun Jun 18 12:32:08 CEST 2017 - Server started
LOGGER (Server): Sun Jun 18 12:40:47 CEST 2017 - Server starting ...
LOGGER (Server): Sun Jun 18 12:40:47 CEST 2017 - Auth Service running at 9999 port...
LOGGER (Server): Sun Jun 18 12:40:47 CEST 2017 - Server started
LOGGER (Server): Sun Jun 18 12:40:47 CEST 2017 - Game Service is running at 10000 port...
LOGGER (Server): Sun Jun 18 12:41:51 CEST 2017 - Invoked register with username=asd AND  password=asd
LOGGER (Server): Sun Jun 18 12:41:51 CEST 2017 - Registration successfull
LOGGER (Server): Sun Jun 18 12:42:11 CEST 2017 - Invoked login with username=asd AND  password=asd
LOGGER (Server): Sun Jun 18 12:42:11 CEST 2017 - Login successfull
LOGGER (Server): Sun Jun 18 12:42:17 CEST 2017 - Invoked logout with username=asd AND  token=7c29lkohv5ra3ikmnn6upnqne0
LOGGER (Server): Sun Jun 18 12:42:17 CEST 2017 - Logout successfull
LOGGER (Server): Sun Jun 18 12:52:57 CEST 2017 - Server starting ...
LOGGER (Server): Sun Jun 18 12:52:57 CEST 2017 - Auth Service running at 9999 port...
LOGGER (Server): Sun Jun 18 12:52:57 CEST 2017 - Server started
LOGGER (Server): Sun Jun 18 12:52:58 CEST 2017 - Game Service is running at 10000 port...
LOGGER (Server): Sun Jun 18 12:53:01 CEST 2017 - pool-1-thread-1: Start task -> TASK DI PROVA
LOGGER (Server): Sun Jun 18 12:53:01 CEST 2017 - pool-1-thread-3: Start task -> TASK DI PROVA
LOGGER (Server): Sun Jun 18 12:53:01 CEST 2017 - pool-1-thread-2: Start task -> TASK DI PROVA
LOGGER (Server): Sun Jun 18 12:53:07 CEST 2017 - pool-1-thread-1: End of task -> TASK DI PROVA
LOGGER (Server): Sun Jun 18 12:53:07 CEST 2017 - pool-1-thread-3: End of task -> TASK DI PROVA
LOGGER (Server): Sun Jun 18 12:53:07 CEST 2017 - pool-1-thread-2: End of task -> TASK DI PROVA
LOGGER (Server): Sun Jun 18 12:53:11 CEST 2017 - pool-1-thread-2: Start task -> TASK DI PROVA
LOGGER (Server): Sun Jun 18 12:53:12 CEST 2017 - pool-1-thread-3: Start task -> TASK DI PROVA
LOGGER (Server): Sun Jun 18 12:53:13 CEST 2017 - pool-1-thread-1: Start task -> TASK DI PROVA
LOGGER (Server): Sun Jun 18 12:53:13 CEST 2017 - pool-1-thread-4: Start task -> TASK DI PROVA
LOGGER (Server): Sun Jun 18 12:53:14 CEST 2017 - pool-1-thread-5: Start task -> TASK DI PROVA
LOGGER (Server): Sun Jun 18 12:53:17 CEST 2017 - pool-1-thread-2: End of task -> TASK DI PROVA
LOGGER (Server): Sun Jun 18 12:53:18 CEST 2017 - pool-1-thread-3: End of task -> TASK DI PROVA
LOGGER (Server): Sun Jun 18 12:53:19 CEST 2017 - pool-1-thread-1: End of task -> TASK DI PROVA
LOGGER (Server): Sun Jun 18 12:53:19 CEST 2017 - pool-1-thread-4: End of task -> TASK DI PROVA
LOGGER (Server): Sun Jun 18 12:53:20 CEST 2017 - pool-1-thread-5: End of task -> TASK DI PROVA
LOGGER (Server): Sun Jun 18 12:53:24 CEST 2017 - pool-1-thread-5: Start task -> TASK DI PROVA
LOGGER (Server): Sun Jun 18 12:53:25 CEST 2017 - pool-1-thread-4: Start task -> TASK DI PROVA
LOGGER (Server): Sun Jun 18 12:53:26 CEST 2017 - pool-1-thread-1: Start task -> TASK DI PROVA
LOGGER (Server): Sun Jun 18 12:53:27 CEST 2017 - pool-1-thread-3: Start task -> TASK DI PROVA
LOGGER (Server): Sun Jun 18 12:53:28 CEST 2017 - pool-1-thread-2: Start task -> TASK DI PROVA
LOGGER (Server): Sun Jun 18 12:53:28 CEST 2017 - pool-1-thread-6: Start task -> TASK DI PROVA
LOGGER (Server): Sun Jun 18 12:53:29 CEST 2017 - pool-1-thread-7: Start task -> TASK DI PROVA
LOGGER (Server): Sun Jun 18 12:53:30 CEST 2017 - pool-1-thread-8: Start task -> TASK DI PROVA
LOGGER (Server): Sun Jun 18 12:53:30 CEST 2017 - pool-1-thread-5: End of task -> TASK DI PROVA
LOGGER (Server): Sun Jun 18 12:53:30 CEST 2017 - pool-1-thread-5: Start task -> TASK DI PROVA
LOGGER (Server): Sun Jun 18 12:53:31 CEST 2017 - pool-1-thread-9: Start task -> TASK DI PROVA
LOGGER (Server): Sun Jun 18 12:53:31 CEST 2017 - pool-1-thread-10: Start task -> TASK DI PROVA
LOGGER (Server): Sun Jun 18 12:53:31 CEST 2017 - pool-1-thread-4: End of task -> TASK DI PROVA
LOGGER (Server): Sun Jun 18 12:53:31 CEST 2017 - pool-1-thread-4: Start task -> TASK DI PROVA
LOGGER (Server): Sun Jun 18 12:53:32 CEST 2017 - pool-1-thread-11: Start task -> TASK DI PROVA
LOGGER (Server): Sun Jun 18 12:53:32 CEST 2017 - pool-1-thread-12: Start task -> TASK DI PROVA
LOGGER (Server): Sun Jun 18 12:53:32 CEST 2017 - pool-1-thread-13: Start task -> TASK DI PROVA
LOGGER (Server): Sun Jun 18 12:53:32 CEST 2017 - pool-1-thread-1: End of task -> TASK DI PROVA
LOGGER (Server): Sun Jun 18 12:53:32 CEST 2017 - pool-1-thread-1: Start task -> TASK DI PROVA
LOGGER (Server): Sun Jun 18 12:53:33 CEST 2017 - pool-1-thread-14: Start task -> TASK DI PROVA
LOGGER (Server): Sun Jun 18 12:53:33 CEST 2017 - pool-1-thread-15: Start task -> TASK DI PROVA
LOGGER (Server): Sun Jun 18 12:53:33 CEST 2017 - pool-1-thread-3: End of task -> TASK DI PROVA
LOGGER (Server): Sun Jun 18 12:53:33 CEST 2017 - pool-1-thread-3: Start task -> TASK DI PROVA
LOGGER (Server): Sun Jun 18 12:53:33 CEST 2017 - pool-1-thread-16: Start task -> TASK DI PROVA
LOGGER (Server): Sun Jun 18 12:53:34 CEST 2017 - pool-1-thread-2: End of task -> TASK DI PROVA
LOGGER (Server): Sun Jun 18 12:53:34 CEST 2017 - pool-1-thread-2: Start task -> TASK DI PROVA
LOGGER (Server): Sun Jun 18 12:53:34 CEST 2017 - pool-1-thread-17: Start task -> TASK DI PROVA
LOGGER (Server): Sun Jun 18 12:53:34 CEST 2017 - pool-1-thread-18: Start task -> TASK DI PROVA
LOGGER (Server): Sun Jun 18 12:53:34 CEST 2017 - pool-1-thread-6: End of task -> TASK DI PROVA
LOGGER (Server): Sun Jun 18 12:53:34 CEST 2017 - pool-1-thread-6: Start task -> TASK DI PROVA
LOGGER (Server): Sun Jun 18 12:53:35 CEST 2017 - pool-1-thread-19: Start task -> TASK DI PROVA
LOGGER (Server): Sun Jun 18 12:53:35 CEST 2017 - pool-1-thread-20: Start task -> TASK DI PROVA
LOGGER (Server): Sun Jun 18 12:53:35 CEST 2017 - pool-1-thread-7: End of task -> TASK DI PROVA
LOGGER (Server): Sun Jun 18 12:53:35 CEST 2017 - pool-1-thread-7: Start task -> TASK DI PROVA
LOGGER (Server): Sun Jun 18 12:53:35 CEST 2017 - pool-1-thread-21: Start task -> TASK DI PROVA
LOGGER (Server): Sun Jun 18 12:53:36 CEST 2017 - pool-1-thread-22: Start task -> TASK DI PROVA
LOGGER (Server): Sun Jun 18 12:53:36 CEST 2017 - pool-1-thread-8: End of task -> TASK DI PROVA
LOGGER (Server): Sun Jun 18 12:53:36 CEST 2017 - pool-1-thread-8: Start task -> TASK DI PROVA
LOGGER (Server): Sun Jun 18 12:53:36 CEST 2017 - pool-1-thread-23: Start task -> TASK DI PROVA
LOGGER (Server): Sun Jun 18 12:53:36 CEST 2017 - pool-1-thread-24: Start task -> TASK DI PROVA
LOGGER (Server): Sun Jun 18 12:53:36 CEST 2017 - pool-1-thread-5: End of task -> TASK DI PROVA
LOGGER (Server): Sun Jun 18 12:53:36 CEST 2017 - pool-1-thread-5: Start task -> TASK DI PROVA
LOGGER (Server): Sun Jun 18 12:53:37 CEST 2017 - pool-1-thread-9: End of task -> TASK DI PROVA
LOGGER (Server): Sun Jun 18 12:53:37 CEST 2017 - pool-1-thread-25: Start task -> TASK DI PROVA
LOGGER (Server): Sun Jun 18 12:53:37 CEST 2017 - pool-1-thread-9: Start task -> TASK DI PROVA
LOGGER (Server): Sun Jun 18 12:53:37 CEST 2017 - pool-1-thread-26: Start task -> TASK DI PROVA
LOGGER (Server): Sun Jun 18 12:53:37 CEST 2017 - pool-1-thread-10: End of task -> TASK DI PROVA
LOGGER (Server): Sun Jun 18 12:53:37 CEST 2017 - pool-1-thread-10: Start task -> TASK DI PROVA
LOGGER (Server): Sun Jun 18 12:53:37 CEST 2017 - pool-1-thread-4: End of task -> TASK DI PROVA
LOGGER (Server): Sun Jun 18 12:53:38 CEST 2017 - pool-1-thread-11: End of task -> TASK DI PROVA
LOGGER (Server): Sun Jun 18 12:53:38 CEST 2017 - pool-1-thread-12: End of task -> TASK DI PROVA
LOGGER (Server): Sun Jun 18 12:53:38 CEST 2017 - pool-1-thread-13: End of task -> TASK DI PROVA
LOGGER (Server): Sun Jun 18 12:53:38 CEST 2017 - pool-1-thread-1: End of task -> TASK DI PROVA
LOGGER (Server): Sun Jun 18 12:53:39 CEST 2017 - pool-1-thread-14: End of task -> TASK DI PROVA
LOGGER (Server): Sun Jun 18 12:53:39 CEST 2017 - pool-1-thread-15: End of task -> TASK DI PROVA
LOGGER (Server): Sun Jun 18 12:53:39 CEST 2017 - pool-1-thread-3: End of task -> TASK DI PROVA
LOGGER (Server): Sun Jun 18 12:53:39 CEST 2017 - pool-1-thread-16: End of task -> TASK DI PROVA
LOGGER (Server): Sun Jun 18 12:53:40 CEST 2017 - pool-1-thread-2: End of task -> TASK DI PROVA
LOGGER (Server): Sun Jun 18 12:53:40 CEST 2017 - pool-1-thread-17: End of task -> TASK DI PROVA
LOGGER (Server): Sun Jun 18 12:53:40 CEST 2017 - pool-1-thread-18: End of task -> TASK DI PROVA
LOGGER (Server): Sun Jun 18 12:53:40 CEST 2017 - pool-1-thread-6: End of task -> TASK DI PROVA
LOGGER (Server): Sun Jun 18 12:53:41 CEST 2017 - pool-1-thread-19: End of task -> TASK DI PROVA
LOGGER (Server): Sun Jun 18 12:53:41 CEST 2017 - pool-1-thread-20: End of task -> TASK DI PROVA
LOGGER (Server): Sun Jun 18 12:53:41 CEST 2017 - pool-1-thread-7: End of task -> TASK DI PROVA
LOGGER (Server): Sun Jun 18 12:53:41 CEST 2017 - pool-1-thread-21: End of task -> TASK DI PROVA
LOGGER (Server): Sun Jun 18 12:53:42 CEST 2017 - pool-1-thread-22: End of task -> TASK DI PROVA
LOGGER (Server): Sun Jun 18 12:53:42 CEST 2017 - pool-1-thread-8: End of task -> TASK DI PROVA
LOGGER (Server): Sun Jun 18 12:53:42 CEST 2017 - pool-1-thread-23: End of task -> TASK DI PROVA
LOGGER (Server): Sun Jun 18 12:53:42 CEST 2017 - pool-1-thread-24: End of task -> TASK DI PROVA
LOGGER (Server): Sun Jun 18 12:53:42 CEST 2017 - pool-1-thread-5: End of task -> TASK DI PROVA
LOGGER (Server): Sun Jun 18 12:53:43 CEST 2017 - pool-1-thread-25: End of task -> TASK DI PROVA
LOGGER (Server): Sun Jun 18 12:53:43 CEST 2017 - pool-1-thread-9: End of task -> TASK DI PROVA
LOGGER (Server): Sun Jun 18 12:53:43 CEST 2017 - pool-1-thread-26: End of task -> TASK DI PROVA
LOGGER (Server): Sun Jun 18 12:53:43 CEST 2017 - pool-1-thread-10: End of task -> TASK DI PROVA
LOGGER (Server): Sun Jun 18 12:53:47 CEST 2017 - pool-1-thread-10: Start task -> TASK DI PROVA
LOGGER (Server): Sun Jun 18 12:53:48 CEST 2017 - pool-1-thread-26: Start task -> TASK DI PROVA
LOGGER (Server): Sun Jun 18 12:53:49 CEST 2017 - pool-1-thread-9: Start task -> TASK DI PROVA
LOGGER (Server): Sun Jun 18 12:53:49 CEST 2017 - pool-1-thread-25: Start task -> TASK DI PROVA
LOGGER (Server): Sun Jun 18 12:53:50 CEST 2017 - pool-1-thread-5: Start task -> TASK DI PROVA
LOGGER (Server): Sun Jun 18 12:53:50 CEST 2017 - pool-1-thread-24: Start task -> TASK DI PROVA
LOGGER (Server): Sun Jun 18 12:53:50 CEST 2017 - pool-1-thread-23: Start task -> TASK DI PROVA
LOGGER (Server): Sun Jun 18 12:53:51 CEST 2017 - pool-1-thread-8: Start task -> TASK DI PROVA
LOGGER (Server): Sun Jun 18 12:53:51 CEST 2017 - pool-1-thread-22: Start task -> TASK DI PROVA
LOGGER (Server): Sun Jun 18 12:53:51 CEST 2017 - pool-1-thread-21: Start task -> TASK DI PROVA
LOGGER (Server): Sun Jun 18 12:53:52 CEST 2017 - pool-1-thread-7: Start task -> TASK DI PROVA
LOGGER (Server): Sun Jun 18 12:53:52 CEST 2017 - pool-1-thread-20: Start task -> TASK DI PROVA
LOGGER (Server): Sun Jun 18 12:53:52 CEST 2017 - pool-1-thread-19: Start task -> TASK DI PROVA
LOGGER (Server): Sun Jun 18 12:53:52 CEST 2017 - pool-1-thread-6: Start task -> TASK DI PROVA
LOGGER (Server): Sun Jun 18 12:53:53 CEST 2017 - pool-1-thread-18: Start task -> TASK DI PROVA
LOGGER (Server): Sun Jun 18 12:53:53 CEST 2017 - pool-1-thread-10: End of task -> TASK DI PROVA
LOGGER (Server): Sun Jun 18 12:53:53 CEST 2017 - pool-1-thread-17: Start task -> TASK DI PROVA
LOGGER (Server): Sun Jun 18 12:53:53 CEST 2017 - pool-1-thread-10: Start task -> TASK DI PROVA
LOGGER (Server): Sun Jun 18 12:53:53 CEST 2017 - pool-1-thread-2: Start task -> TASK DI PROVA
LOGGER (Server): Sun Jun 18 12:53:54 CEST 2017 - pool-1-thread-16: Start task -> TASK DI PROVA
LOGGER (Server): Sun Jun 18 12:53:54 CEST 2017 - pool-1-thread-3: Start task -> TASK DI PROVA
LOGGER (Server): Sun Jun 18 12:53:54 CEST 2017 - pool-1-thread-15: Start task -> TASK DI PROVA
LOGGER (Server): Sun Jun 18 12:53:54 CEST 2017 - pool-1-thread-14: Start task -> TASK DI PROVA
LOGGER (Server): Sun Jun 18 12:53:54 CEST 2017 - pool-1-thread-26: End of task -> TASK DI PROVA
LOGGER (Server): Sun Jun 18 12:53:55 CEST 2017 - pool-1-thread-26: Start task -> TASK DI PROVA
LOGGER (Server): Sun Jun 18 12:53:55 CEST 2017 - pool-1-thread-1: Start task -> TASK DI PROVA
LOGGER (Server): Sun Jun 18 12:53:55 CEST 2017 - pool-1-thread-9: End of task -> TASK DI PROVA
LOGGER (Server): Sun Jun 18 12:53:55 CEST 2017 - pool-1-thread-9: Start task -> TASK DI PROVA
LOGGER (Server): Sun Jun 18 12:53:55 CEST 2017 - pool-1-thread-13: Start task -> TASK DI PROVA
LOGGER (Server): Sun Jun 18 12:53:55 CEST 2017 - pool-1-thread-25: End of task -> TASK DI PROVA
LOGGER (Server): Sun Jun 18 12:53:56 CEST 2017 - pool-1-thread-25: Start task -> TASK DI PROVA
LOGGER (Server): Sun Jun 18 12:53:56 CEST 2017 - pool-1-thread-5: End of task -> TASK DI PROVA
LOGGER (Server): Sun Jun 18 12:53:56 CEST 2017 - pool-1-thread-5: Start task -> TASK DI PROVA
LOGGER (Server): Sun Jun 18 12:53:56 CEST 2017 - pool-1-thread-12: Start task -> TASK DI PROVA
LOGGER (Server): Sun Jun 18 12:53:56 CEST 2017 - pool-1-thread-24: End of task -> TASK DI PROVA
LOGGER (Server): Sun Jun 18 12:53:56 CEST 2017 - pool-1-thread-23: End of task -> TASK DI PROVA
LOGGER (Server): Sun Jun 18 12:53:57 CEST 2017 - pool-1-thread-8: End of task -> TASK DI PROVA
LOGGER (Server): Sun Jun 18 12:53:57 CEST 2017 - pool-1-thread-22: End of task -> TASK DI PROVA
LOGGER (Server): Sun Jun 18 12:53:57 CEST 2017 - pool-1-thread-21: End of task -> TASK DI PROVA
LOGGER (Server): Sun Jun 18 12:53:58 CEST 2017 - pool-1-thread-7: End of task -> TASK DI PROVA
LOGGER (Server): Sun Jun 18 12:53:58 CEST 2017 - pool-1-thread-20: End of task -> TASK DI PROVA
LOGGER (Server): Sun Jun 18 12:53:58 CEST 2017 - pool-1-thread-19: End of task -> TASK DI PROVA
LOGGER (Server): Sun Jun 18 12:53:58 CEST 2017 - pool-1-thread-6: End of task -> TASK DI PROVA
LOGGER (Server): Sun Jun 18 12:53:59 CEST 2017 - pool-1-thread-18: End of task -> TASK DI PROVA
LOGGER (Server): Sun Jun 18 12:53:59 CEST 2017 - pool-1-thread-17: End of task -> TASK DI PROVA
LOGGER (Server): Sun Jun 18 12:53:59 CEST 2017 - pool-1-thread-10: End of task -> TASK DI PROVA
LOGGER (Server): Sun Jun 18 12:53:59 CEST 2017 - pool-1-thread-2: End of task -> TASK DI PROVA
LOGGER (Server): Sun Jun 18 12:54:00 CEST 2017 - pool-1-thread-16: End of task -> TASK DI PROVA
LOGGER (Server): Sun Jun 18 12:54:00 CEST 2017 - pool-1-thread-3: End of task -> TASK DI PROVA
LOGGER (Server): Sun Jun 18 12:54:00 CEST 2017 - pool-1-thread-15: End of task -> TASK DI PROVA
LOGGER (Server): Sun Jun 18 12:54:00 CEST 2017 - pool-1-thread-14: End of task -> TASK DI PROVA
LOGGER (Server): Sun Jun 18 12:54:01 CEST 2017 - pool-1-thread-26: End of task -> TASK DI PROVA
LOGGER (Server): Sun Jun 18 12:54:01 CEST 2017 - pool-1-thread-1: End of task -> TASK DI PROVA
LOGGER (Server): Sun Jun 18 12:54:01 CEST 2017 - pool-1-thread-9: End of task -> TASK DI PROVA
LOGGER (Server): Sun Jun 18 12:54:01 CEST 2017 - pool-1-thread-13: End of task -> TASK DI PROVA
LOGGER (Server): Sun Jun 18 12:54:02 CEST 2017 - pool-1-thread-25: End of task -> TASK DI PROVA
LOGGER (Server): Sun Jun 18 12:54:02 CEST 2017 - pool-1-thread-5: End of task -> TASK DI PROVA
LOGGER (Server): Sun Jun 18 12:54:02 CEST 2017 - pool-1-thread-12: End of task -> TASK DI PROVA
LOGGER (Server): Sun Jun 18 12:54:07 CEST 2017 - pool-1-thread-12: Start task -> TASK DI PROVA
LOGGER (Server): Sun Jun 18 12:54:07 CEST 2017 - pool-1-thread-5: Start task -> TASK DI PROVA
LOGGER (Server): Sun Jun 18 12:54:07 CEST 2017 - pool-1-thread-25: Start task -> TASK DI PROVA
LOGGER (Server): Sun Jun 18 12:54:07 CEST 2017 - pool-1-thread-13: Start task -> TASK DI PROVA
LOGGER (Server): Sun Jun 18 12:54:08 CEST 2017 - pool-1-thread-9: Start task -> TASK DI PROVA
LOGGER (Server): Sun Jun 18 12:54:08 CEST 2017 - pool-1-thread-1: Start task -> TASK DI PROVA
LOGGER (Server): Sun Jun 18 12:54:08 CEST 2017 - pool-1-thread-26: Start task -> TASK DI PROVA
LOGGER (Server): Sun Jun 18 12:54:09 CEST 2017 - pool-1-thread-14: Start task -> TASK DI PROVA
LOGGER (Server): Sun Jun 18 12:54:09 CEST 2017 - pool-1-thread-15: Start task -> TASK DI PROVA
LOGGER (Server): Sun Jun 18 12:54:09 CEST 2017 - pool-1-thread-3: Start task -> TASK DI PROVA
LOGGER (Server): Sun Jun 18 12:54:09 CEST 2017 - pool-1-thread-16: Start task -> TASK DI PROVA
LOGGER (Server): Sun Jun 18 12:54:10 CEST 2017 - pool-1-thread-2: Start task -> TASK DI PROVA
LOGGER (Server): Sun Jun 18 12:54:10 CEST 2017 - pool-1-thread-10: Start task -> TASK DI PROVA
LOGGER (Server): Sun Jun 18 12:54:10 CEST 2017 - pool-1-thread-17: Start task -> TASK DI PROVA
LOGGER (Server): Sun Jun 18 12:54:11 CEST 2017 - pool-1-thread-18: Start task -> TASK DI PROVA
LOGGER (Server): Sun Jun 18 12:54:11 CEST 2017 - pool-1-thread-6: Start task -> TASK DI PROVA
LOGGER (Server): Sun Jun 18 12:54:11 CEST 2017 - pool-1-thread-19: Start task -> TASK DI PROVA
LOGGER (Server): Sun Jun 18 12:54:11 CEST 2017 - pool-1-thread-20: Start task -> TASK DI PROVA
LOGGER (Server): Sun Jun 18 12:54:12 CEST 2017 - pool-1-thread-7: Start task -> TASK DI PROVA
LOGGER (Server): Sun Jun 18 12:54:13 CEST 2017 - pool-1-thread-12: End of task -> TASK DI PROVA
LOGGER (Server): Sun Jun 18 12:54:13 CEST 2017 - pool-1-thread-5: End of task -> TASK DI PROVA
LOGGER (Server): Sun Jun 18 12:54:13 CEST 2017 - pool-1-thread-5: Start task -> TASK DI PROVA
LOGGER (Server): Sun Jun 18 12:54:13 CEST 2017 - pool-1-thread-25: End of task -> TASK DI PROVA
LOGGER (Server): Sun Jun 18 12:54:13 CEST 2017 - pool-1-thread-13: End of task -> TASK DI PROVA
LOGGER (Server): Sun Jun 18 12:54:14 CEST 2017 - pool-1-thread-9: End of task -> TASK DI PROVA
LOGGER (Server): Sun Jun 18 12:54:14 CEST 2017 - pool-1-thread-1: End of task -> TASK DI PROVA
LOGGER (Server): Sun Jun 18 12:54:14 CEST 2017 - pool-1-thread-26: End of task -> TASK DI PROVA
LOGGER (Server): Sun Jun 18 12:54:15 CEST 2017 - pool-1-thread-14: End of task -> TASK DI PROVA
LOGGER (Server): Sun Jun 18 12:54:15 CEST 2017 - pool-1-thread-15: End of task -> TASK DI PROVA
LOGGER (Server): Sun Jun 18 12:54:15 CEST 2017 - pool-1-thread-3: End of task -> TASK DI PROVA
LOGGER (Server): Sun Jun 18 12:54:15 CEST 2017 - pool-1-thread-16: End of task -> TASK DI PROVA
LOGGER (Server): Sun Jun 18 12:54:16 CEST 2017 - pool-1-thread-2: End of task -> TASK DI PROVA
LOGGER (Server): Sun Jun 18 12:54:16 CEST 2017 - pool-1-thread-10: End of task -> TASK DI PROVA
LOGGER (Server): Sun Jun 18 12:54:16 CEST 2017 - pool-1-thread-17: End of task -> TASK DI PROVA
LOGGER (Server): Sun Jun 18 12:54:17 CEST 2017 - pool-1-thread-18: End of task -> TASK DI PROVA
LOGGER (Server): Sun Jun 18 12:54:17 CEST 2017 - pool-1-thread-6: End of task -> TASK DI PROVA
LOGGER (Server): Sun Jun 18 12:54:17 CEST 2017 - pool-1-thread-19: End of task -> TASK DI PROVA
LOGGER (Server): Sun Jun 18 12:54:17 CEST 2017 - pool-1-thread-20: End of task -> TASK DI PROVA
LOGGER (Server): Sun Jun 18 12:54:18 CEST 2017 - pool-1-thread-7: End of task -> TASK DI PROVA
LOGGER (Server): Sun Jun 18 12:54:19 CEST 2017 - pool-1-thread-5: End of task -> TASK DI PROVA
LOGGER (Server): Sun Jun 18 13:01:17 CEST 2017 - Server starting ...
LOGGER (Server): Sun Jun 18 13:01:17 CEST 2017 - Auth Service running at 9999 port...
LOGGER (Server): Sun Jun 18 13:01:17 CEST 2017 - Server started
LOGGER (Server): Sun Jun 18 13:01:17 CEST 2017 - Game Service is running at 10000 port...
LOGGER (Server): Sun Jun 18 13:02:28 CEST 2017 - Server starting ...
LOGGER (Server): Sun Jun 18 13:02:29 CEST 2017 - Auth Service running at 9999 port...
LOGGER (Server): Sun Jun 18 13:02:29 CEST 2017 - Server started
LOGGER (Server): Sun Jun 18 13:02:29 CEST 2017 - Game Service is running at 10000 port...
LOGGER (Server): Sun Jun 18 13:02:36 CEST 2017 - Server starting ...
LOGGER (Server): Sun Jun 18 13:02:37 CEST 2017 - Auth Service running at 9999 port...
LOGGER (Server): Sun Jun 18 13:02:37 CEST 2017 - Server started
LOGGER (Server): Sun Jun 18 13:02:37 CEST 2017 - Game Service is running at 10000 port...
LOGGER (Server): Sun Jun 18 13:05:59 CEST 2017 - Server starting ...
LOGGER (Server): Sun Jun 18 13:06:00 CEST 2017 - Auth Service running at 9999 port...
LOGGER (Server): Sun Jun 18 13:06:00 CEST 2017 - Server started
LOGGER (Server): Sun Jun 18 13:06:00 CEST 2017 - Game Service is running at 10000 port...
LOGGER (Server): Sun Jun 18 13:15:56 CEST 2017 - Server starting ...
LOGGER (Server): Sun Jun 18 13:15:56 CEST 2017 - Auth Service running at 9999 port...
LOGGER (Server): Sun Jun 18 13:15:56 CEST 2017 - Server started
LOGGER (Server): Sun Jun 18 13:15:56 CEST 2017 - Game Service is running at 10000 port...
LOGGER (Server): Sun Jun 18 13:23:23 CEST 2017 - Server starting ...
LOGGER (Server): Sun Jun 18 13:23:23 CEST 2017 - Auth Service running at 9999 port...
LOGGER (Server): Sun Jun 18 13:23:23 CEST 2017 - Server started
LOGGER (Server): Sun Jun 18 13:23:23 CEST 2017 - Game Service is running at 10000 port...
LOGGER (Server): Sun Jun 18 13:24:29 CEST 2017 - Server starting ...
LOGGER (Server): Sun Jun 18 13:24:29 CEST 2017 - Auth Service running at 9999 port...
LOGGER (Server): Sun Jun 18 13:24:29 CEST 2017 - Server started
LOGGER (Server): Sun Jun 18 13:24:29 CEST 2017 - Game Service is running at 10000 port...
LOGGER (Server): Sun Jun 18 13:25:00 CEST 2017 - Server starting ...
LOGGER (Server): Sun Jun 18 13:25:00 CEST 2017 - Auth Service running at 9999 port...
LOGGER (Server): Sun Jun 18 13:25:00 CEST 2017 - Server started
LOGGER (Server): Sun Jun 18 13:25:00 CEST 2017 - Game Service is running at 10000 port...
LOGGER (Server): Sun Jun 18 13:26:03 CEST 2017 - Server starting ...
LOGGER (Server): Sun Jun 18 13:26:03 CEST 2017 - Auth Service running at 9999 port...
LOGGER (Server): Sun Jun 18 13:26:03 CEST 2017 - Server started
LOGGER (Server): Sun Jun 18 13:26:03 CEST 2017 - Game Service is running at 10000 port...
LOGGER (Server): Sun Jun 18 13:26:43 CEST 2017 - Server starting ...
LOGGER (Server): Sun Jun 18 13:26:43 CEST 2017 - Auth Service running at 9999 port...
LOGGER (Server): Sun Jun 18 13:26:43 CEST 2017 - Server started
LOGGER (Server): Sun Jun 18 13:26:43 CEST 2017 - Game Service is running at 10000 port...
LOGGER (Server): Sun Jun 18 13:31:09 CEST 2017 - Server starting ...
LOGGER (Server): Sun Jun 18 13:31:10 CEST 2017 - Auth Service running at 9999 port...
LOGGER (Server): Sun Jun 18 13:31:10 CEST 2017 - Server started
LOGGER (Server): Sun Jun 18 13:31:10 CEST 2017 - Game Service is running at 10000 port...
LOGGER (Server): Sun Jun 18 13:31:19 CEST 2017 - Server starting ...
LOGGER (Server): Sun Jun 18 13:31:19 CEST 2017 - Auth Service running at 9999 port...
LOGGER (Server): Sun Jun 18 13:31:19 CEST 2017 - Server started
LOGGER (Server): Sun Jun 18 13:31:19 CEST 2017 - Game Service is running at 10000 port...
LOGGER (Server): Sun Jun 18 13:31:39 CEST 2017 - Server starting ...
LOGGER (Server): Sun Jun 18 13:31:39 CEST 2017 - Auth Service running at 9999 port...
LOGGER (Server): Sun Jun 18 13:31:39 CEST 2017 - Server started
LOGGER (Server): Sun Jun 18 13:31:39 CEST 2017 - Game Service is running at 10000 port...
LOGGER (Server): Sun Jun 18 13:31:44 CEST 2017 - Server starting ...
LOGGER (Server): Sun Jun 18 13:31:44 CEST 2017 - Auth Service running at 9999 port...
LOGGER (Server): Sun Jun 18 13:31:51 CEST 2017 - Server starting ...
LOGGER (Server): Sun Jun 18 13:31:52 CEST 2017 - Auth Service running at 9999 port...
LOGGER (Server): Sun Jun 18 13:31:52 CEST 2017 - Server started
LOGGER (Server): Sun Jun 18 13:31:52 CEST 2017 - Game Service is running at 10000 port...
LOGGER (Server): Sun Jun 18 13:37:35 CEST 2017 - Server starting ...
LOGGER (Server): Sun Jun 18 13:37:35 CEST 2017 - Auth Service running at 9999 port...
LOGGER (Server): Sun Jun 18 13:37:35 CEST 2017 - Server started
LOGGER (Server): Sun Jun 18 13:37:35 CEST 2017 - Game Service is running at 10000 port...
LOGGER (Server): Sun Jun 18 13:47:32 CEST 2017 - Server starting ...
LOGGER (Server): Sun Jun 18 13:47:32 CEST 2017 - Auth Service running at 9999 port...
LOGGER (Server): Sun Jun 18 13:47:32 CEST 2017 - Server started
LOGGER (Server): Sun Jun 18 13:48:00 CEST 2017 - Server starting ...
LOGGER (Server): Sun Jun 18 13:48:01 CEST 2017 - Auth Service running at 9999 port...
LOGGER (Server): Sun Jun 18 13:48:01 CEST 2017 - Server started
LOGGER (Server): Sun Jun 18 13:49:08 CEST 2017 - Server starting ...
LOGGER (Server): Sun Jun 18 13:49:09 CEST 2017 - Auth Service running at 9999 port...
LOGGER (Server): Sun Jun 18 13:49:09 CEST 2017 - Server started
LOGGER (Server): Sun Jun 18 13:52:56 CEST 2017 - Server starting ...
LOGGER (Server): Sun Jun 18 13:52:56 CEST 2017 - Auth Service running at 9999 port...
LOGGER (Server): Sun Jun 18 13:52:56 CEST 2017 - Server started
LOGGER (Server): Sun Jun 18 14:07:50 CEST 2017 - Server starting ...
LOGGER (Server): Sun Jun 18 14:07:50 CEST 2017 - Auth Service running at 9999 port...
LOGGER (Server): Sun Jun 18 14:07:50 CEST 2017 - Server started
LOGGER (Server): Sun Jun 18 14:08:35 CEST 2017 - Server starting ...
LOGGER (Server): Sun Jun 18 14:08:35 CEST 2017 - Auth Service running at 9999 port...
LOGGER (Server): Sun Jun 18 14:08:35 CEST 2017 - Server started
LOGGER (Server): Sun Jun 18 14:12:33 CEST 2017 - Server starting ...
LOGGER (Server): Sun Jun 18 14:12:33 CEST 2017 - Auth Service running at 9999 port...
LOGGER (Server): Sun Jun 18 14:12:33 CEST 2017 - Server started
LOGGER (Server): Sun Jun 18 14:12:33 CEST 2017 - Game Service is running at 10000 port...
